CRITICAL - 2024-07-04 22:15:27 --> ErrorException: Undefined variable $current_uri
[Method: GET, Route: frontend]
in APPPATH\Views\frontend\template.php on line 53.
 1 APPPATH\Views\frontend\template.php(53): CodeIgniter\Debug\Exceptions->errorHandler(2, 'Undefined variable $current_uri', 'G:\\laragon\\www\\disnakerci4\\app\\Views\\frontend\\template.php', 53)
 2 SYSTEMPATH\View\View.php(234): include('G:\\laragon\\www\\disnakerci4\\app\\Views\\frontend\\template.php')
 3 SYSTEMPATH\View\View.php(237): CodeIgniter\View\View->CodeIgniter\View\{closure}()
 4 SYSTEMPATH\View\View.php(250): CodeIgniter\View\View->render('frontend/template', [], true)
 5 SYSTEMPATH\Common.php(1171): CodeIgniter\View\View->render('frontend/home', [], true)
 6 APPPATH\Controllers\Frontend.php(28): view('frontend/home', [...])
 7 APPPATH\Controllers\Frontend.php(11): App\Controllers\Frontend->loadView('frontend/home', [...])
 8 SYSTEMPATH\CodeIgniter.php(933): App\Controllers\Frontend->index()
 9 SYSTEMPATH\CodeIgniter.php(509): CodeIgniter\CodeIgniter->runController(Object(App\Controllers\Frontend))
10 SYSTEMPATH\CodeIgniter.php(355): CodeIgniter\CodeIgniter->handleRequest(null, Object(Config\Cache), false)
11 SYSTEMPATH\Boot.php(325): CodeIgniter\CodeIgniter->run()
12 SYSTEMPATH\Boot.php(67): CodeIgniter\Boot::runCodeIgniter(Object(CodeIgniter\CodeIgniter))
13 FCPATH\index.php(56): CodeIgniter\Boot::bootWeb(Object(Config\Paths))
CRITICAL - 2024-07-04 22:15:37 --> ErrorException: Undefined variable $current_uri
[Method: GET, Route: frontend]
in APPPATH\Views\frontend\template.php on line 53.
 1 APPPATH\Views\frontend\template.php(53): CodeIgniter\Debug\Exceptions->errorHandler(2, 'Undefined variable $current_uri', 'G:\\laragon\\www\\disnakerci4\\app\\Views\\frontend\\template.php', 53)
 2 SYSTEMPATH\View\View.php(234): include('G:\\laragon\\www\\disnakerci4\\app\\Views\\frontend\\template.php')
 3 SYSTEMPATH\View\View.php(237): CodeIgniter\View\View->CodeIgniter\View\{closure}()
 4 SYSTEMPATH\View\View.php(250): CodeIgniter\View\View->render('frontend/template', [], true)
 5 SYSTEMPATH\Common.php(1171): CodeIgniter\View\View->render('frontend/home', [], true)
 6 APPPATH\Controllers\Frontend.php(28): view('frontend/home', [...])
 7 APPPATH\Controllers\Frontend.php(11): App\Controllers\Frontend->loadView('frontend/home', [...])
 8 SYSTEMPATH\CodeIgniter.php(933): App\Controllers\Frontend->index()
 9 SYSTEMPATH\CodeIgniter.php(509): CodeIgniter\CodeIgniter->runController(Object(App\Controllers\Frontend))
10 SYSTEMPATH\CodeIgniter.php(355): CodeIgniter\CodeIgniter->handleRequest(null, Object(Config\Cache), false)
11 SYSTEMPATH\Boot.php(325): CodeIgniter\CodeIgniter->run()
12 SYSTEMPATH\Boot.php(67): CodeIgniter\Boot::runCodeIgniter(Object(CodeIgniter\CodeIgniter))
13 FCPATH\index.php(56): CodeIgniter\Boot::bootWeb(Object(Config\Paths))
CRITICAL - 2024-07-04 22:16:53 --> ErrorException: Undefined variable $uri
[Method: GET, Route: frontend]
in APPPATH\Controllers\Frontend.php on line 9.
 1 APPPATH\Controllers\Frontend.php(9): CodeIgniter\Debug\Exceptions->errorHandler(2, 'Undefined variable $uri', 'G:\\laragon\\www\\disnakerci4\\app\\Controllers\\Frontend.php', 9)
 2 SYSTEMPATH\CodeIgniter.php(933): App\Controllers\Frontend->index()
 3 SYSTEMPATH\CodeIgniter.php(509): CodeIgniter\CodeIgniter->runController(Object(App\Controllers\Frontend))
 4 SYSTEMPATH\CodeIgniter.php(355): CodeIgniter\CodeIgniter->handleRequest(null, Object(Config\Cache), false)
 5 SYSTEMPATH\Boot.php(325): CodeIgniter\CodeIgniter->run()
 6 SYSTEMPATH\Boot.php(67): CodeIgniter\Boot::runCodeIgniter(Object(CodeIgniter\CodeIgniter))
 7 FCPATH\index.php(56): CodeIgniter\Boot::bootWeb(Object(Config\Paths))
CRITICAL - 2024-07-04 22:22:35 --> CodeIgniter\HTTP\Exceptions\HTTPException: Request URI segment is out of range: "3"
[Method: GET, Route: frontend]
in SYSTEMPATH\HTTP\URI.php on line 565.
 1 SYSTEMPATH\HTTP\URI.php(565): CodeIgniter\HTTP\Exceptions\HTTPException::forURISegmentOutOfRange(3)
 2 APPPATH\Controllers\Frontend.php(10): CodeIgniter\HTTP\URI->getSegment(3)
 3 SYSTEMPATH\CodeIgniter.php(933): App\Controllers\Frontend->index()
 4 SYSTEMPATH\CodeIgniter.php(509): CodeIgniter\CodeIgniter->runController(Object(App\Controllers\Frontend))
 5 SYSTEMPATH\CodeIgniter.php(355): CodeIgniter\CodeIgniter->handleRequest(null, Object(Config\Cache), false)
 6 SYSTEMPATH\Boot.php(325): CodeIgniter\CodeIgniter->run()
 7 SYSTEMPATH\Boot.php(67): CodeIgniter\Boot::runCodeIgniter(Object(CodeIgniter\CodeIgniter))
 8 FCPATH\index.php(56): CodeIgniter\Boot::bootWeb(Object(Config\Paths))
CRITICAL - 2024-07-04 23:33:00 --> ErrorException: Undefined variable $current_uri
[Method: GET, Route: frontend/pengumuman]
in APPPATH\Views\frontend\template.php on line 53.
 1 APPPATH\Views\frontend\template.php(53): CodeIgniter\Debug\Exceptions->errorHandler(2, 'Undefined variable $current_uri', 'G:\\laragon\\www\\disnakerci4\\app\\Views\\frontend\\template.php', 53)
 2 SYSTEMPATH\View\View.php(234): include('G:\\laragon\\www\\disnakerci4\\app\\Views\\frontend\\template.php')
 3 SYSTEMPATH\View\View.php(237): CodeIgniter\View\View->CodeIgniter\View\{closure}()
 4 SYSTEMPATH\View\View.php(250): CodeIgniter\View\View->render('frontend/template', [], true)
 5 SYSTEMPATH\Common.php(1171): CodeIgniter\View\View->render('frontend/pengumuman', [], true)
 6 APPPATH\Controllers\Frontend.php(69): view('frontend/pengumuman', [...])
 7 APPPATH\Controllers\Frontend.php(42): App\Controllers\Frontend->loadView('frontend/pengumuman', [...])
 8 SYSTEMPATH\CodeIgniter.php(933): App\Controllers\Frontend->pengumuman()
 9 SYSTEMPATH\CodeIgniter.php(509): CodeIgniter\CodeIgniter->runController(Object(App\Controllers\Frontend))
10 SYSTEMPATH\CodeIgniter.php(355): CodeIgniter\CodeIgniter->handleRequest(null, Object(Config\Cache), false)
11 SYSTEMPATH\Boot.php(325): CodeIgniter\CodeIgniter->run()
12 SYSTEMPATH\Boot.php(67): CodeIgniter\Boot::runCodeIgniter(Object(CodeIgniter\CodeIgniter))
13 FCPATH\index.php(56): CodeIgniter\Boot::bootWeb(Object(Config\Paths))
CRITICAL - 2024-07-04 23:54:30 --> CodeIgniter\HTTP\Exceptions\HTTPException: Request URI segment is out of range: "2"
[Method: GET, Route: /]
in SYSTEMPATH\HTTP\URI.php on line 565.
 1 SYSTEMPATH\HTTP\URI.php(565): CodeIgniter\HTTP\Exceptions\HTTPException::forURISegmentOutOfRange(2)
 2 APPPATH\Controllers\Frontend.php(66): CodeIgniter\HTTP\URI->getSegment(2)
 3 APPPATH\Controllers\Frontend.php(11): App\Controllers\Frontend->loadView('frontend/home', [...])
 4 SYSTEMPATH\CodeIgniter.php(933): App\Controllers\Frontend->index()
 5 SYSTEMPATH\CodeIgniter.php(509): CodeIgniter\CodeIgniter->runController(Object(App\Controllers\Frontend))
 6 SYSTEMPATH\CodeIgniter.php(355): CodeIgniter\CodeIgniter->handleRequest(null, Object(Config\Cache), false)
 7 SYSTEMPATH\Boot.php(325): CodeIgniter\CodeIgniter->run()
 8 SYSTEMPATH\Boot.php(67): CodeIgniter\Boot::runCodeIgniter(Object(CodeIgniter\CodeIgniter))
 9 FCPATH\index.php(56): CodeIgniter\Boot::bootWeb(Object(Config\Paths))
CRITICAL - 2024-07-04 23:55:06 --> CodeIgniter\HTTP\Exceptions\HTTPException: Request URI segment is out of range: "2"
[Method: GET, Route: /]
in SYSTEMPATH\HTTP\URI.php on line 565.
 1 SYSTEMPATH\HTTP\URI.php(565): CodeIgniter\HTTP\Exceptions\HTTPException::forURISegmentOutOfRange(2)
 2 APPPATH\Controllers\Frontend.php(66): CodeIgniter\HTTP\URI->getSegment(2)
 3 APPPATH\Controllers\Frontend.php(11): App\Controllers\Frontend->loadView('frontend/home', [...])
 4 SYSTEMPATH\CodeIgniter.php(933): App\Controllers\Frontend->index()
 5 SYSTEMPATH\CodeIgniter.php(509): CodeIgniter\CodeIgniter->runController(Object(App\Controllers\Frontend))
 6 SYSTEMPATH\CodeIgniter.php(355): CodeIgniter\CodeIgniter->handleRequest(null, Object(Config\Cache), false)
 7 SYSTEMPATH\Boot.php(325): CodeIgniter\CodeIgniter->run()
 8 SYSTEMPATH\Boot.php(67): CodeIgniter\Boot::runCodeIgniter(Object(CodeIgniter\CodeIgniter))
 9 FCPATH\index.php(56): CodeIgniter\Boot::bootWeb(Object(Config\Paths))
CRITICAL - 2024-07-04 23:55:07 --> CodeIgniter\HTTP\Exceptions\HTTPException: Request URI segment is out of range: "2"
[Method: GET, Route: /]
in SYSTEMPATH\HTTP\URI.php on line 565.
 1 SYSTEMPATH\HTTP\URI.php(565): CodeIgniter\HTTP\Exceptions\HTTPException::forURISegmentOutOfRange(2)
 2 APPPATH\Controllers\Frontend.php(66): CodeIgniter\HTTP\URI->getSegment(2)
 3 APPPATH\Controllers\Frontend.php(11): App\Controllers\Frontend->loadView('frontend/home', [...])
 4 SYSTEMPATH\CodeIgniter.php(933): App\Controllers\Frontend->index()
 5 SYSTEMPATH\CodeIgniter.php(509): CodeIgniter\CodeIgniter->runController(Object(App\Controllers\Frontend))
 6 SYSTEMPATH\CodeIgniter.php(355): CodeIgniter\CodeIgniter->handleRequest(null, Object(Config\Cache), false)
 7 SYSTEMPATH\Boot.php(325): CodeIgniter\CodeIgniter->run()
 8 SYSTEMPATH\Boot.php(67): CodeIgniter\Boot::runCodeIgniter(Object(CodeIgniter\CodeIgniter))
 9 FCPATH\index.php(56): CodeIgniter\Boot::bootWeb(Object(Config\Paths))
CRITICAL - 2024-07-04 23:55:07 --> CodeIgniter\HTTP\Exceptions\HTTPException: Request URI segment is out of range: "2"
[Method: GET, Route: /]
in SYSTEMPATH\HTTP\URI.php on line 565.
 1 SYSTEMPATH\HTTP\URI.php(565): CodeIgniter\HTTP\Exceptions\HTTPException::forURISegmentOutOfRange(2)
 2 APPPATH\Controllers\Frontend.php(66): CodeIgniter\HTTP\URI->getSegment(2)
 3 APPPATH\Controllers\Frontend.php(11): App\Controllers\Frontend->loadView('frontend/home', [...])
 4 SYSTEMPATH\CodeIgniter.php(933): App\Controllers\Frontend->index()
 5 SYSTEMPATH\CodeIgniter.php(509): CodeIgniter\CodeIgniter->runController(Object(App\Controllers\Frontend))
 6 SYSTEMPATH\CodeIgniter.php(355): CodeIgniter\CodeIgniter->handleRequest(null, Object(Config\Cache), false)
 7 SYSTEMPATH\Boot.php(325): CodeIgniter\CodeIgniter->run()
 8 SYSTEMPATH\Boot.php(67): CodeIgniter\Boot::runCodeIgniter(Object(CodeIgniter\CodeIgniter))
 9 FCPATH\index.php(56): CodeIgniter\Boot::bootWeb(Object(Config\Paths))
CRITICAL - 2024-07-04 23:55:08 --> CodeIgniter\HTTP\Exceptions\HTTPException: Request URI segment is out of range: "2"
[Method: GET, Route: /]
in SYSTEMPATH\HTTP\URI.php on line 565.
 1 SYSTEMPATH\HTTP\URI.php(565): CodeIgniter\HTTP\Exceptions\HTTPException::forURISegmentOutOfRange(2)
 2 APPPATH\Controllers\Frontend.php(66): CodeIgniter\HTTP\URI->getSegment(2)
 3 APPPATH\Controllers\Frontend.php(11): App\Controllers\Frontend->loadView('frontend/home', [...])
 4 SYSTEMPATH\CodeIgniter.php(933): App\Controllers\Frontend->index()
 5 SYSTEMPATH\CodeIgniter.php(509): CodeIgniter\CodeIgniter->runController(Object(App\Controllers\Frontend))
 6 SYSTEMPATH\CodeIgniter.php(355): CodeIgniter\CodeIgniter->handleRequest(null, Object(Config\Cache), false)
 7 SYSTEMPATH\Boot.php(325): CodeIgniter\CodeIgniter->run()
 8 SYSTEMPATH\Boot.php(67): CodeIgniter\Boot::runCodeIgniter(Object(CodeIgniter\CodeIgniter))
 9 FCPATH\index.php(56): CodeIgniter\Boot::bootWeb(Object(Config\Paths))
CRITICAL - 2024-07-04 23:55:32 --> CodeIgniter\HTTP\Exceptions\HTTPException: Request URI segment is out of range: "2"
[Method: GET, Route: /]
in SYSTEMPATH\HTTP\URI.php on line 565.
 1 SYSTEMPATH\HTTP\URI.php(565): CodeIgniter\HTTP\Exceptions\HTTPException::forURISegmentOutOfRange(2)
 2 APPPATH\Controllers\Frontend.php(66): CodeIgniter\HTTP\URI->getSegment(2)
 3 APPPATH\Controllers\Frontend.php(11): App\Controllers\Frontend->loadView('frontend/home', [...])
 4 SYSTEMPATH\CodeIgniter.php(933): App\Controllers\Frontend->index()
 5 SYSTEMPATH\CodeIgniter.php(509): CodeIgniter\CodeIgniter->runController(Object(App\Controllers\Frontend))
 6 SYSTEMPATH\CodeIgniter.php(355): CodeIgniter\CodeIgniter->handleRequest(null, Object(Config\Cache), false)
 7 SYSTEMPATH\Boot.php(325): CodeIgniter\CodeIgniter->run()
 8 SYSTEMPATH\Boot.php(67): CodeIgniter\Boot::runCodeIgniter(Object(CodeIgniter\CodeIgniter))
 9 FCPATH\index.php(56): CodeIgniter\Boot::bootWeb(Object(Config\Paths))
CRITICAL - 2024-07-04 23:55:57 --> CodeIgniter\HTTP\Exceptions\HTTPException: Request URI segment is out of range: "2"
[Method: GET, Route: /]
in SYSTEMPATH\HTTP\URI.php on line 565.
 1 SYSTEMPATH\HTTP\URI.php(565): CodeIgniter\HTTP\Exceptions\HTTPException::forURISegmentOutOfRange(2)
 2 APPPATH\Controllers\Frontend.php(66): CodeIgniter\HTTP\URI->getSegment(2)
 3 APPPATH\Controllers\Frontend.php(11): App\Controllers\Frontend->loadView('frontend/home', [...])
 4 SYSTEMPATH\CodeIgniter.php(933): App\Controllers\Frontend->index()
 5 SYSTEMPATH\CodeIgniter.php(509): CodeIgniter\CodeIgniter->runController(Object(App\Controllers\Frontend))
 6 SYSTEMPATH\CodeIgniter.php(355): CodeIgniter\CodeIgniter->handleRequest(null, Object(Config\Cache), false)
 7 SYSTEMPATH\Boot.php(325): CodeIgniter\CodeIgniter->run()
 8 SYSTEMPATH\Boot.php(67): CodeIgniter\Boot::runCodeIgniter(Object(CodeIgniter\CodeIgniter))
 9 FCPATH\index.php(56): CodeIgniter\Boot::bootWeb(Object(Config\Paths))
CRITICAL - 2024-07-04 23:57:04 --> CodeIgniter\HTTP\Exceptions\HTTPException: Request URI segment is out of range: "2"
[Method: GET, Route: /]
in SYSTEMPATH\HTTP\URI.php on line 565.
 1 SYSTEMPATH\HTTP\URI.php(565): CodeIgniter\HTTP\Exceptions\HTTPException::forURISegmentOutOfRange(2)
 2 APPPATH\Controllers\Frontend.php(66): CodeIgniter\HTTP\URI->getSegment(2)
 3 APPPATH\Controllers\Frontend.php(11): App\Controllers\Frontend->loadView('frontend/home', [...])
 4 SYSTEMPATH\CodeIgniter.php(933): App\Controllers\Frontend->index()
 5 SYSTEMPATH\CodeIgniter.php(509): CodeIgniter\CodeIgniter->runController(Object(App\Controllers\Frontend))
 6 SYSTEMPATH\CodeIgniter.php(355): CodeIgniter\CodeIgniter->handleRequest(null, Object(Config\Cache), false)
 7 SYSTEMPATH\Boot.php(325): CodeIgniter\CodeIgniter->run()
 8 SYSTEMPATH\Boot.php(67): CodeIgniter\Boot::runCodeIgniter(Object(CodeIgniter\CodeIgniter))
 9 FCPATH\index.php(56): CodeIgniter\Boot::bootWeb(Object(Config\Paths))
CRITICAL - 2024-07-04 23:57:07 --> CodeIgniter\HTTP\Exceptions\HTTPException: Request URI segment is out of range: "2"
[Method: GET, Route: /]
in SYSTEMPATH\HTTP\URI.php on line 565.
 1 SYSTEMPATH\HTTP\URI.php(565): CodeIgniter\HTTP\Exceptions\HTTPException::forURISegmentOutOfRange(2)
 2 APPPATH\Controllers\Frontend.php(66): CodeIgniter\HTTP\URI->getSegment(2)
 3 APPPATH\Controllers\Frontend.php(11): App\Controllers\Frontend->loadView('frontend/home', [...])
 4 SYSTEMPATH\CodeIgniter.php(933): App\Controllers\Frontend->index()
 5 SYSTEMPATH\CodeIgniter.php(509): CodeIgniter\CodeIgniter->runController(Object(App\Controllers\Frontend))
 6 SYSTEMPATH\CodeIgniter.php(355): CodeIgniter\CodeIgniter->handleRequest(null, Object(Config\Cache), false)
 7 SYSTEMPATH\Boot.php(325): CodeIgniter\CodeIgniter->run()
 8 SYSTEMPATH\Boot.php(67): CodeIgniter\Boot::runCodeIgniter(Object(CodeIgniter\CodeIgniter))
 9 FCPATH\index.php(56): CodeIgniter\Boot::bootWeb(Object(Config\Paths))
CRITICAL - 2024-07-04 23:57:07 --> CodeIgniter\HTTP\Exceptions\HTTPException: Request URI segment is out of range: "2"
[Method: GET, Route: /]
in SYSTEMPATH\HTTP\URI.php on line 565.
 1 SYSTEMPATH\HTTP\URI.php(565): CodeIgniter\HTTP\Exceptions\HTTPException::forURISegmentOutOfRange(2)
 2 APPPATH\Controllers\Frontend.php(66): CodeIgniter\HTTP\URI->getSegment(2)
 3 APPPATH\Controllers\Frontend.php(11): App\Controllers\Frontend->loadView('frontend/home', [...])
 4 SYSTEMPATH\CodeIgniter.php(933): App\Controllers\Frontend->index()
 5 SYSTEMPATH\CodeIgniter.php(509): CodeIgniter\CodeIgniter->runController(Object(App\Controllers\Frontend))
 6 SYSTEMPATH\CodeIgniter.php(355): CodeIgniter\CodeIgniter->handleRequest(null, Object(Config\Cache), false)
 7 SYSTEMPATH\Boot.php(325): CodeIgniter\CodeIgniter->run()
 8 SYSTEMPATH\Boot.php(67): CodeIgniter\Boot::runCodeIgniter(Object(CodeIgniter\CodeIgniter))
 9 FCPATH\index.php(56): CodeIgniter\Boot::bootWeb(Object(Config\Paths))
CRITICAL - 2024-07-04 23:57:08 --> CodeIgniter\HTTP\Exceptions\HTTPException: Request URI segment is out of range: "2"
[Method: GET, Route: /]
in SYSTEMPATH\HTTP\URI.php on line 565.
 1 SYSTEMPATH\HTTP\URI.php(565): CodeIgniter\HTTP\Exceptions\HTTPException::forURISegmentOutOfRange(2)
 2 APPPATH\Controllers\Frontend.php(66): CodeIgniter\HTTP\URI->getSegment(2)
 3 APPPATH\Controllers\Frontend.php(11): App\Controllers\Frontend->loadView('frontend/home', [...])
 4 SYSTEMPATH\CodeIgniter.php(933): App\Controllers\Frontend->index()
 5 SYSTEMPATH\CodeIgniter.php(509): CodeIgniter\CodeIgniter->runController(Object(App\Controllers\Frontend))
 6 SYSTEMPATH\CodeIgniter.php(355): CodeIgniter\CodeIgniter->handleRequest(null, Object(Config\Cache), false)
 7 SYSTEMPATH\Boot.php(325): CodeIgniter\CodeIgniter->run()
 8 SYSTEMPATH\Boot.php(67): CodeIgniter\Boot::runCodeIgniter(Object(CodeIgniter\CodeIgniter))
 9 FCPATH\index.php(56): CodeIgniter\Boot::bootWeb(Object(Config\Paths))
CRITICAL - 2024-07-04 23:57:08 --> CodeIgniter\HTTP\Exceptions\HTTPException: Request URI segment is out of range: "2"
[Method: GET, Route: /]
in SYSTEMPATH\HTTP\URI.php on line 565.
 1 SYSTEMPATH\HTTP\URI.php(565): CodeIgniter\HTTP\Exceptions\HTTPException::forURISegmentOutOfRange(2)
 2 APPPATH\Controllers\Frontend.php(66): CodeIgniter\HTTP\URI->getSegment(2)
 3 APPPATH\Controllers\Frontend.php(11): App\Controllers\Frontend->loadView('frontend/home', [...])
 4 SYSTEMPATH\CodeIgniter.php(933): App\Controllers\Frontend->index()
 5 SYSTEMPATH\CodeIgniter.php(509): CodeIgniter\CodeIgniter->runController(Object(App\Controllers\Frontend))
 6 SYSTEMPATH\CodeIgniter.php(355): CodeIgniter\CodeIgniter->handleRequest(null, Object(Config\Cache), false)
 7 SYSTEMPATH\Boot.php(325): CodeIgniter\CodeIgniter->run()
 8 SYSTEMPATH\Boot.php(67): CodeIgniter\Boot::runCodeIgniter(Object(CodeIgniter\CodeIgniter))
 9 FCPATH\index.php(56): CodeIgniter\Boot::bootWeb(Object(Config\Paths))
CRITICAL - 2024-07-04 23:59:31 --> ErrorException: Undefined array key "segment_0"
[Method: GET, Route: /]
in APPPATH\Views\frontend\template.php on line 53.
 1 APPPATH\Views\frontend\template.php(53): CodeIgniter\Debug\Exceptions->errorHandler(2, 'Undefined array key "segment_0"', 'G:\\laragon\\www\\disnakerci4\\app\\Views\\frontend\\template.php', 53)
 2 SYSTEMPATH\View\View.php(234): include('G:\\laragon\\www\\disnakerci4\\app\\Views\\frontend\\template.php')
 3 SYSTEMPATH\View\View.php(237): CodeIgniter\View\View->CodeIgniter\View\{closure}()
 4 SYSTEMPATH\View\View.php(250): CodeIgniter\View\View->render('frontend/template', [], true)
 5 SYSTEMPATH\Common.php(1171): CodeIgniter\View\View->render('frontend/home', [], true)
 6 APPPATH\Controllers\Frontend.php(72): view('frontend/home', [...])
 7 APPPATH\Controllers\Frontend.php(11): App\Controllers\Frontend->loadView('frontend/home', [...])
 8 SYSTEMPATH\CodeIgniter.php(933): App\Controllers\Frontend->index()
 9 SYSTEMPATH\CodeIgniter.php(509): CodeIgniter\CodeIgniter->runController(Object(App\Controllers\Frontend))
10 SYSTEMPATH\CodeIgniter.php(355): CodeIgniter\CodeIgniter->handleRequest(null, Object(Config\Cache), false)
11 SYSTEMPATH\Boot.php(325): CodeIgniter\CodeIgniter->run()
12 SYSTEMPATH\Boot.php(67): CodeIgniter\Boot::runCodeIgniter(Object(CodeIgniter\CodeIgniter))
13 FCPATH\index.php(56): CodeIgniter\Boot::bootWeb(Object(Config\Paths))
