CRITICAL - 2024-07-09 00:26:22 --> ErrorException: Undefined variable $title
[Method: GET, Route: admin/pelatihan]
in APPPATH\Views\admin\template.php on line 7.
 1 APPPATH\Views\admin\template.php(7): CodeIgniter\Debug\Exceptions->errorHandler(2, 'Undefined variable $title', 'G:\\laragon\\www\\disnakerci4\\app\\Views\\admin\\template.php', 7)
 2 SYSTEMPATH\View\View.php(234): include('G:\\laragon\\www\\disnakerci4\\app\\Views\\admin\\template.php')
 3 SYSTEMPATH\View\View.php(237): CodeIgniter\View\View->CodeIgniter\View\{closure}()
 4 SYSTEMPATH\View\View.php(250): CodeIgniter\View\View->render('admin/template', [], true)
 5 SYSTEMPATH\Common.php(1171): CodeIgniter\View\View->render('admin/pelatihan', [], true)
 6 APPPATH\Controllers\Admin.php(601): view('admin/pelatihan', [...])
 7 APPPATH\Controllers\Admin.php(398): App\Controllers\Admin->loadView('admin/pelatihan')
 8 SYSTEMPATH\CodeIgniter.php(933): App\Controllers\Admin->pelatihan()
 9 SYSTEMPATH\CodeIgniter.php(509): CodeIgniter\CodeIgniter->runController(Object(App\Controllers\Admin))
10 SYSTEMPATH\CodeIgniter.php(355): CodeIgniter\CodeIgniter->handleRequest(null, Object(Config\Cache), false)
11 SYSTEMPATH\Boot.php(325): CodeIgniter\CodeIgniter->run()
12 SYSTEMPATH\Boot.php(67): CodeIgniter\Boot::runCodeIgniter(Object(CodeIgniter\CodeIgniter))
13 FCPATH\index.php(56): CodeIgniter\Boot::bootWeb(Object(Config\Paths))
CRITICAL - 2024-07-09 00:26:25 --> ErrorException: Undefined variable $title
[Method: GET, Route: admin/pelatihan]
in APPPATH\Views\admin\template.php on line 7.
 1 APPPATH\Views\admin\template.php(7): CodeIgniter\Debug\Exceptions->errorHandler(2, 'Undefined variable $title', 'G:\\laragon\\www\\disnakerci4\\app\\Views\\admin\\template.php', 7)
 2 SYSTEMPATH\View\View.php(234): include('G:\\laragon\\www\\disnakerci4\\app\\Views\\admin\\template.php')
 3 SYSTEMPATH\View\View.php(237): CodeIgniter\View\View->CodeIgniter\View\{closure}()
 4 SYSTEMPATH\View\View.php(250): CodeIgniter\View\View->render('admin/template', [], true)
 5 SYSTEMPATH\Common.php(1171): CodeIgniter\View\View->render('admin/pelatihan', [], true)
 6 APPPATH\Controllers\Admin.php(601): view('admin/pelatihan', [...])
 7 APPPATH\Controllers\Admin.php(398): App\Controllers\Admin->loadView('admin/pelatihan')
 8 SYSTEMPATH\CodeIgniter.php(933): App\Controllers\Admin->pelatihan()
 9 SYSTEMPATH\CodeIgniter.php(509): CodeIgniter\CodeIgniter->runController(Object(App\Controllers\Admin))
10 SYSTEMPATH\CodeIgniter.php(355): CodeIgniter\CodeIgniter->handleRequest(null, Object(Config\Cache), false)
11 SYSTEMPATH\Boot.php(325): CodeIgniter\CodeIgniter->run()
12 SYSTEMPATH\Boot.php(67): CodeIgniter\Boot::runCodeIgniter(Object(CodeIgniter\CodeIgniter))
13 FCPATH\index.php(56): CodeIgniter\Boot::bootWeb(Object(Config\Paths))
CRITICAL - 2024-07-09 00:27:10 --> ErrorException: Undefined variable $title
[Method: GET, Route: admin/pelatihan]
in APPPATH\Views\admin\template.php on line 7.
 1 APPPATH\Views\admin\template.php(7): CodeIgniter\Debug\Exceptions->errorHandler(2, 'Undefined variable $title', 'G:\\laragon\\www\\disnakerci4\\app\\Views\\admin\\template.php', 7)
 2 SYSTEMPATH\View\View.php(234): include('G:\\laragon\\www\\disnakerci4\\app\\Views\\admin\\template.php')
 3 SYSTEMPATH\View\View.php(237): CodeIgniter\View\View->CodeIgniter\View\{closure}()
 4 SYSTEMPATH\View\View.php(250): CodeIgniter\View\View->render('admin/template', [], true)
 5 SYSTEMPATH\Common.php(1171): CodeIgniter\View\View->render('admin/pelatihan', [], true)
 6 APPPATH\Controllers\Admin.php(601): view('admin/pelatihan', [...])
 7 APPPATH\Controllers\Admin.php(398): App\Controllers\Admin->loadView('admin/pelatihan')
 8 SYSTEMPATH\CodeIgniter.php(933): App\Controllers\Admin->pelatihan()
 9 SYSTEMPATH\CodeIgniter.php(509): CodeIgniter\CodeIgniter->runController(Object(App\Controllers\Admin))
10 SYSTEMPATH\CodeIgniter.php(355): CodeIgniter\CodeIgniter->handleRequest(null, Object(Config\Cache), false)
11 SYSTEMPATH\Boot.php(325): CodeIgniter\CodeIgniter->run()
12 SYSTEMPATH\Boot.php(67): CodeIgniter\Boot::runCodeIgniter(Object(CodeIgniter\CodeIgniter))
13 FCPATH\index.php(56): CodeIgniter\Boot::bootWeb(Object(Config\Paths))
CRITICAL - 2024-07-09 00:27:11 --> ErrorException: Undefined variable $title
[Method: GET, Route: admin/pelatihan]
in APPPATH\Views\admin\template.php on line 7.
 1 APPPATH\Views\admin\template.php(7): CodeIgniter\Debug\Exceptions->errorHandler(2, 'Undefined variable $title', 'G:\\laragon\\www\\disnakerci4\\app\\Views\\admin\\template.php', 7)
 2 SYSTEMPATH\View\View.php(234): include('G:\\laragon\\www\\disnakerci4\\app\\Views\\admin\\template.php')
 3 SYSTEMPATH\View\View.php(237): CodeIgniter\View\View->CodeIgniter\View\{closure}()
 4 SYSTEMPATH\View\View.php(250): CodeIgniter\View\View->render('admin/template', [], true)
 5 SYSTEMPATH\Common.php(1171): CodeIgniter\View\View->render('admin/pelatihan', [], true)
 6 APPPATH\Controllers\Admin.php(601): view('admin/pelatihan', [...])
 7 APPPATH\Controllers\Admin.php(398): App\Controllers\Admin->loadView('admin/pelatihan')
 8 SYSTEMPATH\CodeIgniter.php(933): App\Controllers\Admin->pelatihan()
 9 SYSTEMPATH\CodeIgniter.php(509): CodeIgniter\CodeIgniter->runController(Object(App\Controllers\Admin))
10 SYSTEMPATH\CodeIgniter.php(355): CodeIgniter\CodeIgniter->handleRequest(null, Object(Config\Cache), false)
11 SYSTEMPATH\Boot.php(325): CodeIgniter\CodeIgniter->run()
12 SYSTEMPATH\Boot.php(67): CodeIgniter\Boot::runCodeIgniter(Object(CodeIgniter\CodeIgniter))
13 FCPATH\index.php(56): CodeIgniter\Boot::bootWeb(Object(Config\Paths))
CRITICAL - 2024-07-09 00:46:33 --> ErrorException: Undefined variable $post
[Method: GET, Route: berita]
in APPPATH\Views\frontend\beritama.php on line 172.
 1 APPPATH\Views\frontend\beritama.php(172): CodeIgniter\Debug\Exceptions->errorHandler(2, 'Undefined variable $post', 'G:\\laragon\\www\\disnakerci4\\app\\Views\\frontend\\beritama.php', 172)
 2 SYSTEMPATH\View\View.php(234): include('G:\\laragon\\www\\disnakerci4\\app\\Views\\frontend\\beritama.php')
 3 SYSTEMPATH\View\View.php(237): CodeIgniter\View\View->CodeIgniter\View\{closure}()
 4 SYSTEMPATH\Common.php(1171): CodeIgniter\View\View->render('frontend/beritama', [], true)
 5 APPPATH\Controllers\Frontend.php(329): view('frontend/beritama', [...])
 6 APPPATH\Controllers\Frontend.php(174): App\Controllers\Frontend->loadView('frontend/beritama', [...])
 7 SYSTEMPATH\CodeIgniter.php(933): App\Controllers\Frontend->berita()
 8 SYSTEMPATH\CodeIgniter.php(509): CodeIgniter\CodeIgniter->runController(Object(App\Controllers\Frontend))
 9 SYSTEMPATH\CodeIgniter.php(355): CodeIgniter\CodeIgniter->handleRequest(null, Object(Config\Cache), false)
10 SYSTEMPATH\Boot.php(325): CodeIgniter\CodeIgniter->run()
11 SYSTEMPATH\Boot.php(67): CodeIgniter\Boot::runCodeIgniter(Object(CodeIgniter\CodeIgniter))
12 FCPATH\index.php(56): CodeIgniter\Boot::bootWeb(Object(Config\Paths))
CRITICAL - 2024-07-09 00:48:30 --> ErrorException: Attempt to read property "slug" on array
[Method: GET, Route: berita]
in APPPATH\Views\frontend\beritama.php on line 186.
 1 APPPATH\Views\frontend\beritama.php(186): CodeIgniter\Debug\Exceptions->errorHandler(2, 'Attempt to read property "slug" on array', 'G:\\laragon\\www\\disnakerci4\\app\\Views\\frontend\\beritama.php', 186)
 2 SYSTEMPATH\View\View.php(234): include('G:\\laragon\\www\\disnakerci4\\app\\Views\\frontend\\beritama.php')
 3 SYSTEMPATH\View\View.php(237): CodeIgniter\View\View->CodeIgniter\View\{closure}()
 4 SYSTEMPATH\Common.php(1171): CodeIgniter\View\View->render('frontend/beritama', [], true)
 5 APPPATH\Controllers\Frontend.php(329): view('frontend/beritama', [...])
 6 APPPATH\Controllers\Frontend.php(174): App\Controllers\Frontend->loadView('frontend/beritama', [...])
 7 SYSTEMPATH\CodeIgniter.php(933): App\Controllers\Frontend->berita()
 8 SYSTEMPATH\CodeIgniter.php(509): CodeIgniter\CodeIgniter->runController(Object(App\Controllers\Frontend))
 9 SYSTEMPATH\CodeIgniter.php(355): CodeIgniter\CodeIgniter->handleRequest(null, Object(Config\Cache), false)
10 SYSTEMPATH\Boot.php(325): CodeIgniter\CodeIgniter->run()
11 SYSTEMPATH\Boot.php(67): CodeIgniter\Boot::runCodeIgniter(Object(CodeIgniter\CodeIgniter))
12 FCPATH\index.php(56): CodeIgniter\Boot::bootWeb(Object(Config\Paths))
CRITICAL - 2024-07-09 00:54:06 --> Error: Call to undefined function tgl_indo()
[Method: GET, Route: berita]
in APPPATH\Views\frontend\beritama.php on line 177.
 1 SYSTEMPATH\View\View.php(234): include()
 2 SYSTEMPATH\View\View.php(237): CodeIgniter\View\View->CodeIgniter\View\{closure}()
 3 SYSTEMPATH\Common.php(1171): CodeIgniter\View\View->render('frontend/beritama', [], true)
 4 APPPATH\Controllers\Frontend.php(329): view('frontend/beritama', [...])
 5 APPPATH\Controllers\Frontend.php(174): App\Controllers\Frontend->loadView('frontend/beritama', [...])
 6 SYSTEMPATH\CodeIgniter.php(933): App\Controllers\Frontend->berita()
 7 SYSTEMPATH\CodeIgniter.php(509): CodeIgniter\CodeIgniter->runController(Object(App\Controllers\Frontend))
 8 SYSTEMPATH\CodeIgniter.php(355): CodeIgniter\CodeIgniter->handleRequest(null, Object(Config\Cache), false)
 9 SYSTEMPATH\Boot.php(325): CodeIgniter\CodeIgniter->run()
10 SYSTEMPATH\Boot.php(67): CodeIgniter\Boot::runCodeIgniter(Object(CodeIgniter\CodeIgniter))
11 FCPATH\index.php(56): CodeIgniter\Boot::bootWeb(Object(Config\Paths))
CRITICAL - 2024-07-09 00:55:14 --> Error: Call to undefined function tgl_indo()
[Method: GET, Route: berita]
in APPPATH\Views\frontend\beritama.php on line 177.
 1 SYSTEMPATH\View\View.php(234): include()
 2 SYSTEMPATH\View\View.php(237): CodeIgniter\View\View->CodeIgniter\View\{closure}()
 3 SYSTEMPATH\Common.php(1171): CodeIgniter\View\View->render('frontend/beritama', [], true)
 4 APPPATH\Controllers\Frontend.php(329): view('frontend/beritama', [...])
 5 APPPATH\Controllers\Frontend.php(174): App\Controllers\Frontend->loadView('frontend/beritama', [...])
 6 SYSTEMPATH\CodeIgniter.php(933): App\Controllers\Frontend->berita()
 7 SYSTEMPATH\CodeIgniter.php(509): CodeIgniter\CodeIgniter->runController(Object(App\Controllers\Frontend))
 8 SYSTEMPATH\CodeIgniter.php(355): CodeIgniter\CodeIgniter->handleRequest(null, Object(Config\Cache), false)
 9 SYSTEMPATH\Boot.php(325): CodeIgniter\CodeIgniter->run()
10 SYSTEMPATH\Boot.php(67): CodeIgniter\Boot::runCodeIgniter(Object(CodeIgniter\CodeIgniter))
11 FCPATH\index.php(56): CodeIgniter\Boot::bootWeb(Object(Config\Paths))
CRITICAL - 2024-07-09 00:55:23 --> Error: Call to undefined function tgl_indo()
[Method: GET, Route: berita]
in APPPATH\Views\frontend\beritama.php on line 177.
 1 SYSTEMPATH\View\View.php(234): include()
 2 SYSTEMPATH\View\View.php(237): CodeIgniter\View\View->CodeIgniter\View\{closure}()
 3 SYSTEMPATH\Common.php(1171): CodeIgniter\View\View->render('frontend/beritama', [], true)
 4 APPPATH\Controllers\Frontend.php(329): view('frontend/beritama', [...])
 5 APPPATH\Controllers\Frontend.php(174): App\Controllers\Frontend->loadView('frontend/beritama', [...])
 6 SYSTEMPATH\CodeIgniter.php(933): App\Controllers\Frontend->berita()
 7 SYSTEMPATH\CodeIgniter.php(509): CodeIgniter\CodeIgniter->runController(Object(App\Controllers\Frontend))
 8 SYSTEMPATH\CodeIgniter.php(355): CodeIgniter\CodeIgniter->handleRequest(null, Object(Config\Cache), false)
 9 SYSTEMPATH\Boot.php(325): CodeIgniter\CodeIgniter->run()
10 SYSTEMPATH\Boot.php(67): CodeIgniter\Boot::runCodeIgniter(Object(CodeIgniter\CodeIgniter))
11 FCPATH\index.php(56): CodeIgniter\Boot::bootWeb(Object(Config\Paths))
CRITICAL - 2024-07-09 00:55:24 --> Error: Call to undefined function tgl_indo()
[Method: GET, Route: berita]
in APPPATH\Views\frontend\beritama.php on line 177.
 1 SYSTEMPATH\View\View.php(234): include()
 2 SYSTEMPATH\View\View.php(237): CodeIgniter\View\View->CodeIgniter\View\{closure}()
 3 SYSTEMPATH\Common.php(1171): CodeIgniter\View\View->render('frontend/beritama', [], true)
 4 APPPATH\Controllers\Frontend.php(329): view('frontend/beritama', [...])
 5 APPPATH\Controllers\Frontend.php(174): App\Controllers\Frontend->loadView('frontend/beritama', [...])
 6 SYSTEMPATH\CodeIgniter.php(933): App\Controllers\Frontend->berita()
 7 SYSTEMPATH\CodeIgniter.php(509): CodeIgniter\CodeIgniter->runController(Object(App\Controllers\Frontend))
 8 SYSTEMPATH\CodeIgniter.php(355): CodeIgniter\CodeIgniter->handleRequest(null, Object(Config\Cache), false)
 9 SYSTEMPATH\Boot.php(325): CodeIgniter\CodeIgniter->run()
10 SYSTEMPATH\Boot.php(67): CodeIgniter\Boot::runCodeIgniter(Object(CodeIgniter\CodeIgniter))
11 FCPATH\index.php(56): CodeIgniter\Boot::bootWeb(Object(Config\Paths))
CRITICAL - 2024-07-09 00:58:04 --> Error: Call to undefined function tgl_indo()
[Method: GET, Route: berita]
in APPPATH\Views\frontend\beritama.php on line 177.
 1 SYSTEMPATH\View\View.php(234): include()
 2 SYSTEMPATH\View\View.php(237): CodeIgniter\View\View->CodeIgniter\View\{closure}()
 3 SYSTEMPATH\Common.php(1171): CodeIgniter\View\View->render('frontend/beritama', [], true)
 4 APPPATH\Controllers\Frontend.php(331): view('frontend/beritama', [...])
 5 APPPATH\Controllers\Frontend.php(176): App\Controllers\Frontend->loadView('frontend/beritama', [...])
 6 SYSTEMPATH\CodeIgniter.php(933): App\Controllers\Frontend->berita()
 7 SYSTEMPATH\CodeIgniter.php(509): CodeIgniter\CodeIgniter->runController(Object(App\Controllers\Frontend))
 8 SYSTEMPATH\CodeIgniter.php(355): CodeIgniter\CodeIgniter->handleRequest(null, Object(Config\Cache), false)
 9 SYSTEMPATH\Boot.php(325): CodeIgniter\CodeIgniter->run()
10 SYSTEMPATH\Boot.php(67): CodeIgniter\Boot::runCodeIgniter(Object(CodeIgniter\CodeIgniter))
11 FCPATH\index.php(56): CodeIgniter\Boot::bootWeb(Object(Config\Paths))
CRITICAL - 2024-07-09 00:58:05 --> Error: Call to undefined function tgl_indo()
[Method: GET, Route: berita]
in APPPATH\Views\frontend\beritama.php on line 177.
 1 SYSTEMPATH\View\View.php(234): include()
 2 SYSTEMPATH\View\View.php(237): CodeIgniter\View\View->CodeIgniter\View\{closure}()
 3 SYSTEMPATH\Common.php(1171): CodeIgniter\View\View->render('frontend/beritama', [], true)
 4 APPPATH\Controllers\Frontend.php(331): view('frontend/beritama', [...])
 5 APPPATH\Controllers\Frontend.php(176): App\Controllers\Frontend->loadView('frontend/beritama', [...])
 6 SYSTEMPATH\CodeIgniter.php(933): App\Controllers\Frontend->berita()
 7 SYSTEMPATH\CodeIgniter.php(509): CodeIgniter\CodeIgniter->runController(Object(App\Controllers\Frontend))
 8 SYSTEMPATH\CodeIgniter.php(355): CodeIgniter\CodeIgniter->handleRequest(null, Object(Config\Cache), false)
 9 SYSTEMPATH\Boot.php(325): CodeIgniter\CodeIgniter->run()
10 SYSTEMPATH\Boot.php(67): CodeIgniter\Boot::runCodeIgniter(Object(CodeIgniter\CodeIgniter))
11 FCPATH\index.php(56): CodeIgniter\Boot::bootWeb(Object(Config\Paths))
CRITICAL - 2024-07-09 01:03:31 --> Error: Call to undefined function tgl_indo()
[Method: GET, Route: berita]
in APPPATH\Views\frontend\beritama.php on line 177.
 1 SYSTEMPATH\View\View.php(234): include()
 2 SYSTEMPATH\View\View.php(237): CodeIgniter\View\View->CodeIgniter\View\{closure}()
 3 SYSTEMPATH\Common.php(1171): CodeIgniter\View\View->render('frontend/beritama', [], true)
 4 APPPATH\Controllers\Frontend.php(332): view('frontend/beritama', [...])
 5 APPPATH\Controllers\Frontend.php(177): App\Controllers\Frontend->loadView('frontend/beritama', [...])
 6 SYSTEMPATH\CodeIgniter.php(933): App\Controllers\Frontend->berita()
 7 SYSTEMPATH\CodeIgniter.php(509): CodeIgniter\CodeIgniter->runController(Object(App\Controllers\Frontend))
 8 SYSTEMPATH\CodeIgniter.php(355): CodeIgniter\CodeIgniter->handleRequest(null, Object(Config\Cache), false)
 9 SYSTEMPATH\Boot.php(325): CodeIgniter\CodeIgniter->run()
10 SYSTEMPATH\Boot.php(67): CodeIgniter\Boot::runCodeIgniter(Object(CodeIgniter\CodeIgniter))
11 FCPATH\index.php(56): CodeIgniter\Boot::bootWeb(Object(Config\Paths))
CRITICAL - 2024-07-09 01:03:33 --> Error: Call to undefined function tgl_indo()
[Method: GET, Route: berita]
in APPPATH\Views\frontend\beritama.php on line 177.
 1 SYSTEMPATH\View\View.php(234): include()
 2 SYSTEMPATH\View\View.php(237): CodeIgniter\View\View->CodeIgniter\View\{closure}()
 3 SYSTEMPATH\Common.php(1171): CodeIgniter\View\View->render('frontend/beritama', [], true)
 4 APPPATH\Controllers\Frontend.php(332): view('frontend/beritama', [...])
 5 APPPATH\Controllers\Frontend.php(177): App\Controllers\Frontend->loadView('frontend/beritama', [...])
 6 SYSTEMPATH\CodeIgniter.php(933): App\Controllers\Frontend->berita()
 7 SYSTEMPATH\CodeIgniter.php(509): CodeIgniter\CodeIgniter->runController(Object(App\Controllers\Frontend))
 8 SYSTEMPATH\CodeIgniter.php(355): CodeIgniter\CodeIgniter->handleRequest(null, Object(Config\Cache), false)
 9 SYSTEMPATH\Boot.php(325): CodeIgniter\CodeIgniter->run()
10 SYSTEMPATH\Boot.php(67): CodeIgniter\Boot::runCodeIgniter(Object(CodeIgniter\CodeIgniter))
11 FCPATH\index.php(56): CodeIgniter\Boot::bootWeb(Object(Config\Paths))
CRITICAL - 2024-07-09 01:04:06 --> Error: Call to undefined function tgl_indo()
[Method: GET, Route: berita]
in APPPATH\Views\frontend\beritama.php on line 177.
 1 SYSTEMPATH\View\View.php(234): include()
 2 SYSTEMPATH\View\View.php(237): CodeIgniter\View\View->CodeIgniter\View\{closure}()
 3 SYSTEMPATH\Common.php(1171): CodeIgniter\View\View->render('frontend/beritama', [], true)
 4 APPPATH\Controllers\Frontend.php(329): view('frontend/beritama', [...])
 5 APPPATH\Controllers\Frontend.php(174): App\Controllers\Frontend->loadView('frontend/beritama', [...])
 6 SYSTEMPATH\CodeIgniter.php(933): App\Controllers\Frontend->berita()
 7 SYSTEMPATH\CodeIgniter.php(509): CodeIgniter\CodeIgniter->runController(Object(App\Controllers\Frontend))
 8 SYSTEMPATH\CodeIgniter.php(355): CodeIgniter\CodeIgniter->handleRequest(null, Object(Config\Cache), false)
 9 SYSTEMPATH\Boot.php(325): CodeIgniter\CodeIgniter->run()
10 SYSTEMPATH\Boot.php(67): CodeIgniter\Boot::runCodeIgniter(Object(CodeIgniter\CodeIgniter))
11 FCPATH\index.php(56): CodeIgniter\Boot::bootWeb(Object(Config\Paths))
CRITICAL - 2024-07-09 02:10:41 --> ErrorException: Trying to access array offset on value of type null
[Method: GET, Route: users]
in APPPATH\Controllers\User.php on line 19.
 1 APPPATH\Controllers\User.php(19): CodeIgniter\Debug\Exceptions->errorHandler(2, 'Trying to access array offset on value of type null', 'G:\\laragon\\www\\disnakerci4\\app\\Controllers\\User.php', 19)
 2 SYSTEMPATH\CodeIgniter.php(933): App\Controllers\User->index()
 3 SYSTEMPATH\CodeIgniter.php(509): CodeIgniter\CodeIgniter->runController(Object(App\Controllers\User))
 4 SYSTEMPATH\CodeIgniter.php(355): CodeIgniter\CodeIgniter->handleRequest(null, Object(Config\Cache), false)
 5 SYSTEMPATH\Boot.php(325): CodeIgniter\CodeIgniter->run()
 6 SYSTEMPATH\Boot.php(67): CodeIgniter\Boot::runCodeIgniter(Object(CodeIgniter\CodeIgniter))
 7 FCPATH\index.php(56): CodeIgniter\Boot::bootWeb(Object(Config\Paths))
CRITICAL - 2024-07-09 03:01:08 --> ErrorException: Undefined array key "img_type"
[Method: POST, Route: admin/hapus_user]
in APPPATH\Controllers\User.php on line 101.
 1 APPPATH\Controllers\User.php(101): CodeIgniter\Debug\Exceptions->errorHandler(2, 'Undefined array key "img_type"', 'G:\\laragon\\www\\disnakerci4\\app\\Controllers\\User.php', 101)
 2 SYSTEMPATH\CodeIgniter.php(933): App\Controllers\User->hapus_user()
 3 SYSTEMPATH\CodeIgniter.php(509): CodeIgniter\CodeIgniter->runController(Object(App\Controllers\User))
 4 SYSTEMPATH\CodeIgniter.php(355): CodeIgniter\CodeIgniter->handleRequest(null, Object(Config\Cache), false)
 5 SYSTEMPATH\Boot.php(325): CodeIgniter\CodeIgniter->run()
 6 SYSTEMPATH\Boot.php(67): CodeIgniter\Boot::runCodeIgniter(Object(CodeIgniter\CodeIgniter))
 7 FCPATH\index.php(56): CodeIgniter\Boot::bootWeb(Object(Config\Paths))
CRITICAL - 2024-07-09 03:02:32 --> ErrorException: Undefined array key "img_type"
[Method: POST, Route: admin/hapus_user]
in APPPATH\Controllers\User.php on line 101.
 1 APPPATH\Controllers\User.php(101): CodeIgniter\Debug\Exceptions->errorHandler(2, 'Undefined array key "img_type"', 'G:\\laragon\\www\\disnakerci4\\app\\Controllers\\User.php', 101)
 2 SYSTEMPATH\CodeIgniter.php(933): App\Controllers\User->hapus_user()
 3 SYSTEMPATH\CodeIgniter.php(509): CodeIgniter\CodeIgniter->runController(Object(App\Controllers\User))
 4 SYSTEMPATH\CodeIgniter.php(355): CodeIgniter\CodeIgniter->handleRequest(null, Object(Config\Cache), false)
 5 SYSTEMPATH\Boot.php(325): CodeIgniter\CodeIgniter->run()
 6 SYSTEMPATH\Boot.php(67): CodeIgniter\Boot::runCodeIgniter(Object(CodeIgniter\CodeIgniter))
 7 FCPATH\index.php(56): CodeIgniter\Boot::bootWeb(Object(Config\Paths))
CRITICAL - 2024-07-09 03:03:37 --> ErrorException: Undefined array key "img_type"
[Method: POST, Route: admin/hapus_user]
in APPPATH\Controllers\User.php on line 101.
 1 APPPATH\Controllers\User.php(101): CodeIgniter\Debug\Exceptions->errorHandler(2, 'Undefined array key "img_type"', 'G:\\laragon\\www\\disnakerci4\\app\\Controllers\\User.php', 101)
 2 SYSTEMPATH\CodeIgniter.php(933): App\Controllers\User->hapus_user()
 3 SYSTEMPATH\CodeIgniter.php(509): CodeIgniter\CodeIgniter->runController(Object(App\Controllers\User))
 4 SYSTEMPATH\CodeIgniter.php(355): CodeIgniter\CodeIgniter->handleRequest(null, Object(Config\Cache), false)
 5 SYSTEMPATH\Boot.php(325): CodeIgniter\CodeIgniter->run()
 6 SYSTEMPATH\Boot.php(67): CodeIgniter\Boot::runCodeIgniter(Object(CodeIgniter\CodeIgniter))
 7 FCPATH\index.php(56): CodeIgniter\Boot::bootWeb(Object(Config\Paths))
CRITICAL - 2024-07-09 03:05:05 --> CodeIgniter\Database\Exceptions\DatabaseException: Deletes are not allowed unless they contain a "where" or "like" clause.
[Method: POST, Route: admin/hapus_user]
in SYSTEMPATH\Database\BaseBuilder.php on line 2806.
 1 SYSTEMPATH\Model.php(521): CodeIgniter\Database\BaseBuilder->delete()
 2 SYSTEMPATH\BaseModel.php(1158): CodeIgniter\Model->doDelete(null, false)
 3 APPPATH\Controllers\User.php(110): CodeIgniter\BaseModel->delete(null)
 4 SYSTEMPATH\CodeIgniter.php(933): App\Controllers\User->hapus_user()
 5 SYSTEMPATH\CodeIgniter.php(509): CodeIgniter\CodeIgniter->runController(Object(App\Controllers\User))
 6 SYSTEMPATH\CodeIgniter.php(355): CodeIgniter\CodeIgniter->handleRequest(null, Object(Config\Cache), false)
 7 SYSTEMPATH\Boot.php(325): CodeIgniter\CodeIgniter->run()
 8 SYSTEMPATH\Boot.php(67): CodeIgniter\Boot::runCodeIgniter(Object(CodeIgniter\CodeIgniter))
 9 FCPATH\index.php(56): CodeIgniter\Boot::bootWeb(Object(Config\Paths))
ERROR - 2024-07-09 03:10:10 --> mysqli_sql_exception: Cannot delete or update a parent row: a foreign key constraint fails (`db_disnakerci4`.`pencaker`, CONSTRAINT `fk_pencaker_users1` FOREIGN KEY (`users_id`) REFERENCES `users` (`id`)) in G:\laragon\www\disnakerci4\vendor\codeigniter4\framework\system\Database\MySQLi\Connection.php:312
Stack trace:
#0 G:\laragon\www\disnakerci4\vendor\codeigniter4\framework\system\Database\MySQLi\Connection.php(312): mysqli->query('DELETE FROM `us...', 0)
#1 G:\laragon\www\disnakerci4\vendor\codeigniter4\framework\system\Database\BaseConnection.php(734): CodeIgniter\Database\MySQLi\Connection->execute('DELETE FROM `us...')
#2 G:\laragon\www\disnakerci4\vendor\codeigniter4\framework\system\Database\BaseConnection.php(648): CodeIgniter\Database\BaseConnection->simpleQuery('DELETE FROM `us...')
#3 G:\laragon\www\disnakerci4\vendor\codeigniter4\framework\system\Database\BaseBuilder.php(2835): CodeIgniter\Database\BaseConnection->query('DELETE FROM `us...', Array, false)
#4 G:\laragon\www\disnakerci4\vendor\codeigniter4\framework\system\Model.php(521): CodeIgniter\Database\BaseBuilder->delete()
#5 G:\laragon\www\disnakerci4\vendor\codeigniter4\framework\system\BaseModel.php(1158): CodeIgniter\Model->doDelete(NULL, false)
#6 G:\laragon\www\disnakerci4\app\Controllers\User.php(109): CodeIgniter\BaseModel->delete()
#7 G:\laragon\www\disnakerci4\vendor\codeigniter4\framework\system\CodeIgniter.php(933): App\Controllers\User->hapus_user()
#8 G:\laragon\www\disnakerci4\vendor\codeigniter4\framework\system\CodeIgniter.php(509): CodeIgniter\CodeIgniter->runController(Object(App\Controllers\User))
#9 G:\laragon\www\disnakerci4\vendor\codeigniter4\framework\system\CodeIgniter.php(355): CodeIgniter\CodeIgniter->handleRequest(NULL, Object(Config\Cache), false)
#10 G:\laragon\www\disnakerci4\vendor\codeigniter4\framework\system\Boot.php(325): CodeIgniter\CodeIgniter->run()
#11 G:\laragon\www\disnakerci4\vendor\codeigniter4\framework\system\Boot.php(67): CodeIgniter\Boot::runCodeIgniter(Object(CodeIgniter\CodeIgniter))
#12 G:\laragon\www\disnakerci4\public\index.php(56): CodeIgniter\Boot::bootWeb(Object(Config\Paths))
#13 {main}
CRITICAL - 2024-07-09 03:10:10 --> CodeIgniter\Database\Exceptions\DatabaseException: Cannot delete or update a parent row: a foreign key constraint fails (`db_disnakerci4`.`pencaker`, CONSTRAINT `fk_pencaker_users1` FOREIGN KEY (`users_id`) REFERENCES `users` (`id`))
[Method: POST, Route: admin/hapus_user]
in SYSTEMPATH\Database\BaseConnection.php on line 688.
 1 SYSTEMPATH\Database\BaseBuilder.php(2835): CodeIgniter\Database\BaseConnection->query('DELETE FROM `users`
WHERE `id` = :id:', [...], false)
 2 SYSTEMPATH\Model.php(521): CodeIgniter\Database\BaseBuilder->delete()
 3 SYSTEMPATH\BaseModel.php(1158): CodeIgniter\Model->doDelete(null, false)
 4 APPPATH\Controllers\User.php(109): CodeIgniter\BaseModel->delete()
 5 SYSTEMPATH\CodeIgniter.php(933): App\Controllers\User->hapus_user()
 6 SYSTEMPATH\CodeIgniter.php(509): CodeIgniter\CodeIgniter->runController(Object(App\Controllers\User))
 7 SYSTEMPATH\CodeIgniter.php(355): CodeIgniter\CodeIgniter->handleRequest(null, Object(Config\Cache), false)
 8 SYSTEMPATH\Boot.php(325): CodeIgniter\CodeIgniter->run()
 9 SYSTEMPATH\Boot.php(67): CodeIgniter\Boot::runCodeIgniter(Object(CodeIgniter\CodeIgniter))
10 FCPATH\index.php(56): CodeIgniter\Boot::bootWeb(Object(Config\Paths))
CRITICAL - 2024-07-09 03:10:10 --> [Caused by] CodeIgniter\Database\Exceptions\DatabaseException: Cannot delete or update a parent row: a foreign key constraint fails (`db_disnakerci4`.`pencaker`, CONSTRAINT `fk_pencaker_users1` FOREIGN KEY (`users_id`) REFERENCES `users` (`id`))
in SYSTEMPATH\Database\MySQLi\Connection.php on line 317.
 1 SYSTEMPATH\Database\BaseConnection.php(734): CodeIgniter\Database\MySQLi\Connection->execute('DELETE FROM `users`
WHERE `id` = \'52\'')
 2 SYSTEMPATH\Database\BaseConnection.php(648): CodeIgniter\Database\BaseConnection->simpleQuery('DELETE FROM `users`
WHERE `id` = \'52\'')
 3 SYSTEMPATH\Database\BaseBuilder.php(2835): CodeIgniter\Database\BaseConnection->query('DELETE FROM `users`
WHERE `id` = :id:', [...], false)
 4 SYSTEMPATH\Model.php(521): CodeIgniter\Database\BaseBuilder->delete()
 5 SYSTEMPATH\BaseModel.php(1158): CodeIgniter\Model->doDelete(null, false)
 6 APPPATH\Controllers\User.php(109): CodeIgniter\BaseModel->delete()
 7 SYSTEMPATH\CodeIgniter.php(933): App\Controllers\User->hapus_user()
 8 SYSTEMPATH\CodeIgniter.php(509): CodeIgniter\CodeIgniter->runController(Object(App\Controllers\User))
 9 SYSTEMPATH\CodeIgniter.php(355): CodeIgniter\CodeIgniter->handleRequest(null, Object(Config\Cache), false)
10 SYSTEMPATH\Boot.php(325): CodeIgniter\CodeIgniter->run()
11 SYSTEMPATH\Boot.php(67): CodeIgniter\Boot::runCodeIgniter(Object(CodeIgniter\CodeIgniter))
12 FCPATH\index.php(56): CodeIgniter\Boot::bootWeb(Object(Config\Paths))
CRITICAL - 2024-07-09 03:10:10 --> [Caused by] mysqli_sql_exception: Cannot delete or update a parent row: a foreign key constraint fails (`db_disnakerci4`.`pencaker`, CONSTRAINT `fk_pencaker_users1` FOREIGN KEY (`users_id`) REFERENCES `users` (`id`))
in SYSTEMPATH\Database\MySQLi\Connection.php on line 312.
 1 SYSTEMPATH\Database\MySQLi\Connection.php(312): mysqli->query('DELETE FROM `users`
WHERE `id` = \'52\'', 0)
 2 SYSTEMPATH\Database\BaseConnection.php(734): CodeIgniter\Database\MySQLi\Connection->execute('DELETE FROM `users`
WHERE `id` = \'52\'')
 3 SYSTEMPATH\Database\BaseConnection.php(648): CodeIgniter\Database\BaseConnection->simpleQuery('DELETE FROM `users`
WHERE `id` = \'52\'')
 4 SYSTEMPATH\Database\BaseBuilder.php(2835): CodeIgniter\Database\BaseConnection->query('DELETE FROM `users`
WHERE `id` = :id:', [...], false)
 5 SYSTEMPATH\Model.php(521): CodeIgniter\Database\BaseBuilder->delete()
 6 SYSTEMPATH\BaseModel.php(1158): CodeIgniter\Model->doDelete(null, false)
 7 APPPATH\Controllers\User.php(109): CodeIgniter\BaseModel->delete()
 8 SYSTEMPATH\CodeIgniter.php(933): App\Controllers\User->hapus_user()
 9 SYSTEMPATH\CodeIgniter.php(509): CodeIgniter\CodeIgniter->runController(Object(App\Controllers\User))
10 SYSTEMPATH\CodeIgniter.php(355): CodeIgniter\CodeIgniter->handleRequest(null, Object(Config\Cache), false)
11 SYSTEMPATH\Boot.php(325): CodeIgniter\CodeIgniter->run()
12 SYSTEMPATH\Boot.php(67): CodeIgniter\Boot::runCodeIgniter(Object(CodeIgniter\CodeIgniter))
13 FCPATH\index.php(56): CodeIgniter\Boot::bootWeb(Object(Config\Paths))
ERROR - 2024-07-09 03:10:37 --> mysqli_sql_exception: Cannot delete or update a parent row: a foreign key constraint fails (`db_disnakerci4`.`pencaker`, CONSTRAINT `fk_pencaker_users1` FOREIGN KEY (`users_id`) REFERENCES `users` (`id`)) in G:\laragon\www\disnakerci4\vendor\codeigniter4\framework\system\Database\MySQLi\Connection.php:312
Stack trace:
#0 G:\laragon\www\disnakerci4\vendor\codeigniter4\framework\system\Database\MySQLi\Connection.php(312): mysqli->query('DELETE FROM `us...', 0)
#1 G:\laragon\www\disnakerci4\vendor\codeigniter4\framework\system\Database\BaseConnection.php(734): CodeIgniter\Database\MySQLi\Connection->execute('DELETE FROM `us...')
#2 G:\laragon\www\disnakerci4\vendor\codeigniter4\framework\system\Database\BaseConnection.php(648): CodeIgniter\Database\BaseConnection->simpleQuery('DELETE FROM `us...')
#3 G:\laragon\www\disnakerci4\vendor\codeigniter4\framework\system\Database\BaseBuilder.php(2835): CodeIgniter\Database\BaseConnection->query('DELETE FROM `us...', Array, false)
#4 G:\laragon\www\disnakerci4\vendor\codeigniter4\framework\system\Model.php(521): CodeIgniter\Database\BaseBuilder->delete()
#5 G:\laragon\www\disnakerci4\vendor\codeigniter4\framework\system\BaseModel.php(1158): CodeIgniter\Model->doDelete(NULL, false)
#6 G:\laragon\www\disnakerci4\app\Controllers\User.php(109): CodeIgniter\BaseModel->delete()
#7 G:\laragon\www\disnakerci4\vendor\codeigniter4\framework\system\CodeIgniter.php(933): App\Controllers\User->hapus_user()
#8 G:\laragon\www\disnakerci4\vendor\codeigniter4\framework\system\CodeIgniter.php(509): CodeIgniter\CodeIgniter->runController(Object(App\Controllers\User))
#9 G:\laragon\www\disnakerci4\vendor\codeigniter4\framework\system\CodeIgniter.php(355): CodeIgniter\CodeIgniter->handleRequest(NULL, Object(Config\Cache), false)
#10 G:\laragon\www\disnakerci4\vendor\codeigniter4\framework\system\Boot.php(325): CodeIgniter\CodeIgniter->run()
#11 G:\laragon\www\disnakerci4\vendor\codeigniter4\framework\system\Boot.php(67): CodeIgniter\Boot::runCodeIgniter(Object(CodeIgniter\CodeIgniter))
#12 G:\laragon\www\disnakerci4\public\index.php(56): CodeIgniter\Boot::bootWeb(Object(Config\Paths))
#13 {main}
CRITICAL - 2024-07-09 03:10:37 --> CodeIgniter\Database\Exceptions\DatabaseException: Cannot delete or update a parent row: a foreign key constraint fails (`db_disnakerci4`.`pencaker`, CONSTRAINT `fk_pencaker_users1` FOREIGN KEY (`users_id`) REFERENCES `users` (`id`))
[Method: POST, Route: admin/hapus_user]
in SYSTEMPATH\Database\BaseConnection.php on line 688.
 1 SYSTEMPATH\Database\BaseBuilder.php(2835): CodeIgniter\Database\BaseConnection->query('DELETE FROM `users`
WHERE `id` = :id:', [...], false)
 2 SYSTEMPATH\Model.php(521): CodeIgniter\Database\BaseBuilder->delete()
 3 SYSTEMPATH\BaseModel.php(1158): CodeIgniter\Model->doDelete(null, false)
 4 APPPATH\Controllers\User.php(109): CodeIgniter\BaseModel->delete()
 5 SYSTEMPATH\CodeIgniter.php(933): App\Controllers\User->hapus_user()
 6 SYSTEMPATH\CodeIgniter.php(509): CodeIgniter\CodeIgniter->runController(Object(App\Controllers\User))
 7 SYSTEMPATH\CodeIgniter.php(355): CodeIgniter\CodeIgniter->handleRequest(null, Object(Config\Cache), false)
 8 SYSTEMPATH\Boot.php(325): CodeIgniter\CodeIgniter->run()
 9 SYSTEMPATH\Boot.php(67): CodeIgniter\Boot::runCodeIgniter(Object(CodeIgniter\CodeIgniter))
10 FCPATH\index.php(56): CodeIgniter\Boot::bootWeb(Object(Config\Paths))
CRITICAL - 2024-07-09 03:10:37 --> [Caused by] CodeIgniter\Database\Exceptions\DatabaseException: Cannot delete or update a parent row: a foreign key constraint fails (`db_disnakerci4`.`pencaker`, CONSTRAINT `fk_pencaker_users1` FOREIGN KEY (`users_id`) REFERENCES `users` (`id`))
in SYSTEMPATH\Database\MySQLi\Connection.php on line 317.
 1 SYSTEMPATH\Database\BaseConnection.php(734): CodeIgniter\Database\MySQLi\Connection->execute('DELETE FROM `users`
WHERE `id` = \'51\'')
 2 SYSTEMPATH\Database\BaseConnection.php(648): CodeIgniter\Database\BaseConnection->simpleQuery('DELETE FROM `users`
WHERE `id` = \'51\'')
 3 SYSTEMPATH\Database\BaseBuilder.php(2835): CodeIgniter\Database\BaseConnection->query('DELETE FROM `users`
WHERE `id` = :id:', [...], false)
 4 SYSTEMPATH\Model.php(521): CodeIgniter\Database\BaseBuilder->delete()
 5 SYSTEMPATH\BaseModel.php(1158): CodeIgniter\Model->doDelete(null, false)
 6 APPPATH\Controllers\User.php(109): CodeIgniter\BaseModel->delete()
 7 SYSTEMPATH\CodeIgniter.php(933): App\Controllers\User->hapus_user()
 8 SYSTEMPATH\CodeIgniter.php(509): CodeIgniter\CodeIgniter->runController(Object(App\Controllers\User))
 9 SYSTEMPATH\CodeIgniter.php(355): CodeIgniter\CodeIgniter->handleRequest(null, Object(Config\Cache), false)
10 SYSTEMPATH\Boot.php(325): CodeIgniter\CodeIgniter->run()
11 SYSTEMPATH\Boot.php(67): CodeIgniter\Boot::runCodeIgniter(Object(CodeIgniter\CodeIgniter))
12 FCPATH\index.php(56): CodeIgniter\Boot::bootWeb(Object(Config\Paths))
CRITICAL - 2024-07-09 03:10:37 --> [Caused by] mysqli_sql_exception: Cannot delete or update a parent row: a foreign key constraint fails (`db_disnakerci4`.`pencaker`, CONSTRAINT `fk_pencaker_users1` FOREIGN KEY (`users_id`) REFERENCES `users` (`id`))
in SYSTEMPATH\Database\MySQLi\Connection.php on line 312.
 1 SYSTEMPATH\Database\MySQLi\Connection.php(312): mysqli->query('DELETE FROM `users`
WHERE `id` = \'51\'', 0)
 2 SYSTEMPATH\Database\BaseConnection.php(734): CodeIgniter\Database\MySQLi\Connection->execute('DELETE FROM `users`
WHERE `id` = \'51\'')
 3 SYSTEMPATH\Database\BaseConnection.php(648): CodeIgniter\Database\BaseConnection->simpleQuery('DELETE FROM `users`
WHERE `id` = \'51\'')
 4 SYSTEMPATH\Database\BaseBuilder.php(2835): CodeIgniter\Database\BaseConnection->query('DELETE FROM `users`
WHERE `id` = :id:', [...], false)
 5 SYSTEMPATH\Model.php(521): CodeIgniter\Database\BaseBuilder->delete()
 6 SYSTEMPATH\BaseModel.php(1158): CodeIgniter\Model->doDelete(null, false)
 7 APPPATH\Controllers\User.php(109): CodeIgniter\BaseModel->delete()
 8 SYSTEMPATH\CodeIgniter.php(933): App\Controllers\User->hapus_user()
 9 SYSTEMPATH\CodeIgniter.php(509): CodeIgniter\CodeIgniter->runController(Object(App\Controllers\User))
10 SYSTEMPATH\CodeIgniter.php(355): CodeIgniter\CodeIgniter->handleRequest(null, Object(Config\Cache), false)
11 SYSTEMPATH\Boot.php(325): CodeIgniter\CodeIgniter->run()
12 SYSTEMPATH\Boot.php(67): CodeIgniter\Boot::runCodeIgniter(Object(CodeIgniter\CodeIgniter))
13 FCPATH\index.php(56): CodeIgniter\Boot::bootWeb(Object(Config\Paths))
ERROR - 2024-07-09 03:11:10 --> mysqli_sql_exception: Cannot delete or update a parent row: a foreign key constraint fails (`db_disnakerci4`.`pencaker`, CONSTRAINT `fk_pencaker_users1` FOREIGN KEY (`users_id`) REFERENCES `users` (`id`)) in G:\laragon\www\disnakerci4\vendor\codeigniter4\framework\system\Database\MySQLi\Connection.php:312
Stack trace:
#0 G:\laragon\www\disnakerci4\vendor\codeigniter4\framework\system\Database\MySQLi\Connection.php(312): mysqli->query('DELETE FROM `us...', 0)
#1 G:\laragon\www\disnakerci4\vendor\codeigniter4\framework\system\Database\BaseConnection.php(734): CodeIgniter\Database\MySQLi\Connection->execute('DELETE FROM `us...')
#2 G:\laragon\www\disnakerci4\vendor\codeigniter4\framework\system\Database\BaseConnection.php(648): CodeIgniter\Database\BaseConnection->simpleQuery('DELETE FROM `us...')
#3 G:\laragon\www\disnakerci4\vendor\codeigniter4\framework\system\Database\BaseBuilder.php(2835): CodeIgniter\Database\BaseConnection->query('DELETE FROM `us...', Array, false)
#4 G:\laragon\www\disnakerci4\vendor\codeigniter4\framework\system\Model.php(521): CodeIgniter\Database\BaseBuilder->delete()
#5 G:\laragon\www\disnakerci4\vendor\codeigniter4\framework\system\BaseModel.php(1158): CodeIgniter\Model->doDelete(NULL, false)
#6 G:\laragon\www\disnakerci4\app\Controllers\User.php(109): CodeIgniter\BaseModel->delete()
#7 G:\laragon\www\disnakerci4\vendor\codeigniter4\framework\system\CodeIgniter.php(933): App\Controllers\User->hapus_user()
#8 G:\laragon\www\disnakerci4\vendor\codeigniter4\framework\system\CodeIgniter.php(509): CodeIgniter\CodeIgniter->runController(Object(App\Controllers\User))
#9 G:\laragon\www\disnakerci4\vendor\codeigniter4\framework\system\CodeIgniter.php(355): CodeIgniter\CodeIgniter->handleRequest(NULL, Object(Config\Cache), false)
#10 G:\laragon\www\disnakerci4\vendor\codeigniter4\framework\system\Boot.php(325): CodeIgniter\CodeIgniter->run()
#11 G:\laragon\www\disnakerci4\vendor\codeigniter4\framework\system\Boot.php(67): CodeIgniter\Boot::runCodeIgniter(Object(CodeIgniter\CodeIgniter))
#12 G:\laragon\www\disnakerci4\public\index.php(56): CodeIgniter\Boot::bootWeb(Object(Config\Paths))
#13 {main}
CRITICAL - 2024-07-09 03:11:10 --> CodeIgniter\Database\Exceptions\DatabaseException: Cannot delete or update a parent row: a foreign key constraint fails (`db_disnakerci4`.`pencaker`, CONSTRAINT `fk_pencaker_users1` FOREIGN KEY (`users_id`) REFERENCES `users` (`id`))
[Method: POST, Route: admin/hapus_user]
in SYSTEMPATH\Database\BaseConnection.php on line 688.
 1 SYSTEMPATH\Database\BaseBuilder.php(2835): CodeIgniter\Database\BaseConnection->query('DELETE FROM `users`
WHERE `id` = :id:', [...], false)
 2 SYSTEMPATH\Model.php(521): CodeIgniter\Database\BaseBuilder->delete()
 3 SYSTEMPATH\BaseModel.php(1158): CodeIgniter\Model->doDelete(null, false)
 4 APPPATH\Controllers\User.php(109): CodeIgniter\BaseModel->delete()
 5 SYSTEMPATH\CodeIgniter.php(933): App\Controllers\User->hapus_user()
 6 SYSTEMPATH\CodeIgniter.php(509): CodeIgniter\CodeIgniter->runController(Object(App\Controllers\User))
 7 SYSTEMPATH\CodeIgniter.php(355): CodeIgniter\CodeIgniter->handleRequest(null, Object(Config\Cache), false)
 8 SYSTEMPATH\Boot.php(325): CodeIgniter\CodeIgniter->run()
 9 SYSTEMPATH\Boot.php(67): CodeIgniter\Boot::runCodeIgniter(Object(CodeIgniter\CodeIgniter))
10 FCPATH\index.php(56): CodeIgniter\Boot::bootWeb(Object(Config\Paths))
CRITICAL - 2024-07-09 03:11:10 --> [Caused by] CodeIgniter\Database\Exceptions\DatabaseException: Cannot delete or update a parent row: a foreign key constraint fails (`db_disnakerci4`.`pencaker`, CONSTRAINT `fk_pencaker_users1` FOREIGN KEY (`users_id`) REFERENCES `users` (`id`))
in SYSTEMPATH\Database\MySQLi\Connection.php on line 317.
 1 SYSTEMPATH\Database\BaseConnection.php(734): CodeIgniter\Database\MySQLi\Connection->execute('DELETE FROM `users`
WHERE `id` = \'51\'')
 2 SYSTEMPATH\Database\BaseConnection.php(648): CodeIgniter\Database\BaseConnection->simpleQuery('DELETE FROM `users`
WHERE `id` = \'51\'')
 3 SYSTEMPATH\Database\BaseBuilder.php(2835): CodeIgniter\Database\BaseConnection->query('DELETE FROM `users`
WHERE `id` = :id:', [...], false)
 4 SYSTEMPATH\Model.php(521): CodeIgniter\Database\BaseBuilder->delete()
 5 SYSTEMPATH\BaseModel.php(1158): CodeIgniter\Model->doDelete(null, false)
 6 APPPATH\Controllers\User.php(109): CodeIgniter\BaseModel->delete()
 7 SYSTEMPATH\CodeIgniter.php(933): App\Controllers\User->hapus_user()
 8 SYSTEMPATH\CodeIgniter.php(509): CodeIgniter\CodeIgniter->runController(Object(App\Controllers\User))
 9 SYSTEMPATH\CodeIgniter.php(355): CodeIgniter\CodeIgniter->handleRequest(null, Object(Config\Cache), false)
10 SYSTEMPATH\Boot.php(325): CodeIgniter\CodeIgniter->run()
11 SYSTEMPATH\Boot.php(67): CodeIgniter\Boot::runCodeIgniter(Object(CodeIgniter\CodeIgniter))
12 FCPATH\index.php(56): CodeIgniter\Boot::bootWeb(Object(Config\Paths))
CRITICAL - 2024-07-09 03:11:10 --> [Caused by] mysqli_sql_exception: Cannot delete or update a parent row: a foreign key constraint fails (`db_disnakerci4`.`pencaker`, CONSTRAINT `fk_pencaker_users1` FOREIGN KEY (`users_id`) REFERENCES `users` (`id`))
in SYSTEMPATH\Database\MySQLi\Connection.php on line 312.
 1 SYSTEMPATH\Database\MySQLi\Connection.php(312): mysqli->query('DELETE FROM `users`
WHERE `id` = \'51\'', 0)
 2 SYSTEMPATH\Database\BaseConnection.php(734): CodeIgniter\Database\MySQLi\Connection->execute('DELETE FROM `users`
WHERE `id` = \'51\'')
 3 SYSTEMPATH\Database\BaseConnection.php(648): CodeIgniter\Database\BaseConnection->simpleQuery('DELETE FROM `users`
WHERE `id` = \'51\'')
 4 SYSTEMPATH\Database\BaseBuilder.php(2835): CodeIgniter\Database\BaseConnection->query('DELETE FROM `users`
WHERE `id` = :id:', [...], false)
 5 SYSTEMPATH\Model.php(521): CodeIgniter\Database\BaseBuilder->delete()
 6 SYSTEMPATH\BaseModel.php(1158): CodeIgniter\Model->doDelete(null, false)
 7 APPPATH\Controllers\User.php(109): CodeIgniter\BaseModel->delete()
 8 SYSTEMPATH\CodeIgniter.php(933): App\Controllers\User->hapus_user()
 9 SYSTEMPATH\CodeIgniter.php(509): CodeIgniter\CodeIgniter->runController(Object(App\Controllers\User))
10 SYSTEMPATH\CodeIgniter.php(355): CodeIgniter\CodeIgniter->handleRequest(null, Object(Config\Cache), false)
11 SYSTEMPATH\Boot.php(325): CodeIgniter\CodeIgniter->run()
12 SYSTEMPATH\Boot.php(67): CodeIgniter\Boot::runCodeIgniter(Object(CodeIgniter\CodeIgniter))
13 FCPATH\index.php(56): CodeIgniter\Boot::bootWeb(Object(Config\Paths))
CRITICAL - 2024-07-09 04:01:32 --> ErrorException: Undefined array key "name"
[Method: POST, Route: admin/pencakerajax]
in APPPATH\Controllers\Admin.php on line 58.
 1 APPPATH\Controllers\Admin.php(58): CodeIgniter\Debug\Exceptions->errorHandler(2, 'Undefined array key "name"', 'G:\\laragon\\www\\disnakerci4\\app\\Controllers\\Admin.php', 58)
 2 SYSTEMPATH\CodeIgniter.php(933): App\Controllers\Admin->pencakerajax()
 3 SYSTEMPATH\CodeIgniter.php(509): CodeIgniter\CodeIgniter->runController(Object(App\Controllers\Admin))
 4 SYSTEMPATH\CodeIgniter.php(355): CodeIgniter\CodeIgniter->handleRequest(null, Object(Config\Cache), false)
 5 SYSTEMPATH\Boot.php(325): CodeIgniter\CodeIgniter->run()
 6 SYSTEMPATH\Boot.php(67): CodeIgniter\Boot::runCodeIgniter(Object(CodeIgniter\CodeIgniter))
 7 FCPATH\index.php(56): CodeIgniter\Boot::bootWeb(Object(Config\Paths))
CRITICAL - 2024-07-09 04:10:37 --> ErrorException: Undefined array key "name"
[Method: POST, Route: admin/pencakerajax]
in APPPATH\Controllers\Admin.php on line 57.
 1 APPPATH\Controllers\Admin.php(57): CodeIgniter\Debug\Exceptions->errorHandler(2, 'Undefined array key "name"', 'G:\\laragon\\www\\disnakerci4\\app\\Controllers\\Admin.php', 57)
 2 SYSTEMPATH\CodeIgniter.php(933): App\Controllers\Admin->pencakerajax()
 3 SYSTEMPATH\CodeIgniter.php(509): CodeIgniter\CodeIgniter->runController(Object(App\Controllers\Admin))
 4 SYSTEMPATH\CodeIgniter.php(355): CodeIgniter\CodeIgniter->handleRequest(null, Object(Config\Cache), false)
 5 SYSTEMPATH\Boot.php(325): CodeIgniter\CodeIgniter->run()
 6 SYSTEMPATH\Boot.php(67): CodeIgniter\Boot::runCodeIgniter(Object(CodeIgniter\CodeIgniter))
 7 FCPATH\index.php(56): CodeIgniter\Boot::bootWeb(Object(Config\Paths))
CRITICAL - 2024-07-09 04:11:09 --> ErrorException: Undefined array key "name"
[Method: POST, Route: admin/pencakerajax]
in APPPATH\Controllers\Admin.php on line 57.
 1 APPPATH\Controllers\Admin.php(57): CodeIgniter\Debug\Exceptions->errorHandler(2, 'Undefined array key "name"', 'G:\\laragon\\www\\disnakerci4\\app\\Controllers\\Admin.php', 57)
 2 SYSTEMPATH\CodeIgniter.php(933): App\Controllers\Admin->pencakerajax()
 3 SYSTEMPATH\CodeIgniter.php(509): CodeIgniter\CodeIgniter->runController(Object(App\Controllers\Admin))
 4 SYSTEMPATH\CodeIgniter.php(355): CodeIgniter\CodeIgniter->handleRequest(null, Object(Config\Cache), false)
 5 SYSTEMPATH\Boot.php(325): CodeIgniter\CodeIgniter->run()
 6 SYSTEMPATH\Boot.php(67): CodeIgniter\Boot::runCodeIgniter(Object(CodeIgniter\CodeIgniter))
 7 FCPATH\index.php(56): CodeIgniter\Boot::bootWeb(Object(Config\Paths))
CRITICAL - 2024-07-09 04:13:59 --> ErrorException: Undefined array key "name"
[Method: POST, Route: admin/pencakerajax]
in APPPATH\Controllers\Admin.php on line 37.
 1 APPPATH\Controllers\Admin.php(37): CodeIgniter\Debug\Exceptions->errorHandler(2, 'Undefined array key "name"', 'G:\\laragon\\www\\disnakerci4\\app\\Controllers\\Admin.php', 37)
 2 SYSTEMPATH\CodeIgniter.php(933): App\Controllers\Admin->pencakerajax()
 3 SYSTEMPATH\CodeIgniter.php(509): CodeIgniter\CodeIgniter->runController(Object(App\Controllers\Admin))
 4 SYSTEMPATH\CodeIgniter.php(355): CodeIgniter\CodeIgniter->handleRequest(null, Object(Config\Cache), false)
 5 SYSTEMPATH\Boot.php(325): CodeIgniter\CodeIgniter->run()
 6 SYSTEMPATH\Boot.php(67): CodeIgniter\Boot::runCodeIgniter(Object(CodeIgniter\CodeIgniter))
 7 FCPATH\index.php(56): CodeIgniter\Boot::bootWeb(Object(Config\Paths))
CRITICAL - 2024-07-09 04:14:15 --> ErrorException: Undefined array key "name"
[Method: POST, Route: admin/pencakerajax]
in APPPATH\Controllers\Admin.php on line 37.
 1 APPPATH\Controllers\Admin.php(37): CodeIgniter\Debug\Exceptions->errorHandler(2, 'Undefined array key "name"', 'G:\\laragon\\www\\disnakerci4\\app\\Controllers\\Admin.php', 37)
 2 SYSTEMPATH\CodeIgniter.php(933): App\Controllers\Admin->pencakerajax()
 3 SYSTEMPATH\CodeIgniter.php(509): CodeIgniter\CodeIgniter->runController(Object(App\Controllers\Admin))
 4 SYSTEMPATH\CodeIgniter.php(355): CodeIgniter\CodeIgniter->handleRequest(null, Object(Config\Cache), false)
 5 SYSTEMPATH\Boot.php(325): CodeIgniter\CodeIgniter->run()
 6 SYSTEMPATH\Boot.php(67): CodeIgniter\Boot::runCodeIgniter(Object(CodeIgniter\CodeIgniter))
 7 FCPATH\index.php(56): CodeIgniter\Boot::bootWeb(Object(Config\Paths))
CRITICAL - 2024-07-09 04:15:44 --> ErrorException: Undefined array key "name"
[Method: POST, Route: admin/pencakerajax]
in APPPATH\Controllers\Admin.php on line 37.
 1 APPPATH\Controllers\Admin.php(37): CodeIgniter\Debug\Exceptions->errorHandler(2, 'Undefined array key "name"', 'G:\\laragon\\www\\disnakerci4\\app\\Controllers\\Admin.php', 37)
 2 SYSTEMPATH\CodeIgniter.php(933): App\Controllers\Admin->pencakerajax()
 3 SYSTEMPATH\CodeIgniter.php(509): CodeIgniter\CodeIgniter->runController(Object(App\Controllers\Admin))
 4 SYSTEMPATH\CodeIgniter.php(355): CodeIgniter\CodeIgniter->handleRequest(null, Object(Config\Cache), false)
 5 SYSTEMPATH\Boot.php(325): CodeIgniter\CodeIgniter->run()
 6 SYSTEMPATH\Boot.php(67): CodeIgniter\Boot::runCodeIgniter(Object(CodeIgniter\CodeIgniter))
 7 FCPATH\index.php(56): CodeIgniter\Boot::bootWeb(Object(Config\Paths))
CRITICAL - 2024-07-09 04:16:03 --> ErrorException: Undefined array key "name"
[Method: POST, Route: admin/pencakerajax]
in APPPATH\Controllers\Admin.php on line 37.
 1 APPPATH\Controllers\Admin.php(37): CodeIgniter\Debug\Exceptions->errorHandler(2, 'Undefined array key "name"', 'G:\\laragon\\www\\disnakerci4\\app\\Controllers\\Admin.php', 37)
 2 SYSTEMPATH\CodeIgniter.php(933): App\Controllers\Admin->pencakerajax()
 3 SYSTEMPATH\CodeIgniter.php(509): CodeIgniter\CodeIgniter->runController(Object(App\Controllers\Admin))
 4 SYSTEMPATH\CodeIgniter.php(355): CodeIgniter\CodeIgniter->handleRequest(null, Object(Config\Cache), false)
 5 SYSTEMPATH\Boot.php(325): CodeIgniter\CodeIgniter->run()
 6 SYSTEMPATH\Boot.php(67): CodeIgniter\Boot::runCodeIgniter(Object(CodeIgniter\CodeIgniter))
 7 FCPATH\index.php(56): CodeIgniter\Boot::bootWeb(Object(Config\Paths))
CRITICAL - 2024-07-09 04:16:04 --> ErrorException: Undefined array key "name"
[Method: POST, Route: admin/pencakerajax]
in APPPATH\Controllers\Admin.php on line 37.
 1 APPPATH\Controllers\Admin.php(37): CodeIgniter\Debug\Exceptions->errorHandler(2, 'Undefined array key "name"', 'G:\\laragon\\www\\disnakerci4\\app\\Controllers\\Admin.php', 37)
 2 SYSTEMPATH\CodeIgniter.php(933): App\Controllers\Admin->pencakerajax()
 3 SYSTEMPATH\CodeIgniter.php(509): CodeIgniter\CodeIgniter->runController(Object(App\Controllers\Admin))
 4 SYSTEMPATH\CodeIgniter.php(355): CodeIgniter\CodeIgniter->handleRequest(null, Object(Config\Cache), false)
 5 SYSTEMPATH\Boot.php(325): CodeIgniter\CodeIgniter->run()
 6 SYSTEMPATH\Boot.php(67): CodeIgniter\Boot::runCodeIgniter(Object(CodeIgniter\CodeIgniter))
 7 FCPATH\index.php(56): CodeIgniter\Boot::bootWeb(Object(Config\Paths))
CRITICAL - 2024-07-09 04:16:05 --> ErrorException: Undefined array key "name"
[Method: POST, Route: admin/pencakerajax]
in APPPATH\Controllers\Admin.php on line 37.
 1 APPPATH\Controllers\Admin.php(37): CodeIgniter\Debug\Exceptions->errorHandler(2, 'Undefined array key "name"', 'G:\\laragon\\www\\disnakerci4\\app\\Controllers\\Admin.php', 37)
 2 SYSTEMPATH\CodeIgniter.php(933): App\Controllers\Admin->pencakerajax()
 3 SYSTEMPATH\CodeIgniter.php(509): CodeIgniter\CodeIgniter->runController(Object(App\Controllers\Admin))
 4 SYSTEMPATH\CodeIgniter.php(355): CodeIgniter\CodeIgniter->handleRequest(null, Object(Config\Cache), false)
 5 SYSTEMPATH\Boot.php(325): CodeIgniter\CodeIgniter->run()
 6 SYSTEMPATH\Boot.php(67): CodeIgniter\Boot::runCodeIgniter(Object(CodeIgniter\CodeIgniter))
 7 FCPATH\index.php(56): CodeIgniter\Boot::bootWeb(Object(Config\Paths))
CRITICAL - 2024-07-09 04:16:28 --> ErrorException: Undefined array key "name"
[Method: GET, Route: admin/pencakerajax]
in APPPATH\Controllers\Admin.php on line 37.
 1 APPPATH\Controllers\Admin.php(37): CodeIgniter\Debug\Exceptions->errorHandler(2, 'Undefined array key "name"', 'G:\\laragon\\www\\disnakerci4\\app\\Controllers\\Admin.php', 37)
 2 SYSTEMPATH\CodeIgniter.php(933): App\Controllers\Admin->pencakerajax()
 3 SYSTEMPATH\CodeIgniter.php(509): CodeIgniter\CodeIgniter->runController(Object(App\Controllers\Admin))
 4 SYSTEMPATH\CodeIgniter.php(355): CodeIgniter\CodeIgniter->handleRequest(null, Object(Config\Cache), false)
 5 SYSTEMPATH\Boot.php(325): CodeIgniter\CodeIgniter->run()
 6 SYSTEMPATH\Boot.php(67): CodeIgniter\Boot::runCodeIgniter(Object(CodeIgniter\CodeIgniter))
 7 FCPATH\index.php(56): CodeIgniter\Boot::bootWeb(Object(Config\Paths))
CRITICAL - 2024-07-09 04:28:38 --> ErrorException: Undefined array key "user_id"
[Method: POST, Route: admin/pencakerajax]
in APPPATH\Controllers\Admin.php on line 46.
 1 APPPATH\Controllers\Admin.php(46): CodeIgniter\Debug\Exceptions->errorHandler(2, 'Undefined array key "user_id"', 'G:\\laragon\\www\\disnakerci4\\app\\Controllers\\Admin.php', 46)
 2 SYSTEMPATH\CodeIgniter.php(933): App\Controllers\Admin->pencakerajax()
 3 SYSTEMPATH\CodeIgniter.php(509): CodeIgniter\CodeIgniter->runController(Object(App\Controllers\Admin))
 4 SYSTEMPATH\CodeIgniter.php(355): CodeIgniter\CodeIgniter->handleRequest(null, Object(Config\Cache), false)
 5 SYSTEMPATH\Boot.php(325): CodeIgniter\CodeIgniter->run()
 6 SYSTEMPATH\Boot.php(67): CodeIgniter\Boot::runCodeIgniter(Object(CodeIgniter\CodeIgniter))
 7 FCPATH\index.php(56): CodeIgniter\Boot::bootWeb(Object(Config\Paths))
CRITICAL - 2024-07-09 04:28:43 --> ErrorException: Undefined array key "user_id"
[Method: POST, Route: admin/pencakerajax]
in APPPATH\Controllers\Admin.php on line 46.
 1 APPPATH\Controllers\Admin.php(46): CodeIgniter\Debug\Exceptions->errorHandler(2, 'Undefined array key "user_id"', 'G:\\laragon\\www\\disnakerci4\\app\\Controllers\\Admin.php', 46)
 2 SYSTEMPATH\CodeIgniter.php(933): App\Controllers\Admin->pencakerajax()
 3 SYSTEMPATH\CodeIgniter.php(509): CodeIgniter\CodeIgniter->runController(Object(App\Controllers\Admin))
 4 SYSTEMPATH\CodeIgniter.php(355): CodeIgniter\CodeIgniter->handleRequest(null, Object(Config\Cache), false)
 5 SYSTEMPATH\Boot.php(325): CodeIgniter\CodeIgniter->run()
 6 SYSTEMPATH\Boot.php(67): CodeIgniter\Boot::runCodeIgniter(Object(CodeIgniter\CodeIgniter))
 7 FCPATH\index.php(56): CodeIgniter\Boot::bootWeb(Object(Config\Paths))
CRITICAL - 2024-07-09 04:29:26 --> ErrorException: Undefined array key "user_id"
[Method: POST, Route: admin/pencakerajax]
in APPPATH\Controllers\Admin.php on line 46.
 1 APPPATH\Controllers\Admin.php(46): CodeIgniter\Debug\Exceptions->errorHandler(2, 'Undefined array key "user_id"', 'G:\\laragon\\www\\disnakerci4\\app\\Controllers\\Admin.php', 46)
 2 SYSTEMPATH\CodeIgniter.php(933): App\Controllers\Admin->pencakerajax()
 3 SYSTEMPATH\CodeIgniter.php(509): CodeIgniter\CodeIgniter->runController(Object(App\Controllers\Admin))
 4 SYSTEMPATH\CodeIgniter.php(355): CodeIgniter\CodeIgniter->handleRequest(null, Object(Config\Cache), false)
 5 SYSTEMPATH\Boot.php(325): CodeIgniter\CodeIgniter->run()
 6 SYSTEMPATH\Boot.php(67): CodeIgniter\Boot::runCodeIgniter(Object(CodeIgniter\CodeIgniter))
 7 FCPATH\index.php(56): CodeIgniter\Boot::bootWeb(Object(Config\Paths))
CRITICAL - 2024-07-09 04:29:30 --> ErrorException: Undefined array key "user_id"
[Method: POST, Route: admin/pencakerajax]
in APPPATH\Controllers\Admin.php on line 46.
 1 APPPATH\Controllers\Admin.php(46): CodeIgniter\Debug\Exceptions->errorHandler(2, 'Undefined array key "user_id"', 'G:\\laragon\\www\\disnakerci4\\app\\Controllers\\Admin.php', 46)
 2 SYSTEMPATH\CodeIgniter.php(933): App\Controllers\Admin->pencakerajax()
 3 SYSTEMPATH\CodeIgniter.php(509): CodeIgniter\CodeIgniter->runController(Object(App\Controllers\Admin))
 4 SYSTEMPATH\CodeIgniter.php(355): CodeIgniter\CodeIgniter->handleRequest(null, Object(Config\Cache), false)
 5 SYSTEMPATH\Boot.php(325): CodeIgniter\CodeIgniter->run()
 6 SYSTEMPATH\Boot.php(67): CodeIgniter\Boot::runCodeIgniter(Object(CodeIgniter\CodeIgniter))
 7 FCPATH\index.php(56): CodeIgniter\Boot::bootWeb(Object(Config\Paths))
CRITICAL - 2024-07-09 04:29:47 --> ErrorException: Undefined array key "user_id"
[Method: GET, Route: admin/pencakerajax]
in APPPATH\Controllers\Admin.php on line 46.
 1 APPPATH\Controllers\Admin.php(46): CodeIgniter\Debug\Exceptions->errorHandler(2, 'Undefined array key "user_id"', 'G:\\laragon\\www\\disnakerci4\\app\\Controllers\\Admin.php', 46)
 2 SYSTEMPATH\CodeIgniter.php(933): App\Controllers\Admin->pencakerajax()
 3 SYSTEMPATH\CodeIgniter.php(509): CodeIgniter\CodeIgniter->runController(Object(App\Controllers\Admin))
 4 SYSTEMPATH\CodeIgniter.php(355): CodeIgniter\CodeIgniter->handleRequest(null, Object(Config\Cache), false)
 5 SYSTEMPATH\Boot.php(325): CodeIgniter\CodeIgniter->run()
 6 SYSTEMPATH\Boot.php(67): CodeIgniter\Boot::runCodeIgniter(Object(CodeIgniter\CodeIgniter))
 7 FCPATH\index.php(56): CodeIgniter\Boot::bootWeb(Object(Config\Paths))
ERROR - 2024-07-09 04:48:51 --> mysqli_sql_exception: Cannot delete or update a parent row: a foreign key constraint fails (`db_disnakerci4`.`pencaker_dokumen`, CONSTRAINT `fk_pencaker_dokumen_pencaker1` FOREIGN KEY (`pencaker_id`) REFERENCES `pencaker` (`id`)) in G:\laragon\www\disnakerci4\vendor\codeigniter4\framework\system\Database\MySQLi\Connection.php:312
Stack trace:
#0 G:\laragon\www\disnakerci4\vendor\codeigniter4\framework\system\Database\MySQLi\Connection.php(312): mysqli->query('DELETE FROM `pe...', 0)
#1 G:\laragon\www\disnakerci4\vendor\codeigniter4\framework\system\Database\BaseConnection.php(734): CodeIgniter\Database\MySQLi\Connection->execute('DELETE FROM `pe...')
#2 G:\laragon\www\disnakerci4\vendor\codeigniter4\framework\system\Database\BaseConnection.php(648): CodeIgniter\Database\BaseConnection->simpleQuery('DELETE FROM `pe...')
#3 G:\laragon\www\disnakerci4\vendor\codeigniter4\framework\system\Database\BaseBuilder.php(2835): CodeIgniter\Database\BaseConnection->query('DELETE FROM `pe...', Array, false)
#4 G:\laragon\www\disnakerci4\vendor\codeigniter4\framework\system\Model.php(521): CodeIgniter\Database\BaseBuilder->delete()
#5 G:\laragon\www\disnakerci4\vendor\codeigniter4\framework\system\BaseModel.php(1158): CodeIgniter\Model->doDelete(Array, false)
#6 G:\laragon\www\disnakerci4\app\Controllers\Admin.php(115): CodeIgniter\BaseModel->delete(Array)
#7 G:\laragon\www\disnakerci4\vendor\codeigniter4\framework\system\CodeIgniter.php(933): App\Controllers\Admin->hapus_pencaker()
#8 G:\laragon\www\disnakerci4\vendor\codeigniter4\framework\system\CodeIgniter.php(509): CodeIgniter\CodeIgniter->runController(Object(App\Controllers\Admin))
#9 G:\laragon\www\disnakerci4\vendor\codeigniter4\framework\system\CodeIgniter.php(355): CodeIgniter\CodeIgniter->handleRequest(NULL, Object(Config\Cache), false)
#10 G:\laragon\www\disnakerci4\vendor\codeigniter4\framework\system\Boot.php(325): CodeIgniter\CodeIgniter->run()
#11 G:\laragon\www\disnakerci4\vendor\codeigniter4\framework\system\Boot.php(67): CodeIgniter\Boot::runCodeIgniter(Object(CodeIgniter\CodeIgniter))
#12 G:\laragon\www\disnakerci4\public\index.php(56): CodeIgniter\Boot::bootWeb(Object(Config\Paths))
#13 {main}
CRITICAL - 2024-07-09 04:48:51 --> CodeIgniter\Database\Exceptions\DatabaseException: Cannot delete or update a parent row: a foreign key constraint fails (`db_disnakerci4`.`pencaker_dokumen`, CONSTRAINT `fk_pencaker_dokumen_pencaker1` FOREIGN KEY (`pencaker_id`) REFERENCES `pencaker` (`id`))
[Method: POST, Route: admin/hapus_pencaker]
in SYSTEMPATH\Database\BaseConnection.php on line 688.
 1 SYSTEMPATH\Database\BaseBuilder.php(2835): CodeIgniter\Database\BaseConnection->query('DELETE FROM `pencaker`
WHERE `id` IN :id:', [...], false)
 2 SYSTEMPATH\Model.php(521): CodeIgniter\Database\BaseBuilder->delete()
 3 SYSTEMPATH\BaseModel.php(1158): CodeIgniter\Model->doDelete([...], false)
 4 APPPATH\Controllers\Admin.php(115): CodeIgniter\BaseModel->delete([...])
 5 SYSTEMPATH\CodeIgniter.php(933): App\Controllers\Admin->hapus_pencaker()
 6 SYSTEMPATH\CodeIgniter.php(509): CodeIgniter\CodeIgniter->runController(Object(App\Controllers\Admin))
 7 SYSTEMPATH\CodeIgniter.php(355): CodeIgniter\CodeIgniter->handleRequest(null, Object(Config\Cache), false)
 8 SYSTEMPATH\Boot.php(325): CodeIgniter\CodeIgniter->run()
 9 SYSTEMPATH\Boot.php(67): CodeIgniter\Boot::runCodeIgniter(Object(CodeIgniter\CodeIgniter))
10 FCPATH\index.php(56): CodeIgniter\Boot::bootWeb(Object(Config\Paths))
CRITICAL - 2024-07-09 04:48:51 --> [Caused by] CodeIgniter\Database\Exceptions\DatabaseException: Cannot delete or update a parent row: a foreign key constraint fails (`db_disnakerci4`.`pencaker_dokumen`, CONSTRAINT `fk_pencaker_dokumen_pencaker1` FOREIGN KEY (`pencaker_id`) REFERENCES `pencaker` (`id`))
in SYSTEMPATH\Database\MySQLi\Connection.php on line 317.
 1 SYSTEMPATH\Database\BaseConnection.php(734): CodeIgniter\Database\MySQLi\Connection->execute('DELETE FROM `pencaker`
WHERE `id` IN (\'10\')')
 2 SYSTEMPATH\Database\BaseConnection.php(648): CodeIgniter\Database\BaseConnection->simpleQuery('DELETE FROM `pencaker`
WHERE `id` IN (\'10\')')
 3 SYSTEMPATH\Database\BaseBuilder.php(2835): CodeIgniter\Database\BaseConnection->query('DELETE FROM `pencaker`
WHERE `id` IN :id:', [...], false)
 4 SYSTEMPATH\Model.php(521): CodeIgniter\Database\BaseBuilder->delete()
 5 SYSTEMPATH\BaseModel.php(1158): CodeIgniter\Model->doDelete([...], false)
 6 APPPATH\Controllers\Admin.php(115): CodeIgniter\BaseModel->delete([...])
 7 SYSTEMPATH\CodeIgniter.php(933): App\Controllers\Admin->hapus_pencaker()
 8 SYSTEMPATH\CodeIgniter.php(509): CodeIgniter\CodeIgniter->runController(Object(App\Controllers\Admin))
 9 SYSTEMPATH\CodeIgniter.php(355): CodeIgniter\CodeIgniter->handleRequest(null, Object(Config\Cache), false)
10 SYSTEMPATH\Boot.php(325): CodeIgniter\CodeIgniter->run()
11 SYSTEMPATH\Boot.php(67): CodeIgniter\Boot::runCodeIgniter(Object(CodeIgniter\CodeIgniter))
12 FCPATH\index.php(56): CodeIgniter\Boot::bootWeb(Object(Config\Paths))
CRITICAL - 2024-07-09 04:48:51 --> [Caused by] mysqli_sql_exception: Cannot delete or update a parent row: a foreign key constraint fails (`db_disnakerci4`.`pencaker_dokumen`, CONSTRAINT `fk_pencaker_dokumen_pencaker1` FOREIGN KEY (`pencaker_id`) REFERENCES `pencaker` (`id`))
in SYSTEMPATH\Database\MySQLi\Connection.php on line 312.
 1 SYSTEMPATH\Database\MySQLi\Connection.php(312): mysqli->query('DELETE FROM `pencaker`
WHERE `id` IN (\'10\')', 0)
 2 SYSTEMPATH\Database\BaseConnection.php(734): CodeIgniter\Database\MySQLi\Connection->execute('DELETE FROM `pencaker`
WHERE `id` IN (\'10\')')
 3 SYSTEMPATH\Database\BaseConnection.php(648): CodeIgniter\Database\BaseConnection->simpleQuery('DELETE FROM `pencaker`
WHERE `id` IN (\'10\')')
 4 SYSTEMPATH\Database\BaseBuilder.php(2835): CodeIgniter\Database\BaseConnection->query('DELETE FROM `pencaker`
WHERE `id` IN :id:', [...], false)
 5 SYSTEMPATH\Model.php(521): CodeIgniter\Database\BaseBuilder->delete()
 6 SYSTEMPATH\BaseModel.php(1158): CodeIgniter\Model->doDelete([...], false)
 7 APPPATH\Controllers\Admin.php(115): CodeIgniter\BaseModel->delete([...])
 8 SYSTEMPATH\CodeIgniter.php(933): App\Controllers\Admin->hapus_pencaker()
 9 SYSTEMPATH\CodeIgniter.php(509): CodeIgniter\CodeIgniter->runController(Object(App\Controllers\Admin))
10 SYSTEMPATH\CodeIgniter.php(355): CodeIgniter\CodeIgniter->handleRequest(null, Object(Config\Cache), false)
11 SYSTEMPATH\Boot.php(325): CodeIgniter\CodeIgniter->run()
12 SYSTEMPATH\Boot.php(67): CodeIgniter\Boot::runCodeIgniter(Object(CodeIgniter\CodeIgniter))
13 FCPATH\index.php(56): CodeIgniter\Boot::bootWeb(Object(Config\Paths))
ERROR - 2024-07-09 11:33:19 --> mysqli_sql_exception: Referencing column 'user_id' and referenced column 'id' in foreign key constraint 'auth_tokens_user_id_foreign' are incompatible. in C:\laragon\www\disnakerci4\vendor\codeigniter4\framework\system\Database\MySQLi\Connection.php:312
Stack trace:
#0 C:\laragon\www\disnakerci4\vendor\codeigniter4\framework\system\Database\MySQLi\Connection.php(312): mysqli->query('CREATE TABLE `a...', 0)
#1 C:\laragon\www\disnakerci4\vendor\codeigniter4\framework\system\Database\BaseConnection.php(734): CodeIgniter\Database\MySQLi\Connection->execute('CREATE TABLE `a...')
#2 C:\laragon\www\disnakerci4\vendor\codeigniter4\framework\system\Database\BaseConnection.php(648): CodeIgniter\Database\BaseConnection->simpleQuery('CREATE TABLE `a...')
#3 C:\laragon\www\disnakerci4\vendor\codeigniter4\framework\system\Database\Forge.php(570): CodeIgniter\Database\BaseConnection->query('CREATE TABLE `a...')
#4 C:\laragon\www\disnakerci4\vendor\myth\auth\src\Database\Migrations\2017-11-20-223112_create_auth_tables.php(65): CodeIgniter\Database\Forge->createTable('auth_tokens', true)
#5 C:\laragon\www\disnakerci4\vendor\codeigniter4\framework\system\Database\MigrationRunner.php(867): Myth\Auth\Database\Migrations\CreateAuthTables->up()
#6 C:\laragon\www\disnakerci4\vendor\codeigniter4\framework\system\Database\MigrationRunner.php(183): CodeIgniter\Database\MigrationRunner->migrate('up', Object(stdClass))
#7 C:\laragon\www\disnakerci4\vendor\codeigniter4\framework\system\Commands\Database\Migrate.php(85): CodeIgniter\Database\MigrationRunner->latest(NULL)
#8 C:\laragon\www\disnakerci4\vendor\codeigniter4\framework\system\CLI\Commands.php(70): CodeIgniter\Commands\Database\Migrate->run(Array)
#9 C:\laragon\www\disnakerci4\vendor\codeigniter4\framework\system\CLI\Console.php(48): CodeIgniter\CLI\Commands->run('migrate', Array)
#10 C:\laragon\www\disnakerci4\vendor\codeigniter4\framework\system\Boot.php(351): CodeIgniter\CLI\Console->run()
#11 C:\laragon\www\disnakerci4\vendor\codeigniter4\framework\system\Boot.php(104): CodeIgniter\Boot::runCommand(Object(CodeIgniter\CLI\Console))
#12 C:\laragon\www\disnakerci4\spark(84): CodeIgniter\Boot::bootSpark(Object(Config\Paths))
#13 {main}
ERROR - 2024-07-09 11:34:12 --> mysqli_sql_exception: Referencing column 'user_id' and referenced column 'id' in foreign key constraint 'auth_tokens_user_id_foreign' are incompatible. in C:\laragon\www\disnakerci4\vendor\codeigniter4\framework\system\Database\MySQLi\Connection.php:312
Stack trace:
#0 C:\laragon\www\disnakerci4\vendor\codeigniter4\framework\system\Database\MySQLi\Connection.php(312): mysqli->query('CREATE TABLE `a...', 0)
#1 C:\laragon\www\disnakerci4\vendor\codeigniter4\framework\system\Database\BaseConnection.php(734): CodeIgniter\Database\MySQLi\Connection->execute('CREATE TABLE `a...')
#2 C:\laragon\www\disnakerci4\vendor\codeigniter4\framework\system\Database\BaseConnection.php(648): CodeIgniter\Database\BaseConnection->simpleQuery('CREATE TABLE `a...')
#3 C:\laragon\www\disnakerci4\vendor\codeigniter4\framework\system\Database\Forge.php(570): CodeIgniter\Database\BaseConnection->query('CREATE TABLE `a...')
#4 C:\laragon\www\disnakerci4\vendor\myth\auth\src\Database\Migrations\2017-11-20-223112_create_auth_tables.php(65): CodeIgniter\Database\Forge->createTable('auth_tokens', true)
#5 C:\laragon\www\disnakerci4\vendor\codeigniter4\framework\system\Database\MigrationRunner.php(867): Myth\Auth\Database\Migrations\CreateAuthTables->up()
#6 C:\laragon\www\disnakerci4\vendor\codeigniter4\framework\system\Database\MigrationRunner.php(183): CodeIgniter\Database\MigrationRunner->migrate('up', Object(stdClass))
#7 C:\laragon\www\disnakerci4\vendor\codeigniter4\framework\system\Commands\Database\Migrate.php(85): CodeIgniter\Database\MigrationRunner->latest(NULL)
#8 C:\laragon\www\disnakerci4\vendor\codeigniter4\framework\system\CLI\Commands.php(70): CodeIgniter\Commands\Database\Migrate->run(Array)
#9 C:\laragon\www\disnakerci4\vendor\codeigniter4\framework\system\CLI\Console.php(48): CodeIgniter\CLI\Commands->run('migrate', Array)
#10 C:\laragon\www\disnakerci4\vendor\codeigniter4\framework\system\Boot.php(351): CodeIgniter\CLI\Console->run()
#11 C:\laragon\www\disnakerci4\vendor\codeigniter4\framework\system\Boot.php(104): CodeIgniter\Boot::runCommand(Object(CodeIgniter\CLI\Console))
#12 C:\laragon\www\disnakerci4\spark(84): CodeIgniter\Boot::bootSpark(Object(Config\Paths))
#13 {main}
CRITICAL - 2024-07-09 11:49:10 --> ErrorException: Undefined array key "login"
[Method: GET, Route: admin/berita]
in SYSTEMPATH\Filters\Filters.php on line 754.
 1 SYSTEMPATH\Filters\Filters.php(754): CodeIgniter\Debug\Exceptions->errorHandler(2, 'Undefined array key "login"', 'C:\\laragon\\www\\disnakerci4\\vendor\\codeigniter4\\framework\\system\\Filters\\Filters.php', 754)
 2 SYSTEMPATH\Filters\Filters.php(697): CodeIgniter\Filters\Filters->registerArguments('login', [])
 3 SYSTEMPATH\Filters\Filters.php(398): CodeIgniter\Filters\Filters->processFilters('admin/berita')
 4 SYSTEMPATH\Filters\Filters.php(181): CodeIgniter\Filters\Filters->initialize('admin/berita')
 5 SYSTEMPATH\CodeIgniter.php(481): CodeIgniter\Filters\Filters->run('admin/berita', 'before')
 6 SYSTEMPATH\CodeIgniter.php(355): CodeIgniter\CodeIgniter->handleRequest(null, Object(Config\Cache), false)
 7 SYSTEMPATH\Boot.php(325): CodeIgniter\CodeIgniter->run()
 8 SYSTEMPATH\Boot.php(67): CodeIgniter\Boot::runCodeIgniter(Object(CodeIgniter\CodeIgniter))
 9 FCPATH\index.php(56): CodeIgniter\Boot::bootWeb(Object(Config\Paths))
CRITICAL - 2024-07-09 11:51:13 --> CodeIgniter\Filters\Exceptions\FilterException: "login" filter must have a matching alias defined.
[Method: GET, Route: admin/berita]
in SYSTEMPATH\Filters\Filters.php on line 778.
 1 SYSTEMPATH\Filters\Filters.php(778): CodeIgniter\Filters\Exceptions\FilterException::forNoAlias('login')
 2 SYSTEMPATH\Filters\Filters.php(406): CodeIgniter\Filters\Filters->processAliasesToClass('before')
 3 SYSTEMPATH\Filters\Filters.php(181): CodeIgniter\Filters\Filters->initialize('admin/berita')
 4 SYSTEMPATH\CodeIgniter.php(481): CodeIgniter\Filters\Filters->run('admin/berita', 'before')
 5 SYSTEMPATH\CodeIgniter.php(355): CodeIgniter\CodeIgniter->handleRequest(null, Object(Config\Cache), false)
 6 SYSTEMPATH\Boot.php(325): CodeIgniter\CodeIgniter->run()
 7 SYSTEMPATH\Boot.php(67): CodeIgniter\Boot::runCodeIgniter(Object(CodeIgniter\CodeIgniter))
 8 FCPATH\index.php(56): CodeIgniter\Boot::bootWeb(Object(Config\Paths))
INFO - 2024-07-09 11:53:08 --> Session: Class initialized using 'CodeIgniter\Session\Handlers\FileHandler' driver.
INFO - 2024-07-09 11:53:08 --> Session: Class initialized using 'CodeIgniter\Session\Handlers\FileHandler' driver.
INFO - 2024-07-09 12:13:08 --> Session: Class initialized using 'CodeIgniter\Session\Handlers\FileHandler' driver.
INFO - 2024-07-09 12:13:08 --> Session: Class initialized using 'CodeIgniter\Session\Handlers\FileHandler' driver.
INFO - 2024-07-09 12:13:16 --> Session: Class initialized using 'CodeIgniter\Session\Handlers\FileHandler' driver.
INFO - 2024-07-09 12:13:27 --> Session: Class initialized using 'CodeIgniter\Session\Handlers\FileHandler' driver.
INFO - 2024-07-09 12:13:27 --> Session: Class initialized using 'CodeIgniter\Session\Handlers\FileHandler' driver.
INFO - 2024-07-09 12:14:32 --> Session: Class initialized using 'CodeIgniter\Session\Handlers\FileHandler' driver.
INFO - 2024-07-09 12:14:32 --> Session: Class initialized using 'CodeIgniter\Session\Handlers\FileHandler' driver.
INFO - 2024-07-09 12:15:02 --> Session: Class initialized using 'CodeIgniter\Session\Handlers\FileHandler' driver.
INFO - 2024-07-09 12:15:02 --> Session: Class initialized using 'CodeIgniter\Session\Handlers\FileHandler' driver.
INFO - 2024-07-09 12:15:09 --> Session: Class initialized using 'CodeIgniter\Session\Handlers\FileHandler' driver.
INFO - 2024-07-09 12:15:36 --> Session: Class initialized using 'CodeIgniter\Session\Handlers\FileHandler' driver.
CRITICAL - 2024-07-09 12:15:36 --> ErrorException: Could not check compatibility between Myth\Auth\Authentication\Passwords\CompositionValidator::check(string $password, ?CodeIgniter\Entity\Entity $user = null): bool and Myth\Auth\Authentication\Passwords\ValidatorInterface::check(string $password, ?CodeIgniter\Entity $user = null): bool, because class CodeIgniter\Entity is not available
[Method: POST, Route: register]
in VENDORPATH\myth\auth\src\Authentication\Passwords\CompositionValidator.php on line 28.
 1 [internal function]: CodeIgniter\Debug\Exceptions->shutdownHandler()
INFO - 2024-07-09 12:17:11 --> Session: Class initialized using 'CodeIgniter\Session\Handlers\FileHandler' driver.
INFO - 2024-07-09 12:17:30 --> Session: Class initialized using 'CodeIgniter\Session\Handlers\FileHandler' driver.
CRITICAL - 2024-07-09 12:17:30 --> ErrorException: Could not check compatibility between Myth\Auth\Authentication\Passwords\CompositionValidator::check(string $password, ?CodeIgniter\Entity\Entity $user = null): bool and Myth\Auth\Authentication\Passwords\ValidatorInterface::check(string $password, ?CodeIgniter\Entity $user = null): bool, because class CodeIgniter\Entity is not available
[Method: POST, Route: register]
in VENDORPATH\myth\auth\src\Authentication\Passwords\CompositionValidator.php on line 28.
 1 [internal function]: CodeIgniter\Debug\Exceptions->shutdownHandler()
INFO - 2024-07-09 12:18:31 --> Session: Class initialized using 'CodeIgniter\Session\Handlers\FileHandler' driver.
INFO - 2024-07-09 12:18:31 --> Session: Class initialized using 'CodeIgniter\Session\Handlers\FileHandler' driver.
INFO - 2024-07-09 12:18:44 --> Session: Class initialized using 'CodeIgniter\Session\Handlers\FileHandler' driver.
INFO - 2024-07-09 12:18:47 --> Session: Class initialized using 'CodeIgniter\Session\Handlers\FileHandler' driver.
INFO - 2024-07-09 12:18:56 --> Session: Class initialized using 'CodeIgniter\Session\Handlers\FileHandler' driver.
INFO - 2024-07-09 12:18:56 --> Session: Class initialized using 'CodeIgniter\Session\Handlers\FileHandler' driver.
INFO - 2024-07-09 12:19:57 --> Session: Class initialized using 'CodeIgniter\Session\Handlers\FileHandler' driver.
INFO - 2024-07-09 12:19:57 --> Session: Class initialized using 'CodeIgniter\Session\Handlers\FileHandler' driver.
INFO - 2024-07-09 22:03:57 --> Session: Class initialized using 'CodeIgniter\Session\Handlers\FileHandler' driver.
INFO - 2024-07-09 22:03:58 --> Session: Class initialized using 'CodeIgniter\Session\Handlers\FileHandler' driver.
INFO - 2024-07-09 22:04:02 --> Session: Class initialized using 'CodeIgniter\Session\Handlers\FileHandler' driver.
INFO - 2024-07-09 22:04:59 --> Session: Class initialized using 'CodeIgniter\Session\Handlers\FileHandler' driver.
INFO - 2024-07-09 22:05:00 --> Session: Class initialized using 'CodeIgniter\Session\Handlers\FileHandler' driver.
INFO - 2024-07-09 22:05:03 --> Session: Class initialized using 'CodeIgniter\Session\Handlers\FileHandler' driver.
INFO - 2024-07-09 22:05:04 --> Session: Class initialized using 'CodeIgniter\Session\Handlers\FileHandler' driver.
INFO - 2024-07-09 22:05:05 --> Session: Class initialized using 'CodeIgniter\Session\Handlers\FileHandler' driver.
INFO - 2024-07-09 22:05:06 --> Session: Class initialized using 'CodeIgniter\Session\Handlers\FileHandler' driver.
CRITICAL - 2024-07-09 22:05:06 --> ErrorException: Undefined array key "name"
[Method: POST, Route: admin/usersajax]
in APPPATH\Controllers\Admin.php on line 722.
 1 APPPATH\Controllers\Admin.php(722): CodeIgniter\Debug\Exceptions->errorHandler(2, 'Undefined array key "name"', 'C:\\laragon\\www\\disnakerci4\\app\\Controllers\\Admin.php', 722)
 2 SYSTEMPATH\CodeIgniter.php(933): App\Controllers\Admin->usersajax()
 3 SYSTEMPATH\CodeIgniter.php(509): CodeIgniter\CodeIgniter->runController(Object(App\Controllers\Admin))
 4 SYSTEMPATH\CodeIgniter.php(355): CodeIgniter\CodeIgniter->handleRequest(null, Object(Config\Cache), false)
 5 SYSTEMPATH\Boot.php(325): CodeIgniter\CodeIgniter->run()
 6 SYSTEMPATH\Boot.php(67): CodeIgniter\Boot::runCodeIgniter(Object(CodeIgniter\CodeIgniter))
 7 FCPATH\index.php(56): CodeIgniter\Boot::bootWeb(Object(Config\Paths))
INFO - 2024-07-09 22:05:11 --> Session: Class initialized using 'CodeIgniter\Session\Handlers\FileHandler' driver.
INFO - 2024-07-09 22:05:12 --> Session: Class initialized using 'CodeIgniter\Session\Handlers\FileHandler' driver.
INFO - 2024-07-09 22:05:13 --> Session: Class initialized using 'CodeIgniter\Session\Handlers\FileHandler' driver.
CRITICAL - 2024-07-09 22:05:13 --> ErrorException: Undefined array key "name"
[Method: POST, Route: admin/usersajax]
in APPPATH\Controllers\Admin.php on line 722.
 1 APPPATH\Controllers\Admin.php(722): CodeIgniter\Debug\Exceptions->errorHandler(2, 'Undefined array key "name"', 'C:\\laragon\\www\\disnakerci4\\app\\Controllers\\Admin.php', 722)
 2 SYSTEMPATH\CodeIgniter.php(933): App\Controllers\Admin->usersajax()
 3 SYSTEMPATH\CodeIgniter.php(509): CodeIgniter\CodeIgniter->runController(Object(App\Controllers\Admin))
 4 SYSTEMPATH\CodeIgniter.php(355): CodeIgniter\CodeIgniter->handleRequest(null, Object(Config\Cache), false)
 5 SYSTEMPATH\Boot.php(325): CodeIgniter\CodeIgniter->run()
 6 SYSTEMPATH\Boot.php(67): CodeIgniter\Boot::runCodeIgniter(Object(CodeIgniter\CodeIgniter))
 7 FCPATH\index.php(56): CodeIgniter\Boot::bootWeb(Object(Config\Paths))
INFO - 2024-07-09 22:07:16 --> Session: Class initialized using 'CodeIgniter\Session\Handlers\FileHandler' driver.
INFO - 2024-07-09 22:07:18 --> Session: Class initialized using 'CodeIgniter\Session\Handlers\FileHandler' driver.
INFO - 2024-07-09 22:07:19 --> Session: Class initialized using 'CodeIgniter\Session\Handlers\FileHandler' driver.
INFO - 2024-07-09 22:07:24 --> Session: Class initialized using 'CodeIgniter\Session\Handlers\FileHandler' driver.
INFO - 2024-07-09 22:07:24 --> Session: Class initialized using 'CodeIgniter\Session\Handlers\FileHandler' driver.
CRITICAL - 2024-07-09 22:07:24 --> ErrorException: Undefined array key "name"
[Method: POST, Route: admin/usersajax]
in APPPATH\Controllers\Admin.php on line 722.
 1 APPPATH\Controllers\Admin.php(722): CodeIgniter\Debug\Exceptions->errorHandler(2, 'Undefined array key "name"', 'C:\\laragon\\www\\disnakerci4\\app\\Controllers\\Admin.php', 722)
 2 SYSTEMPATH\CodeIgniter.php(933): App\Controllers\Admin->usersajax()
 3 SYSTEMPATH\CodeIgniter.php(509): CodeIgniter\CodeIgniter->runController(Object(App\Controllers\Admin))
 4 SYSTEMPATH\CodeIgniter.php(355): CodeIgniter\CodeIgniter->handleRequest(null, Object(Config\Cache), false)
 5 SYSTEMPATH\Boot.php(325): CodeIgniter\CodeIgniter->run()
 6 SYSTEMPATH\Boot.php(67): CodeIgniter\Boot::runCodeIgniter(Object(CodeIgniter\CodeIgniter))
 7 FCPATH\index.php(56): CodeIgniter\Boot::bootWeb(Object(Config\Paths))
