CRITICAL - 2024-07-08 00:58:16 --> ErrorException: unlink(G:\laragon\www\disnakerci4\writable\debugbar/debugbar_1720367890.978956.json): No such file or directory
[Method: GET, Route: /]
in SYSTEMPATH\Debug\Toolbar\Collectors\History.php on line 82.
 1 [internal function]: CodeIgniter\Debug\Exceptions->errorHandler(2, 'unlink(G:\\laragon\\www\\disnakerci4\\writable\\debugbar/debugbar_1720367890.978956.json): No such file or directory', 'G:\\laragon\\www\\disnakerci4\\vendor\\codeigniter4\\framework\\system\\Debug\\Toolbar\\Collectors\\History.php', 82)
 2 SYSTEMPATH\Debug\Toolbar\Collectors\History.php(82): unlink('G:\\laragon\\www\\disnakerci4\\writable\\debugbar/debugbar_1720367890.978956.json')
 3 SYSTEMPATH\Debug\Toolbar.php(518): CodeIgniter\Debug\Toolbar\Collectors\History->setFiles('1720367896.635775', 20)
 4 SYSTEMPATH\Debug\Toolbar.php(497): CodeIgniter\Debug\Toolbar->format([...], 'html')
 5 APPPATH\Config\Events.php(47): CodeIgniter\Debug\Toolbar->respond()
 6 SYSTEMPATH\Events\Events.php(155): CodeIgniter\Events\Events::Config\{closure}()
 7 SYSTEMPATH\CodeIgniter.php(340): CodeIgniter\Events\Events::trigger('pre_system')
 8 SYSTEMPATH\Boot.php(325): CodeIgniter\CodeIgniter->run()
 9 SYSTEMPATH\Boot.php(67): CodeIgniter\Boot::runCodeIgniter(Object(CodeIgniter\CodeIgniter))
10 FCPATH\index.php(56): CodeIgniter\Boot::bootWeb(Object(Config\Paths))
CRITICAL - 2024-07-08 01:56:04 --> CodeIgniter\View\Exceptions\ViewException: Invalid file: "admqain/template.php"
[Method: GET, Route: admin_v2]
in SYSTEMPATH\Exceptions\FrameworkException.php on line 41.
 1 SYSTEMPATH\View\View.php(222): CodeIgniter\Exceptions\FrameworkException::forInvalidFile('admqain/template.php')
 2 SYSTEMPATH\View\View.php(250): CodeIgniter\View\View->render('admqain/template', [], true)
 3 SYSTEMPATH\Common.php(1171): CodeIgniter\View\View->render('admin/beranda', [], true)
 4 APPPATH\Controllers\Admin_v2.php(22): view('admin/beranda', [...])
 5 APPPATH\Controllers\Admin_v2.php(14): App\Controllers\Admin_v2->loadView('admin/beranda')
 6 SYSTEMPATH\CodeIgniter.php(933): App\Controllers\Admin_v2->index()
 7 SYSTEMPATH\CodeIgniter.php(509): CodeIgniter\CodeIgniter->runController(Object(App\Controllers\Admin_v2))
 8 SYSTEMPATH\CodeIgniter.php(355): CodeIgniter\CodeIgniter->handleRequest(null, Object(Config\Cache), false)
 9 SYSTEMPATH\Boot.php(325): CodeIgniter\CodeIgniter->run()
10 SYSTEMPATH\Boot.php(67): CodeIgniter\Boot::runCodeIgniter(Object(CodeIgniter\CodeIgniter))
11 FCPATH\index.php(56): CodeIgniter\Boot::bootWeb(Object(Config\Paths))
CRITICAL - 2024-07-08 04:07:56 --> ErrorException: Undefined variable $current_uri
[Method: GET, Route: admin/berita]
in APPPATH\Views\admin\template.php on line 189.
 1 APPPATH\Views\admin\template.php(189): CodeIgniter\Debug\Exceptions->errorHandler(2, 'Undefined variable $current_uri', 'G:\\laragon\\www\\disnakerci4\\app\\Views\\admin\\template.php', 189)
 2 SYSTEMPATH\View\View.php(234): include('G:\\laragon\\www\\disnakerci4\\app\\Views\\admin\\template.php')
 3 SYSTEMPATH\View\View.php(237): CodeIgniter\View\View->CodeIgniter\View\{closure}()
 4 SYSTEMPATH\View\View.php(250): CodeIgniter\View\View->render('admin/template', [], true)
 5 SYSTEMPATH\Common.php(1171): CodeIgniter\View\View->render('admin/berita', [], true)
 6 APPPATH\Controllers\Admin_v2.php(27): view('admin/berita', [...])
 7 SYSTEMPATH\CodeIgniter.php(933): App\Controllers\Admin_v2->berita()
 8 SYSTEMPATH\CodeIgniter.php(509): CodeIgniter\CodeIgniter->runController(Object(App\Controllers\Admin_v2))
 9 SYSTEMPATH\CodeIgniter.php(355): CodeIgniter\CodeIgniter->handleRequest(null, Object(Config\Cache), false)
10 SYSTEMPATH\Boot.php(325): CodeIgniter\CodeIgniter->run()
11 SYSTEMPATH\Boot.php(67): CodeIgniter\Boot::runCodeIgniter(Object(CodeIgniter\CodeIgniter))
12 FCPATH\index.php(56): CodeIgniter\Boot::bootWeb(Object(Config\Paths))
CRITICAL - 2024-07-08 04:46:23 --> Error: Call to a member function isValid() on null
[Method: POST, Route: admin_v2/upload_gambar]
in APPPATH\Controllers\Admin_v2.php on line 101.
 1 SYSTEMPATH\CodeIgniter.php(933): App\Controllers\Admin_v2->upload_gambar()
 2 SYSTEMPATH\CodeIgniter.php(509): CodeIgniter\CodeIgniter->runController(Object(App\Controllers\Admin_v2))
 3 SYSTEMPATH\CodeIgniter.php(355): CodeIgniter\CodeIgniter->handleRequest(null, Object(Config\Cache), false)
 4 SYSTEMPATH\Boot.php(325): CodeIgniter\CodeIgniter->run()
 5 SYSTEMPATH\Boot.php(67): CodeIgniter\Boot::runCodeIgniter(Object(CodeIgniter\CodeIgniter))
 6 FCPATH\index.php(56): CodeIgniter\Boot::bootWeb(Object(Config\Paths))
INFO - 2024-07-08 05:47:08 --> Session: Class initialized using 'CodeIgniter\Session\Handlers\FileHandler' driver.
INFO - 2024-07-08 05:47:10 --> Session: Class initialized using 'CodeIgniter\Session\Handlers\FileHandler' driver.
INFO - 2024-07-08 05:47:17 --> Session: Class initialized using 'CodeIgniter\Session\Handlers\FileHandler' driver.
CRITICAL - 2024-07-08 05:47:47 --> CodeIgniter\View\Exceptions\ViewException: Invalid file: "admin/beritamad.php"
[Method: GET, Route: admin/berita]
in SYSTEMPATH\Exceptions\FrameworkException.php on line 41.
 1 SYSTEMPATH\View\View.php(222): CodeIgniter\Exceptions\FrameworkException::forInvalidFile('admin/beritamad.php')
 2 SYSTEMPATH\Common.php(1171): CodeIgniter\View\View->render('admin/beritamad', [], true)
 3 APPPATH\Controllers\Admin_v2.php(35): view('admin/beritamad', [...])
 4 SYSTEMPATH\CodeIgniter.php(933): App\Controllers\Admin_v2->berita()
 5 SYSTEMPATH\CodeIgniter.php(509): CodeIgniter\CodeIgniter->runController(Object(App\Controllers\Admin_v2))
 6 SYSTEMPATH\CodeIgniter.php(355): CodeIgniter\CodeIgniter->handleRequest(null, Object(Config\Cache), false)
 7 SYSTEMPATH\Boot.php(325): CodeIgniter\CodeIgniter->run()
 8 SYSTEMPATH\Boot.php(67): CodeIgniter\Boot::runCodeIgniter(Object(CodeIgniter\CodeIgniter))
 9 FCPATH\index.php(56): CodeIgniter\Boot::bootWeb(Object(Config\Paths))
INFO - 2024-07-08 05:47:54 --> Session: Class initialized using 'CodeIgniter\Session\Handlers\FileHandler' driver.
INFO - 2024-07-08 05:47:55 --> Session: Class initialized using 'CodeIgniter\Session\Handlers\FileHandler' driver.
INFO - 2024-07-08 05:47:56 --> Session: Class initialized using 'CodeIgniter\Session\Handlers\FileHandler' driver.
INFO - 2024-07-08 05:47:56 --> Session: Class initialized using 'CodeIgniter\Session\Handlers\FileHandler' driver.
INFO - 2024-07-08 05:47:56 --> Session: Class initialized using 'CodeIgniter\Session\Handlers\FileHandler' driver.
INFO - 2024-07-08 05:47:56 --> Session: Class initialized using 'CodeIgniter\Session\Handlers\FileHandler' driver.
INFO - 2024-07-08 05:48:27 --> Session: Class initialized using 'CodeIgniter\Session\Handlers\FileHandler' driver.
INFO - 2024-07-08 05:49:00 --> Session: Class initialized using 'CodeIgniter\Session\Handlers\FileHandler' driver.
INFO - 2024-07-08 05:49:14 --> Session: Class initialized using 'CodeIgniter\Session\Handlers\FileHandler' driver.
CRITICAL - 2024-07-08 06:11:26 --> Error: Call to a member function isValid() on null
[Method: POST, Route: admin/save_berita]
in APPPATH\Controllers\Admin_v2.php on line 57.
 1 SYSTEMPATH\CodeIgniter.php(933): App\Controllers\Admin_v2->save_berita()
 2 SYSTEMPATH\CodeIgniter.php(509): CodeIgniter\CodeIgniter->runController(Object(App\Controllers\Admin_v2))
 3 SYSTEMPATH\CodeIgniter.php(355): CodeIgniter\CodeIgniter->handleRequest(null, Object(Config\Cache), false)
 4 SYSTEMPATH\Boot.php(325): CodeIgniter\CodeIgniter->run()
 5 SYSTEMPATH\Boot.php(67): CodeIgniter\Boot::runCodeIgniter(Object(CodeIgniter\CodeIgniter))
 6 FCPATH\index.php(56): CodeIgniter\Boot::bootWeb(Object(Config\Paths))
CRITICAL - 2024-07-08 09:56:45 --> ErrorException: Cannot redeclare App\Controllers\limit_sentences() (previously declared in G:\laragon\www\disnakerci4\app\Controllers\Admin_v2.php:49)
[Method: POST, Route: admin/beritaajax]
in APPPATH\Controllers\Admin_v2.php on line 49.
 1 [internal function]: CodeIgniter\Debug\Exceptions->shutdownHandler()
CRITICAL - 2024-07-08 09:57:03 --> ErrorException: Cannot redeclare App\Controllers\limit_sentences() (previously declared in G:\laragon\www\disnakerci4\app\Controllers\Admin_v2.php:49)
[Method: POST, Route: admin/beritaajax]
in APPPATH\Controllers\Admin_v2.php on line 49.
 1 [internal function]: CodeIgniter\Debug\Exceptions->shutdownHandler()
CRITICAL - 2024-07-08 10:46:47 --> Error: Call to undefined function App\Controllers\limit_sentences()
[Method: POST, Route: admin/beritaajax]
in APPPATH\Controllers\Admin_v2.php on line 52.
 1 SYSTEMPATH\CodeIgniter.php(933): App\Controllers\Admin_v2->beritaajax()
 2 SYSTEMPATH\CodeIgniter.php(509): CodeIgniter\CodeIgniter->runController(Object(App\Controllers\Admin_v2))
 3 SYSTEMPATH\CodeIgniter.php(355): CodeIgniter\CodeIgniter->handleRequest(null, Object(Config\Cache), false)
 4 SYSTEMPATH\Boot.php(325): CodeIgniter\CodeIgniter->run()
 5 SYSTEMPATH\Boot.php(67): CodeIgniter\Boot::runCodeIgniter(Object(CodeIgniter\CodeIgniter))
 6 FCPATH\index.php(56): CodeIgniter\Boot::bootWeb(Object(Config\Paths))
CRITICAL - 2024-07-08 10:53:14 --> ErrorException: Declaration of App\Models\FrontendModel::update($id, $data) must be compatible with CodeIgniter\Model::update($id = null, $row = null): bool
[Method: GET, Route: admin/berita]
in APPPATH\Models\FrontendModel.php on line 57.
 1 [internal function]: CodeIgniter\Debug\Exceptions->shutdownHandler()
CRITICAL - 2024-07-08 11:33:12 --> ErrorException: Undefined variable $row
[Method: GET, Route: admin/berita]
in APPPATH\Views\admin\beritama.php on line 378.
 1 APPPATH\Views\admin\beritama.php(378): CodeIgniter\Debug\Exceptions->errorHandler(2, 'Undefined variable $row', 'G:\\laragon\\www\\disnakerci4\\app\\Views\\admin\\beritama.php', 378)
 2 SYSTEMPATH\View\View.php(234): include('G:\\laragon\\www\\disnakerci4\\app\\Views\\admin\\beritama.php')
 3 SYSTEMPATH\View\View.php(237): CodeIgniter\View\View->CodeIgniter\View\{closure}()
 4 SYSTEMPATH\Common.php(1171): CodeIgniter\View\View->render('admin/beritama', [], true)
 5 APPPATH\Controllers\Admin_v2.php(35): view('admin/beritama', [...])
 6 SYSTEMPATH\CodeIgniter.php(933): App\Controllers\Admin_v2->berita()
 7 SYSTEMPATH\CodeIgniter.php(509): CodeIgniter\CodeIgniter->runController(Object(App\Controllers\Admin_v2))
 8 SYSTEMPATH\CodeIgniter.php(355): CodeIgniter\CodeIgniter->handleRequest(null, Object(Config\Cache), false)
 9 SYSTEMPATH\Boot.php(325): CodeIgniter\CodeIgniter->run()
10 SYSTEMPATH\Boot.php(67): CodeIgniter\Boot::runCodeIgniter(Object(CodeIgniter\CodeIgniter))
11 FCPATH\index.php(56): CodeIgniter\Boot::bootWeb(Object(Config\Paths))
CRITICAL - 2024-07-08 11:33:39 --> ErrorException: Undefined variable $row
[Method: GET, Route: admin/berita]
in APPPATH\Views\admin\beritama.php on line 378.
 1 APPPATH\Views\admin\beritama.php(378): CodeIgniter\Debug\Exceptions->errorHandler(2, 'Undefined variable $row', 'G:\\laragon\\www\\disnakerci4\\app\\Views\\admin\\beritama.php', 378)
 2 SYSTEMPATH\View\View.php(234): include('G:\\laragon\\www\\disnakerci4\\app\\Views\\admin\\beritama.php')
 3 SYSTEMPATH\View\View.php(237): CodeIgniter\View\View->CodeIgniter\View\{closure}()
 4 SYSTEMPATH\Common.php(1171): CodeIgniter\View\View->render('admin/beritama', [], true)
 5 APPPATH\Controllers\Admin_v2.php(35): view('admin/beritama', [...])
 6 SYSTEMPATH\CodeIgniter.php(933): App\Controllers\Admin_v2->berita()
 7 SYSTEMPATH\CodeIgniter.php(509): CodeIgniter\CodeIgniter->runController(Object(App\Controllers\Admin_v2))
 8 SYSTEMPATH\CodeIgniter.php(355): CodeIgniter\CodeIgniter->handleRequest(null, Object(Config\Cache), false)
 9 SYSTEMPATH\Boot.php(325): CodeIgniter\CodeIgniter->run()
10 SYSTEMPATH\Boot.php(67): CodeIgniter\Boot::runCodeIgniter(Object(CodeIgniter\CodeIgniter))
11 FCPATH\index.php(56): CodeIgniter\Boot::bootWeb(Object(Config\Paths))
