CRITICAL - 2024-07-06 06:02:55 --> Error: Class "App\Models\FrontendModel" not found
[Method: GET, Route: berita]
in APPPATH\Controllers\Frontend.php on line 37.
 1 SYSTEMPATH\CodeIgniter.php(933): App\Controllers\Frontend->berita()
 2 SYSTEMPATH\CodeIgniter.php(509): CodeIgniter\CodeIgniter->runController(Object(App\Controllers\Frontend))
 3 SYSTEMPATH\CodeIgniter.php(355): CodeIgniter\CodeIgniter->handleRequest(null, Object(Config\Cache), false)
 4 SYSTEMPATH\Boot.php(325): CodeIgniter\CodeIgniter->run()
 5 SYSTEMPATH\Boot.php(67): CodeIgniter\Boot::runCodeIgniter(Object(CodeIgniter\CodeIgniter))
 6 FCPATH\index.php(56): CodeIgniter\Boot::bootWeb(Object(Config\Paths))
CRITICAL - 2024-07-06 06:36:06 --> CodeIgniter\Pager\Exceptions\PagerException: "default" is not a valid Pager template.
[Method: GET, Route: berita]
in SYSTEMPATH\Pager\Pager.php on line 124.
 1 SYSTEMPATH\Pager\Pager.php(124): CodeIgniter\Pager\Exceptions\PagerException::forInvalidTemplate('default')
 2 SYSTEMPATH\Pager\Pager.php(114): CodeIgniter\Pager\Pager->displayLinks('default', 'default')
 3 APPPATH\Controllers\Frontend.php(46): CodeIgniter\Pager\Pager->makeLinks(1, 2, 1, 'default')
 4 SYSTEMPATH\CodeIgniter.php(933): App\Controllers\Frontend->berita()
 5 SYSTEMPATH\CodeIgniter.php(509): CodeIgniter\CodeIgniter->runController(Object(App\Controllers\Frontend))
 6 SYSTEMPATH\CodeIgniter.php(355): CodeIgniter\CodeIgniter->handleRequest(null, Object(Config\Cache), false)
 7 SYSTEMPATH\Boot.php(325): CodeIgniter\CodeIgniter->run()
 8 SYSTEMPATH\Boot.php(67): CodeIgniter\Boot::runCodeIgniter(Object(CodeIgniter\CodeIgniter))
 9 FCPATH\index.php(56): CodeIgniter\Boot::bootWeb(Object(Config\Paths))
CRITICAL - 2024-07-06 06:36:58 --> CodeIgniter\Pager\Exceptions\PagerException: "default" is not a valid Pager template.
[Method: GET, Route: berita]
in SYSTEMPATH\Pager\Pager.php on line 124.
 1 SYSTEMPATH\Pager\Pager.php(124): CodeIgniter\Pager\Exceptions\PagerException::forInvalidTemplate('default')
 2 SYSTEMPATH\Pager\Pager.php(114): CodeIgniter\Pager\Pager->displayLinks('default', 'default')
 3 APPPATH\Controllers\Frontend.php(46): CodeIgniter\Pager\Pager->makeLinks(1, 2, 1, 'default')
 4 SYSTEMPATH\CodeIgniter.php(933): App\Controllers\Frontend->berita()
 5 SYSTEMPATH\CodeIgniter.php(509): CodeIgniter\CodeIgniter->runController(Object(App\Controllers\Frontend))
 6 SYSTEMPATH\CodeIgniter.php(355): CodeIgniter\CodeIgniter->handleRequest(null, Object(Config\Cache), false)
 7 SYSTEMPATH\Boot.php(325): CodeIgniter\CodeIgniter->run()
 8 SYSTEMPATH\Boot.php(67): CodeIgniter\Boot::runCodeIgniter(Object(CodeIgniter\CodeIgniter))
 9 FCPATH\index.php(56): CodeIgniter\Boot::bootWeb(Object(Config\Paths))
CRITICAL - 2024-07-06 06:36:59 --> CodeIgniter\Pager\Exceptions\PagerException: "default" is not a valid Pager template.
[Method: GET, Route: berita]
in SYSTEMPATH\Pager\Pager.php on line 124.
 1 SYSTEMPATH\Pager\Pager.php(124): CodeIgniter\Pager\Exceptions\PagerException::forInvalidTemplate('default')
 2 SYSTEMPATH\Pager\Pager.php(114): CodeIgniter\Pager\Pager->displayLinks('default', 'default')
 3 APPPATH\Controllers\Frontend.php(46): CodeIgniter\Pager\Pager->makeLinks(1, 2, 1, 'default')
 4 SYSTEMPATH\CodeIgniter.php(933): App\Controllers\Frontend->berita()
 5 SYSTEMPATH\CodeIgniter.php(509): CodeIgniter\CodeIgniter->runController(Object(App\Controllers\Frontend))
 6 SYSTEMPATH\CodeIgniter.php(355): CodeIgniter\CodeIgniter->handleRequest(null, Object(Config\Cache), false)
 7 SYSTEMPATH\Boot.php(325): CodeIgniter\CodeIgniter->run()
 8 SYSTEMPATH\Boot.php(67): CodeIgniter\Boot::runCodeIgniter(Object(CodeIgniter\CodeIgniter))
 9 FCPATH\index.php(56): CodeIgniter\Boot::bootWeb(Object(Config\Paths))
CRITICAL - 2024-07-06 06:37:15 --> CodeIgniter\Pager\Exceptions\PagerException: "default" is not a valid Pager template.
[Method: GET, Route: berita]
in SYSTEMPATH\Pager\Pager.php on line 124.
 1 SYSTEMPATH\Pager\Pager.php(124): CodeIgniter\Pager\Exceptions\PagerException::forInvalidTemplate('default')
 2 SYSTEMPATH\Pager\Pager.php(114): CodeIgniter\Pager\Pager->displayLinks('default', 'default')
 3 APPPATH\Controllers\Frontend.php(46): CodeIgniter\Pager\Pager->makeLinks(1, 2, 1, 'default')
 4 SYSTEMPATH\CodeIgniter.php(933): App\Controllers\Frontend->berita()
 5 SYSTEMPATH\CodeIgniter.php(509): CodeIgniter\CodeIgniter->runController(Object(App\Controllers\Frontend))
 6 SYSTEMPATH\CodeIgniter.php(355): CodeIgniter\CodeIgniter->handleRequest(null, Object(Config\Cache), false)
 7 SYSTEMPATH\Boot.php(325): CodeIgniter\CodeIgniter->run()
 8 SYSTEMPATH\Boot.php(67): CodeIgniter\Boot::runCodeIgniter(Object(CodeIgniter\CodeIgniter))
 9 FCPATH\index.php(56): CodeIgniter\Boot::bootWeb(Object(Config\Paths))
CRITICAL - 2024-07-06 06:37:16 --> CodeIgniter\Pager\Exceptions\PagerException: "default" is not a valid Pager template.
[Method: GET, Route: berita]
in SYSTEMPATH\Pager\Pager.php on line 124.
 1 SYSTEMPATH\Pager\Pager.php(124): CodeIgniter\Pager\Exceptions\PagerException::forInvalidTemplate('default')
 2 SYSTEMPATH\Pager\Pager.php(114): CodeIgniter\Pager\Pager->displayLinks('default', 'default')
 3 APPPATH\Controllers\Frontend.php(46): CodeIgniter\Pager\Pager->makeLinks(1, 2, 1, 'default')
 4 SYSTEMPATH\CodeIgniter.php(933): App\Controllers\Frontend->berita()
 5 SYSTEMPATH\CodeIgniter.php(509): CodeIgniter\CodeIgniter->runController(Object(App\Controllers\Frontend))
 6 SYSTEMPATH\CodeIgniter.php(355): CodeIgniter\CodeIgniter->handleRequest(null, Object(Config\Cache), false)
 7 SYSTEMPATH\Boot.php(325): CodeIgniter\CodeIgniter->run()
 8 SYSTEMPATH\Boot.php(67): CodeIgniter\Boot::runCodeIgniter(Object(CodeIgniter\CodeIgniter))
 9 FCPATH\index.php(56): CodeIgniter\Boot::bootWeb(Object(Config\Paths))
CRITICAL - 2024-07-06 06:39:27 --> CodeIgniter\Pager\Exceptions\PagerException: "default" is not a valid Pager template.
[Method: GET, Route: berita]
in SYSTEMPATH\Pager\Pager.php on line 124.
 1 SYSTEMPATH\Pager\Pager.php(124): CodeIgniter\Pager\Exceptions\PagerException::forInvalidTemplate('default')
 2 SYSTEMPATH\Pager\Pager.php(114): CodeIgniter\Pager\Pager->displayLinks('default', 'default')
 3 APPPATH\Controllers\Frontend.php(46): CodeIgniter\Pager\Pager->makeLinks(1, 2, 1, 'default')
 4 SYSTEMPATH\CodeIgniter.php(933): App\Controllers\Frontend->berita()
 5 SYSTEMPATH\CodeIgniter.php(509): CodeIgniter\CodeIgniter->runController(Object(App\Controllers\Frontend))
 6 SYSTEMPATH\CodeIgniter.php(355): CodeIgniter\CodeIgniter->handleRequest(null, Object(Config\Cache), false)
 7 SYSTEMPATH\Boot.php(325): CodeIgniter\CodeIgniter->run()
 8 SYSTEMPATH\Boot.php(67): CodeIgniter\Boot::runCodeIgniter(Object(CodeIgniter\CodeIgniter))
 9 FCPATH\index.php(56): CodeIgniter\Boot::bootWeb(Object(Config\Paths))
CRITICAL - 2024-07-06 06:41:30 --> ErrorException: Undefined variable $current_uris
[Method: GET, Route: berita]
in APPPATH\Views\frontend\template.php on line 53.
 1 APPPATH\Views\frontend\template.php(53): CodeIgniter\Debug\Exceptions->errorHandler(2, 'Undefined variable $current_uris', 'G:\\laragon\\www\\disnakerci4\\app\\Views\\frontend\\template.php', 53)
 2 SYSTEMPATH\View\View.php(234): include('G:\\laragon\\www\\disnakerci4\\app\\Views\\frontend\\template.php')
 3 SYSTEMPATH\View\View.php(237): CodeIgniter\View\View->CodeIgniter\View\{closure}()
 4 SYSTEMPATH\View\View.php(250): CodeIgniter\View\View->render('frontend/template', [], true)
 5 SYSTEMPATH\Common.php(1171): CodeIgniter\View\View->render('frontend/berita', [], true)
 6 APPPATH\Controllers\Frontend.php(51): view('frontend/berita', [...])
 7 SYSTEMPATH\CodeIgniter.php(933): App\Controllers\Frontend->berita()
 8 SYSTEMPATH\CodeIgniter.php(509): CodeIgniter\CodeIgniter->runController(Object(App\Controllers\Frontend))
 9 SYSTEMPATH\CodeIgniter.php(355): CodeIgniter\CodeIgniter->handleRequest(null, Object(Config\Cache), false)
10 SYSTEMPATH\Boot.php(325): CodeIgniter\CodeIgniter->run()
11 SYSTEMPATH\Boot.php(67): CodeIgniter\Boot::runCodeIgniter(Object(CodeIgniter\CodeIgniter))
12 FCPATH\index.php(56): CodeIgniter\Boot::bootWeb(Object(Config\Paths))
CRITICAL - 2024-07-06 06:45:47 --> ErrorException: Undefined variable $current_uris
[Method: GET, Route: berita]
in APPPATH\Views\frontend\template.php on line 53.
 1 APPPATH\Views\frontend\template.php(53): CodeIgniter\Debug\Exceptions->errorHandler(2, 'Undefined variable $current_uris', 'G:\\laragon\\www\\disnakerci4\\app\\Views\\frontend\\template.php', 53)
 2 SYSTEMPATH\View\View.php(234): include('G:\\laragon\\www\\disnakerci4\\app\\Views\\frontend\\template.php')
 3 SYSTEMPATH\View\View.php(237): CodeIgniter\View\View->CodeIgniter\View\{closure}()
 4 SYSTEMPATH\View\View.php(250): CodeIgniter\View\View->render('frontend/template', [], true)
 5 SYSTEMPATH\Common.php(1171): CodeIgniter\View\View->render('frontend/berita', [], true)
 6 APPPATH\Controllers\Frontend.php(51): view('frontend/berita', [...])
 7 SYSTEMPATH\CodeIgniter.php(933): App\Controllers\Frontend->berita()
 8 SYSTEMPATH\CodeIgniter.php(509): CodeIgniter\CodeIgniter->runController(Object(App\Controllers\Frontend))
 9 SYSTEMPATH\CodeIgniter.php(355): CodeIgniter\CodeIgniter->handleRequest(null, Object(Config\Cache), false)
10 SYSTEMPATH\Boot.php(325): CodeIgniter\CodeIgniter->run()
11 SYSTEMPATH\Boot.php(67): CodeIgniter\Boot::runCodeIgniter(Object(CodeIgniter\CodeIgniter))
12 FCPATH\index.php(56): CodeIgniter\Boot::bootWeb(Object(Config\Paths))
CRITICAL - 2024-07-06 06:47:41 --> ErrorException: Undefined variable $current_uris
[Method: GET, Route: berita]
in APPPATH\Views\frontend\template.php on line 53.
 1 APPPATH\Views\frontend\template.php(53): CodeIgniter\Debug\Exceptions->errorHandler(2, 'Undefined variable $current_uris', 'G:\\laragon\\www\\disnakerci4\\app\\Views\\frontend\\template.php', 53)
 2 SYSTEMPATH\View\View.php(234): include('G:\\laragon\\www\\disnakerci4\\app\\Views\\frontend\\template.php')
 3 SYSTEMPATH\View\View.php(237): CodeIgniter\View\View->CodeIgniter\View\{closure}()
 4 SYSTEMPATH\View\View.php(250): CodeIgniter\View\View->render('frontend/template', [], true)
 5 SYSTEMPATH\Common.php(1171): CodeIgniter\View\View->render('frontend/berita', [], true)
 6 APPPATH\Controllers\Frontend.php(51): view('frontend/berita', [...])
 7 SYSTEMPATH\CodeIgniter.php(933): App\Controllers\Frontend->berita()
 8 SYSTEMPATH\CodeIgniter.php(509): CodeIgniter\CodeIgniter->runController(Object(App\Controllers\Frontend))
 9 SYSTEMPATH\CodeIgniter.php(355): CodeIgniter\CodeIgniter->handleRequest(null, Object(Config\Cache), false)
10 SYSTEMPATH\Boot.php(325): CodeIgniter\CodeIgniter->run()
11 SYSTEMPATH\Boot.php(67): CodeIgniter\Boot::runCodeIgniter(Object(CodeIgniter\CodeIgniter))
12 FCPATH\index.php(56): CodeIgniter\Boot::bootWeb(Object(Config\Paths))
CRITICAL - 2024-07-06 06:51:31 --> ErrorException: Undefined variable $current_uris
[Method: GET, Route: berita]
in APPPATH\Views\frontend\template.php on line 53.
 1 APPPATH\Views\frontend\template.php(53): CodeIgniter\Debug\Exceptions->errorHandler(2, 'Undefined variable $current_uris', 'G:\\laragon\\www\\disnakerci4\\app\\Views\\frontend\\template.php', 53)
 2 SYSTEMPATH\View\View.php(234): include('G:\\laragon\\www\\disnakerci4\\app\\Views\\frontend\\template.php')
 3 SYSTEMPATH\View\View.php(237): CodeIgniter\View\View->CodeIgniter\View\{closure}()
 4 SYSTEMPATH\View\View.php(250): CodeIgniter\View\View->render('frontend/template', [], true)
 5 SYSTEMPATH\Common.php(1171): CodeIgniter\View\View->render('frontend/berita', [], true)
 6 APPPATH\Controllers\Frontend.php(51): view('frontend/berita', [...])
 7 SYSTEMPATH\CodeIgniter.php(933): App\Controllers\Frontend->berita()
 8 SYSTEMPATH\CodeIgniter.php(509): CodeIgniter\CodeIgniter->runController(Object(App\Controllers\Frontend))
 9 SYSTEMPATH\CodeIgniter.php(355): CodeIgniter\CodeIgniter->handleRequest(null, Object(Config\Cache), false)
10 SYSTEMPATH\Boot.php(325): CodeIgniter\CodeIgniter->run()
11 SYSTEMPATH\Boot.php(67): CodeIgniter\Boot::runCodeIgniter(Object(CodeIgniter\CodeIgniter))
12 FCPATH\index.php(56): CodeIgniter\Boot::bootWeb(Object(Config\Paths))
CRITICAL - 2024-07-06 06:53:13 --> ErrorException: Undefined variable $current_uris
[Method: GET, Route: berita]
in APPPATH\Views\frontend\template.php on line 53.
 1 APPPATH\Views\frontend\template.php(53): CodeIgniter\Debug\Exceptions->errorHandler(2, 'Undefined variable $current_uris', 'G:\\laragon\\www\\disnakerci4\\app\\Views\\frontend\\template.php', 53)
 2 SYSTEMPATH\View\View.php(234): include('G:\\laragon\\www\\disnakerci4\\app\\Views\\frontend\\template.php')
 3 SYSTEMPATH\View\View.php(237): CodeIgniter\View\View->CodeIgniter\View\{closure}()
 4 SYSTEMPATH\View\View.php(250): CodeIgniter\View\View->render('frontend/template', [], true)
 5 SYSTEMPATH\Common.php(1171): CodeIgniter\View\View->render('frontend/berita', [], true)
 6 APPPATH\Controllers\Frontend.php(51): view('frontend/berita', [...])
 7 SYSTEMPATH\CodeIgniter.php(933): App\Controllers\Frontend->berita()
 8 SYSTEMPATH\CodeIgniter.php(509): CodeIgniter\CodeIgniter->runController(Object(App\Controllers\Frontend))
 9 SYSTEMPATH\CodeIgniter.php(355): CodeIgniter\CodeIgniter->handleRequest(null, Object(Config\Cache), false)
10 SYSTEMPATH\Boot.php(325): CodeIgniter\CodeIgniter->run()
11 SYSTEMPATH\Boot.php(67): CodeIgniter\Boot::runCodeIgniter(Object(CodeIgniter\CodeIgniter))
12 FCPATH\index.php(56): CodeIgniter\Boot::bootWeb(Object(Config\Paths))
CRITICAL - 2024-07-06 06:53:16 --> ErrorException: Undefined variable $current_uris
[Method: GET, Route: berita]
in APPPATH\Views\frontend\template.php on line 53.
 1 APPPATH\Views\frontend\template.php(53): CodeIgniter\Debug\Exceptions->errorHandler(2, 'Undefined variable $current_uris', 'G:\\laragon\\www\\disnakerci4\\app\\Views\\frontend\\template.php', 53)
 2 SYSTEMPATH\View\View.php(234): include('G:\\laragon\\www\\disnakerci4\\app\\Views\\frontend\\template.php')
 3 SYSTEMPATH\View\View.php(237): CodeIgniter\View\View->CodeIgniter\View\{closure}()
 4 SYSTEMPATH\View\View.php(250): CodeIgniter\View\View->render('frontend/template', [], true)
 5 SYSTEMPATH\Common.php(1171): CodeIgniter\View\View->render('frontend/berita', [], true)
 6 APPPATH\Controllers\Frontend.php(51): view('frontend/berita', [...])
 7 SYSTEMPATH\CodeIgniter.php(933): App\Controllers\Frontend->berita()
 8 SYSTEMPATH\CodeIgniter.php(509): CodeIgniter\CodeIgniter->runController(Object(App\Controllers\Frontend))
 9 SYSTEMPATH\CodeIgniter.php(355): CodeIgniter\CodeIgniter->handleRequest(null, Object(Config\Cache), false)
10 SYSTEMPATH\Boot.php(325): CodeIgniter\CodeIgniter->run()
11 SYSTEMPATH\Boot.php(67): CodeIgniter\Boot::runCodeIgniter(Object(CodeIgniter\CodeIgniter))
12 FCPATH\index.php(56): CodeIgniter\Boot::bootWeb(Object(Config\Paths))
CRITICAL - 2024-07-06 06:53:16 --> ErrorException: Undefined variable $current_uris
[Method: GET, Route: berita]
in APPPATH\Views\frontend\template.php on line 53.
 1 APPPATH\Views\frontend\template.php(53): CodeIgniter\Debug\Exceptions->errorHandler(2, 'Undefined variable $current_uris', 'G:\\laragon\\www\\disnakerci4\\app\\Views\\frontend\\template.php', 53)
 2 SYSTEMPATH\View\View.php(234): include('G:\\laragon\\www\\disnakerci4\\app\\Views\\frontend\\template.php')
 3 SYSTEMPATH\View\View.php(237): CodeIgniter\View\View->CodeIgniter\View\{closure}()
 4 SYSTEMPATH\View\View.php(250): CodeIgniter\View\View->render('frontend/template', [], true)
 5 SYSTEMPATH\Common.php(1171): CodeIgniter\View\View->render('frontend/berita', [], true)
 6 APPPATH\Controllers\Frontend.php(51): view('frontend/berita', [...])
 7 SYSTEMPATH\CodeIgniter.php(933): App\Controllers\Frontend->berita()
 8 SYSTEMPATH\CodeIgniter.php(509): CodeIgniter\CodeIgniter->runController(Object(App\Controllers\Frontend))
 9 SYSTEMPATH\CodeIgniter.php(355): CodeIgniter\CodeIgniter->handleRequest(null, Object(Config\Cache), false)
10 SYSTEMPATH\Boot.php(325): CodeIgniter\CodeIgniter->run()
11 SYSTEMPATH\Boot.php(67): CodeIgniter\Boot::runCodeIgniter(Object(CodeIgniter\CodeIgniter))
12 FCPATH\index.php(56): CodeIgniter\Boot::bootWeb(Object(Config\Paths))
CRITICAL - 2024-07-06 06:53:39 --> ErrorException: Undefined variable $current_uris
[Method: GET, Route: berita]
in APPPATH\Views\frontend\template.php on line 53.
 1 APPPATH\Views\frontend\template.php(53): CodeIgniter\Debug\Exceptions->errorHandler(2, 'Undefined variable $current_uris', 'G:\\laragon\\www\\disnakerci4\\app\\Views\\frontend\\template.php', 53)
 2 SYSTEMPATH\View\View.php(234): include('G:\\laragon\\www\\disnakerci4\\app\\Views\\frontend\\template.php')
 3 SYSTEMPATH\View\View.php(237): CodeIgniter\View\View->CodeIgniter\View\{closure}()
 4 SYSTEMPATH\View\View.php(250): CodeIgniter\View\View->render('frontend/template', [], true)
 5 SYSTEMPATH\Common.php(1171): CodeIgniter\View\View->render('frontend/berita', [], true)
 6 APPPATH\Controllers\Frontend.php(53): view('frontend/berita', [...])
 7 SYSTEMPATH\CodeIgniter.php(933): App\Controllers\Frontend->berita()
 8 SYSTEMPATH\CodeIgniter.php(509): CodeIgniter\CodeIgniter->runController(Object(App\Controllers\Frontend))
 9 SYSTEMPATH\CodeIgniter.php(355): CodeIgniter\CodeIgniter->handleRequest(null, Object(Config\Cache), false)
10 SYSTEMPATH\Boot.php(325): CodeIgniter\CodeIgniter->run()
11 SYSTEMPATH\Boot.php(67): CodeIgniter\Boot::runCodeIgniter(Object(CodeIgniter\CodeIgniter))
12 FCPATH\index.php(56): CodeIgniter\Boot::bootWeb(Object(Config\Paths))
CRITICAL - 2024-07-06 06:55:19 --> TypeError: Cannot access offset of type string on string
[Method: GET, Route: berita]
in APPPATH\Views\frontend\template.php on line 53.
 1 SYSTEMPATH\View\View.php(234): include()
 2 SYSTEMPATH\View\View.php(237): CodeIgniter\View\View->CodeIgniter\View\{closure}()
 3 SYSTEMPATH\View\View.php(250): CodeIgniter\View\View->render('frontend/template', [], true)
 4 SYSTEMPATH\Common.php(1171): CodeIgniter\View\View->render('frontend/berita', [], true)
 5 APPPATH\Controllers\Frontend.php(54): view('frontend/berita', [...])
 6 SYSTEMPATH\CodeIgniter.php(933): App\Controllers\Frontend->berita()
 7 SYSTEMPATH\CodeIgniter.php(509): CodeIgniter\CodeIgniter->runController(Object(App\Controllers\Frontend))
 8 SYSTEMPATH\CodeIgniter.php(355): CodeIgniter\CodeIgniter->handleRequest(null, Object(Config\Cache), false)
 9 SYSTEMPATH\Boot.php(325): CodeIgniter\CodeIgniter->run()
10 SYSTEMPATH\Boot.php(67): CodeIgniter\Boot::runCodeIgniter(Object(CodeIgniter\CodeIgniter))
11 FCPATH\index.php(56): CodeIgniter\Boot::bootWeb(Object(Config\Paths))
CRITICAL - 2024-07-06 06:55:28 --> TypeError: Cannot access offset of type string on string
[Method: GET, Route: berita]
in APPPATH\Views\frontend\template.php on line 53.
 1 SYSTEMPATH\View\View.php(234): include()
 2 SYSTEMPATH\View\View.php(237): CodeIgniter\View\View->CodeIgniter\View\{closure}()
 3 SYSTEMPATH\View\View.php(250): CodeIgniter\View\View->render('frontend/template', [], true)
 4 SYSTEMPATH\Common.php(1171): CodeIgniter\View\View->render('frontend/berita', [], true)
 5 APPPATH\Controllers\Frontend.php(54): view('frontend/berita', [...])
 6 SYSTEMPATH\CodeIgniter.php(933): App\Controllers\Frontend->berita()
 7 SYSTEMPATH\CodeIgniter.php(509): CodeIgniter\CodeIgniter->runController(Object(App\Controllers\Frontend))
 8 SYSTEMPATH\CodeIgniter.php(355): CodeIgniter\CodeIgniter->handleRequest(null, Object(Config\Cache), false)
 9 SYSTEMPATH\Boot.php(325): CodeIgniter\CodeIgniter->run()
10 SYSTEMPATH\Boot.php(67): CodeIgniter\Boot::runCodeIgniter(Object(CodeIgniter\CodeIgniter))
11 FCPATH\index.php(56): CodeIgniter\Boot::bootWeb(Object(Config\Paths))
CRITICAL - 2024-07-06 06:55:29 --> TypeError: Cannot access offset of type string on string
[Method: GET, Route: berita]
in APPPATH\Views\frontend\template.php on line 53.
 1 SYSTEMPATH\View\View.php(234): include()
 2 SYSTEMPATH\View\View.php(237): CodeIgniter\View\View->CodeIgniter\View\{closure}()
 3 SYSTEMPATH\View\View.php(250): CodeIgniter\View\View->render('frontend/template', [], true)
 4 SYSTEMPATH\Common.php(1171): CodeIgniter\View\View->render('frontend/berita', [], true)
 5 APPPATH\Controllers\Frontend.php(54): view('frontend/berita', [...])
 6 SYSTEMPATH\CodeIgniter.php(933): App\Controllers\Frontend->berita()
 7 SYSTEMPATH\CodeIgniter.php(509): CodeIgniter\CodeIgniter->runController(Object(App\Controllers\Frontend))
 8 SYSTEMPATH\CodeIgniter.php(355): CodeIgniter\CodeIgniter->handleRequest(null, Object(Config\Cache), false)
 9 SYSTEMPATH\Boot.php(325): CodeIgniter\CodeIgniter->run()
10 SYSTEMPATH\Boot.php(67): CodeIgniter\Boot::runCodeIgniter(Object(CodeIgniter\CodeIgniter))
11 FCPATH\index.php(56): CodeIgniter\Boot::bootWeb(Object(Config\Paths))
CRITICAL - 2024-07-06 07:07:15 --> Error: Call to a member function links() on null
[Method: GET, Route: berita]
in APPPATH\Views\frontend\berita.php on line 61.
 1 SYSTEMPATH\View\View.php(234): include()
 2 SYSTEMPATH\View\View.php(237): CodeIgniter\View\View->CodeIgniter\View\{closure}()
 3 SYSTEMPATH\Common.php(1171): CodeIgniter\View\View->render('frontend/berita', [], true)
 4 APPPATH\Controllers\Frontend.php(102): view('frontend/berita', [...])
 5 APPPATH\Controllers\Frontend.php(54): App\Controllers\Frontend->loadView('frontend/berita', [...])
 6 SYSTEMPATH\CodeIgniter.php(933): App\Controllers\Frontend->berita()
 7 SYSTEMPATH\CodeIgniter.php(509): CodeIgniter\CodeIgniter->runController(Object(App\Controllers\Frontend))
 8 SYSTEMPATH\CodeIgniter.php(355): CodeIgniter\CodeIgniter->handleRequest(null, Object(Config\Cache), false)
 9 SYSTEMPATH\Boot.php(325): CodeIgniter\CodeIgniter->run()
10 SYSTEMPATH\Boot.php(67): CodeIgniter\Boot::runCodeIgniter(Object(CodeIgniter\CodeIgniter))
11 FCPATH\index.php(56): CodeIgniter\Boot::bootWeb(Object(Config\Paths))
CRITICAL - 2024-07-06 07:08:35 --> Error: Call to a member function links() on null
[Method: GET, Route: berita]
in APPPATH\Views\frontend\berita.php on line 61.
 1 SYSTEMPATH\View\View.php(234): include()
 2 SYSTEMPATH\View\View.php(237): CodeIgniter\View\View->CodeIgniter\View\{closure}()
 3 SYSTEMPATH\Common.php(1171): CodeIgniter\View\View->render('frontend/berita', [], true)
 4 APPPATH\Controllers\Frontend.php(107): view('frontend/berita', [...])
 5 APPPATH\Controllers\Frontend.php(58): App\Controllers\Frontend->loadView('frontend/berita', [...])
 6 SYSTEMPATH\CodeIgniter.php(933): App\Controllers\Frontend->berita()
 7 SYSTEMPATH\CodeIgniter.php(509): CodeIgniter\CodeIgniter->runController(Object(App\Controllers\Frontend))
 8 SYSTEMPATH\CodeIgniter.php(355): CodeIgniter\CodeIgniter->handleRequest(null, Object(Config\Cache), false)
 9 SYSTEMPATH\Boot.php(325): CodeIgniter\CodeIgniter->run()
10 SYSTEMPATH\Boot.php(67): CodeIgniter\Boot::runCodeIgniter(Object(CodeIgniter\CodeIgniter))
11 FCPATH\index.php(56): CodeIgniter\Boot::bootWeb(Object(Config\Paths))
CRITICAL - 2024-07-06 07:08:40 --> Error: Call to a member function links() on null
[Method: GET, Route: berita]
in APPPATH\Views\frontend\berita.php on line 61.
 1 SYSTEMPATH\View\View.php(234): include()
 2 SYSTEMPATH\View\View.php(237): CodeIgniter\View\View->CodeIgniter\View\{closure}()
 3 SYSTEMPATH\Common.php(1171): CodeIgniter\View\View->render('frontend/berita', [], true)
 4 APPPATH\Controllers\Frontend.php(107): view('frontend/berita', [...])
 5 APPPATH\Controllers\Frontend.php(58): App\Controllers\Frontend->loadView('frontend/berita', [...])
 6 SYSTEMPATH\CodeIgniter.php(933): App\Controllers\Frontend->berita()
 7 SYSTEMPATH\CodeIgniter.php(509): CodeIgniter\CodeIgniter->runController(Object(App\Controllers\Frontend))
 8 SYSTEMPATH\CodeIgniter.php(355): CodeIgniter\CodeIgniter->handleRequest(null, Object(Config\Cache), false)
 9 SYSTEMPATH\Boot.php(325): CodeIgniter\CodeIgniter->run()
10 SYSTEMPATH\Boot.php(67): CodeIgniter\Boot::runCodeIgniter(Object(CodeIgniter\CodeIgniter))
11 FCPATH\index.php(56): CodeIgniter\Boot::bootWeb(Object(Config\Paths))
CRITICAL - 2024-07-06 07:08:40 --> Error: Call to a member function links() on null
[Method: GET, Route: berita]
in APPPATH\Views\frontend\berita.php on line 61.
 1 SYSTEMPATH\View\View.php(234): include()
 2 SYSTEMPATH\View\View.php(237): CodeIgniter\View\View->CodeIgniter\View\{closure}()
 3 SYSTEMPATH\Common.php(1171): CodeIgniter\View\View->render('frontend/berita', [], true)
 4 APPPATH\Controllers\Frontend.php(107): view('frontend/berita', [...])
 5 APPPATH\Controllers\Frontend.php(58): App\Controllers\Frontend->loadView('frontend/berita', [...])
 6 SYSTEMPATH\CodeIgniter.php(933): App\Controllers\Frontend->berita()
 7 SYSTEMPATH\CodeIgniter.php(509): CodeIgniter\CodeIgniter->runController(Object(App\Controllers\Frontend))
 8 SYSTEMPATH\CodeIgniter.php(355): CodeIgniter\CodeIgniter->handleRequest(null, Object(Config\Cache), false)
 9 SYSTEMPATH\Boot.php(325): CodeIgniter\CodeIgniter->run()
10 SYSTEMPATH\Boot.php(67): CodeIgniter\Boot::runCodeIgniter(Object(CodeIgniter\CodeIgniter))
11 FCPATH\index.php(56): CodeIgniter\Boot::bootWeb(Object(Config\Paths))
CRITICAL - 2024-07-06 07:19:09 --> ErrorException: Undefined variable $uniqueTags
[Method: GET, Route: berita]
in APPPATH\Views\frontend\berita.php on line 83.
 1 APPPATH\Views\frontend\berita.php(83): CodeIgniter\Debug\Exceptions->errorHandler(2, 'Undefined variable $uniqueTags', 'G:\\laragon\\www\\disnakerci4\\app\\Views\\frontend\\berita.php', 83)
 2 SYSTEMPATH\View\View.php(234): include('G:\\laragon\\www\\disnakerci4\\app\\Views\\frontend\\berita.php')
 3 SYSTEMPATH\View\View.php(237): CodeIgniter\View\View->CodeIgniter\View\{closure}()
 4 SYSTEMPATH\Common.php(1171): CodeIgniter\View\View->render('frontend/berita', [], true)
 5 APPPATH\Controllers\Frontend.php(151): view('frontend/berita', [...])
 6 APPPATH\Controllers\Frontend.php(61): App\Controllers\Frontend->loadView('frontend/berita', [...])
 7 SYSTEMPATH\CodeIgniter.php(933): App\Controllers\Frontend->berita()
 8 SYSTEMPATH\CodeIgniter.php(509): CodeIgniter\CodeIgniter->runController(Object(App\Controllers\Frontend))
 9 SYSTEMPATH\CodeIgniter.php(355): CodeIgniter\CodeIgniter->handleRequest(null, Object(Config\Cache), false)
10 SYSTEMPATH\Boot.php(325): CodeIgniter\CodeIgniter->run()
11 SYSTEMPATH\Boot.php(67): CodeIgniter\Boot::runCodeIgniter(Object(CodeIgniter\CodeIgniter))
12 FCPATH\index.php(56): CodeIgniter\Boot::bootWeb(Object(Config\Paths))
CRITICAL - 2024-07-06 20:02:18 --> ErrorException: Undefined variable $max_2umur
[Method: GET, Route: /]
in APPPATH\Views\frontend\home.php on line 197.
 1 APPPATH\Views\frontend\home.php(197): CodeIgniter\Debug\Exceptions->errorHandler(2, 'Undefined variable $max_2umur', 'G:\\laragon\\www\\disnakerci4\\app\\Views\\frontend\\home.php', 197)
 2 SYSTEMPATH\View\View.php(234): include('G:\\laragon\\www\\disnakerci4\\app\\Views\\frontend\\home.php')
 3 SYSTEMPATH\View\View.php(237): CodeIgniter\View\View->CodeIgniter\View\{closure}()
 4 SYSTEMPATH\Common.php(1171): CodeIgniter\View\View->render('frontend/home', [], true)
 5 APPPATH\Controllers\Frontend.php(283): view('frontend/home', [...])
 6 APPPATH\Controllers\Frontend.php(35): App\Controllers\Frontend->loadView('frontend/home', [...])
 7 SYSTEMPATH\CodeIgniter.php(933): App\Controllers\Frontend->index()
 8 SYSTEMPATH\CodeIgniter.php(509): CodeIgniter\CodeIgniter->runController(Object(App\Controllers\Frontend))
 9 SYSTEMPATH\CodeIgniter.php(355): CodeIgniter\CodeIgniter->handleRequest(null, Object(Config\Cache), false)
10 SYSTEMPATH\Boot.php(325): CodeIgniter\CodeIgniter->run()
11 SYSTEMPATH\Boot.php(67): CodeIgniter\Boot::runCodeIgniter(Object(CodeIgniter\CodeIgniter))
12 FCPATH\index.php(56): CodeIgniter\Boot::bootWeb(Object(Config\Paths))
ERROR - 2024-07-06 21:47:54 --> mysqli_sql_exception: Unknown column 'email' in 'field list' in G:\laragon\www\disnakerci4\vendor\codeigniter4\framework\system\Database\MySQLi\Connection.php:312
Stack trace:
#0 G:\laragon\www\disnakerci4\vendor\codeigniter4\framework\system\Database\MySQLi\Connection.php(312): mysqli->query('INSERT INTO `pe...', 0)
#1 G:\laragon\www\disnakerci4\vendor\codeigniter4\framework\system\Database\BaseConnection.php(734): CodeIgniter\Database\MySQLi\Connection->execute('INSERT INTO `pe...')
#2 G:\laragon\www\disnakerci4\vendor\codeigniter4\framework\system\Database\BaseConnection.php(648): CodeIgniter\Database\BaseConnection->simpleQuery('INSERT INTO `pe...')
#3 G:\laragon\www\disnakerci4\vendor\codeigniter4\framework\system\Database\BaseBuilder.php(2332): CodeIgniter\Database\BaseConnection->query('INSERT INTO `pe...', Array, false)
#4 G:\laragon\www\disnakerci4\vendor\codeigniter4\framework\system\Model.php(394): CodeIgniter\Database\BaseBuilder->insert()
#5 G:\laragon\www\disnakerci4\vendor\codeigniter4\framework\system\BaseModel.php(840): CodeIgniter\Model->doInsert(Array)
#6 G:\laragon\www\disnakerci4\vendor\codeigniter4\framework\system\Model.php(802): CodeIgniter\BaseModel->insert(Array, true)
#7 G:\laragon\www\disnakerci4\app\Models\PencakerModel.php(29): CodeIgniter\Model->insert(Array)
#8 G:\laragon\www\disnakerci4\app\Controllers\Frontend.php(282): App\Models\PencakerModel->savePencaker(Array)
#9 G:\laragon\www\disnakerci4\vendor\codeigniter4\framework\system\CodeIgniter.php(933): App\Controllers\Frontend->save_registrasi_pencaker()
#10 G:\laragon\www\disnakerci4\vendor\codeigniter4\framework\system\CodeIgniter.php(509): CodeIgniter\CodeIgniter->runController(Object(App\Controllers\Frontend))
#11 G:\laragon\www\disnakerci4\vendor\codeigniter4\framework\system\CodeIgniter.php(355): CodeIgniter\CodeIgniter->handleRequest(NULL, Object(Config\Cache), false)
#12 G:\laragon\www\disnakerci4\vendor\codeigniter4\framework\system\Boot.php(325): CodeIgniter\CodeIgniter->run()
#13 G:\laragon\www\disnakerci4\vendor\codeigniter4\framework\system\Boot.php(67): CodeIgniter\Boot::runCodeIgniter(Object(CodeIgniter\CodeIgniter))
#14 G:\laragon\www\disnakerci4\public\index.php(56): CodeIgniter\Boot::bootWeb(Object(Config\Paths))
#15 {main}
CRITICAL - 2024-07-06 21:47:54 --> CodeIgniter\Database\Exceptions\DatabaseException: Unknown column 'email' in 'field list'
[Method: POST, Route: save_registrasi_pencaker]
in SYSTEMPATH\Database\BaseConnection.php on line 688.
 1 SYSTEMPATH\Database\BaseBuilder.php(2332): CodeIgniter\Database\BaseConnection->query('INSERT INTO `pencaker` (`namalengkap`, `nik`, `email`, `nohp`, `password`) VALUES (:namalengkap:, :nik:, :email:, :nohp:, :password:)', [...], false)
 2 SYSTEMPATH\Model.php(394): CodeIgniter\Database\BaseBuilder->insert()
 3 SYSTEMPATH\BaseModel.php(840): CodeIgniter\Model->doInsert([...])
 4 SYSTEMPATH\Model.php(802): CodeIgniter\BaseModel->insert([...], true)
 5 APPPATH\Models\PencakerModel.php(29): CodeIgniter\Model->insert([...])
 6 APPPATH\Controllers\Frontend.php(282): App\Models\PencakerModel->savePencaker([...])
 7 SYSTEMPATH\CodeIgniter.php(933): App\Controllers\Frontend->save_registrasi_pencaker()
 8 SYSTEMPATH\CodeIgniter.php(509): CodeIgniter\CodeIgniter->runController(Object(App\Controllers\Frontend))
 9 SYSTEMPATH\CodeIgniter.php(355): CodeIgniter\CodeIgniter->handleRequest(null, Object(Config\Cache), false)
10 SYSTEMPATH\Boot.php(325): CodeIgniter\CodeIgniter->run()
11 SYSTEMPATH\Boot.php(67): CodeIgniter\Boot::runCodeIgniter(Object(CodeIgniter\CodeIgniter))
12 FCPATH\index.php(56): CodeIgniter\Boot::bootWeb(Object(Config\Paths))
CRITICAL - 2024-07-06 21:47:54 --> [Caused by] CodeIgniter\Database\Exceptions\DatabaseException: Unknown column 'email' in 'field list'
in SYSTEMPATH\Database\MySQLi\Connection.php on line 317.
 1 SYSTEMPATH\Database\BaseConnection.php(734): CodeIgniter\Database\MySQLi\Connection->execute('INSERT INTO `pencaker` (`namalengkap`, `nik`, `email`, `nohp`, `password`) VALUES (\'Angkara Murka\', \'18454152\', \'email@nama.com\', \'0845711245\', \'123456\')')
 2 SYSTEMPATH\Database\BaseConnection.php(648): CodeIgniter\Database\BaseConnection->simpleQuery('INSERT INTO `pencaker` (`namalengkap`, `nik`, `email`, `nohp`, `password`) VALUES (\'Angkara Murka\', \'18454152\', \'email@nama.com\', \'0845711245\', \'123456\')')
 3 SYSTEMPATH\Database\BaseBuilder.php(2332): CodeIgniter\Database\BaseConnection->query('INSERT INTO `pencaker` (`namalengkap`, `nik`, `email`, `nohp`, `password`) VALUES (:namalengkap:, :nik:, :email:, :nohp:, :password:)', [...], false)
 4 SYSTEMPATH\Model.php(394): CodeIgniter\Database\BaseBuilder->insert()
 5 SYSTEMPATH\BaseModel.php(840): CodeIgniter\Model->doInsert([...])
 6 SYSTEMPATH\Model.php(802): CodeIgniter\BaseModel->insert([...], true)
 7 APPPATH\Models\PencakerModel.php(29): CodeIgniter\Model->insert([...])
 8 APPPATH\Controllers\Frontend.php(282): App\Models\PencakerModel->savePencaker([...])
 9 SYSTEMPATH\CodeIgniter.php(933): App\Controllers\Frontend->save_registrasi_pencaker()
10 SYSTEMPATH\CodeIgniter.php(509): CodeIgniter\CodeIgniter->runController(Object(App\Controllers\Frontend))
11 SYSTEMPATH\CodeIgniter.php(355): CodeIgniter\CodeIgniter->handleRequest(null, Object(Config\Cache), false)
12 SYSTEMPATH\Boot.php(325): CodeIgniter\CodeIgniter->run()
13 SYSTEMPATH\Boot.php(67): CodeIgniter\Boot::runCodeIgniter(Object(CodeIgniter\CodeIgniter))
14 FCPATH\index.php(56): CodeIgniter\Boot::bootWeb(Object(Config\Paths))
CRITICAL - 2024-07-06 21:47:54 --> [Caused by] mysqli_sql_exception: Unknown column 'email' in 'field list'
in SYSTEMPATH\Database\MySQLi\Connection.php on line 312.
 1 SYSTEMPATH\Database\MySQLi\Connection.php(312): mysqli->query('INSERT INTO `pencaker` (`namalengkap`, `nik`, `email`, `nohp`, `password`) VALUES (\'Angkara Murka\', \'18454152\', \'email@nama.com\', \'0845711245\', \'123456\')', 0)
 2 SYSTEMPATH\Database\BaseConnection.php(734): CodeIgniter\Database\MySQLi\Connection->execute('INSERT INTO `pencaker` (`namalengkap`, `nik`, `email`, `nohp`, `password`) VALUES (\'Angkara Murka\', \'18454152\', \'email@nama.com\', \'0845711245\', \'123456\')')
 3 SYSTEMPATH\Database\BaseConnection.php(648): CodeIgniter\Database\BaseConnection->simpleQuery('INSERT INTO `pencaker` (`namalengkap`, `nik`, `email`, `nohp`, `password`) VALUES (\'Angkara Murka\', \'18454152\', \'email@nama.com\', \'0845711245\', \'123456\')')
 4 SYSTEMPATH\Database\BaseBuilder.php(2332): CodeIgniter\Database\BaseConnection->query('INSERT INTO `pencaker` (`namalengkap`, `nik`, `email`, `nohp`, `password`) VALUES (:namalengkap:, :nik:, :email:, :nohp:, :password:)', [...], false)
 5 SYSTEMPATH\Model.php(394): CodeIgniter\Database\BaseBuilder->insert()
 6 SYSTEMPATH\BaseModel.php(840): CodeIgniter\Model->doInsert([...])
 7 SYSTEMPATH\Model.php(802): CodeIgniter\BaseModel->insert([...], true)
 8 APPPATH\Models\PencakerModel.php(29): CodeIgniter\Model->insert([...])
 9 APPPATH\Controllers\Frontend.php(282): App\Models\PencakerModel->savePencaker([...])
10 SYSTEMPATH\CodeIgniter.php(933): App\Controllers\Frontend->save_registrasi_pencaker()
11 SYSTEMPATH\CodeIgniter.php(509): CodeIgniter\CodeIgniter->runController(Object(App\Controllers\Frontend))
12 SYSTEMPATH\CodeIgniter.php(355): CodeIgniter\CodeIgniter->handleRequest(null, Object(Config\Cache), false)
13 SYSTEMPATH\Boot.php(325): CodeIgniter\CodeIgniter->run()
14 SYSTEMPATH\Boot.php(67): CodeIgniter\Boot::runCodeIgniter(Object(CodeIgniter\CodeIgniter))
15 FCPATH\index.php(56): CodeIgniter\Boot::bootWeb(Object(Config\Paths))
ERROR - 2024-07-06 22:02:46 --> mysqli_sql_exception: Unknown column 'email' in 'field list' in G:\laragon\www\disnakerci4\vendor\codeigniter4\framework\system\Database\MySQLi\Connection.php:312
Stack trace:
#0 G:\laragon\www\disnakerci4\vendor\codeigniter4\framework\system\Database\MySQLi\Connection.php(312): mysqli->query('INSERT INTO `pe...', 0)
#1 G:\laragon\www\disnakerci4\vendor\codeigniter4\framework\system\Database\BaseConnection.php(734): CodeIgniter\Database\MySQLi\Connection->execute('INSERT INTO `pe...')
#2 G:\laragon\www\disnakerci4\vendor\codeigniter4\framework\system\Database\BaseConnection.php(648): CodeIgniter\Database\BaseConnection->simpleQuery('INSERT INTO `pe...')
#3 G:\laragon\www\disnakerci4\vendor\codeigniter4\framework\system\Database\BaseBuilder.php(2332): CodeIgniter\Database\BaseConnection->query('INSERT INTO `pe...', Array, false)
#4 G:\laragon\www\disnakerci4\vendor\codeigniter4\framework\system\Model.php(394): CodeIgniter\Database\BaseBuilder->insert()
#5 G:\laragon\www\disnakerci4\vendor\codeigniter4\framework\system\BaseModel.php(840): CodeIgniter\Model->doInsert(Array)
#6 G:\laragon\www\disnakerci4\vendor\codeigniter4\framework\system\Model.php(802): CodeIgniter\BaseModel->insert(Array, true)
#7 G:\laragon\www\disnakerci4\app\Models\PencakerModel.php(29): CodeIgniter\Model->insert(Array)
#8 G:\laragon\www\disnakerci4\app\Controllers\Frontend.php(281): App\Models\PencakerModel->savePencaker(Array)
#9 G:\laragon\www\disnakerci4\vendor\codeigniter4\framework\system\CodeIgniter.php(933): App\Controllers\Frontend->saveData()
#10 G:\laragon\www\disnakerci4\vendor\codeigniter4\framework\system\CodeIgniter.php(509): CodeIgniter\CodeIgniter->runController(Object(App\Controllers\Frontend))
#11 G:\laragon\www\disnakerci4\vendor\codeigniter4\framework\system\CodeIgniter.php(355): CodeIgniter\CodeIgniter->handleRequest(NULL, Object(Config\Cache), false)
#12 G:\laragon\www\disnakerci4\vendor\codeigniter4\framework\system\Boot.php(325): CodeIgniter\CodeIgniter->run()
#13 G:\laragon\www\disnakerci4\vendor\codeigniter4\framework\system\Boot.php(67): CodeIgniter\Boot::runCodeIgniter(Object(CodeIgniter\CodeIgniter))
#14 G:\laragon\www\disnakerci4\public\index.php(56): CodeIgniter\Boot::bootWeb(Object(Config\Paths))
#15 {main}
CRITICAL - 2024-07-06 22:02:46 --> CodeIgniter\Database\Exceptions\DatabaseException: Unknown column 'email' in 'field list'
[Method: POST, Route: frontend/saveData]
in SYSTEMPATH\Database\BaseConnection.php on line 688.
 1 SYSTEMPATH\Database\BaseBuilder.php(2332): CodeIgniter\Database\BaseConnection->query('INSERT INTO `pencaker` (`nik`, `email`, `password`) VALUES (:nik:, :email:, :password:)', [...], false)
 2 SYSTEMPATH\Model.php(394): CodeIgniter\Database\BaseBuilder->insert()
 3 SYSTEMPATH\BaseModel.php(840): CodeIgniter\Model->doInsert([...])
 4 SYSTEMPATH\Model.php(802): CodeIgniter\BaseModel->insert([...], true)
 5 APPPATH\Models\PencakerModel.php(29): CodeIgniter\Model->insert([...])
 6 APPPATH\Controllers\Frontend.php(281): App\Models\PencakerModel->savePencaker([...])
 7 SYSTEMPATH\CodeIgniter.php(933): App\Controllers\Frontend->saveData()
 8 SYSTEMPATH\CodeIgniter.php(509): CodeIgniter\CodeIgniter->runController(Object(App\Controllers\Frontend))
 9 SYSTEMPATH\CodeIgniter.php(355): CodeIgniter\CodeIgniter->handleRequest(null, Object(Config\Cache), false)
10 SYSTEMPATH\Boot.php(325): CodeIgniter\CodeIgniter->run()
11 SYSTEMPATH\Boot.php(67): CodeIgniter\Boot::runCodeIgniter(Object(CodeIgniter\CodeIgniter))
12 FCPATH\index.php(56): CodeIgniter\Boot::bootWeb(Object(Config\Paths))
CRITICAL - 2024-07-06 22:02:46 --> [Caused by] CodeIgniter\Database\Exceptions\DatabaseException: Unknown column 'email' in 'field list'
in SYSTEMPATH\Database\MySQLi\Connection.php on line 317.
 1 SYSTEMPATH\Database\BaseConnection.php(734): CodeIgniter\Database\MySQLi\Connection->execute('INSERT INTO `pencaker` (`nik`, `email`, `password`) VALUES (\'123e32\', \'emailsaja@gmail.com\', \'$2y$10$ivATRGGqyjYhSAroiHHNEO7dSwUhW2W/iTB.IhNQJXXsV8yTOvsdK\')')
 2 SYSTEMPATH\Database\BaseConnection.php(648): CodeIgniter\Database\BaseConnection->simpleQuery('INSERT INTO `pencaker` (`nik`, `email`, `password`) VALUES (\'123e32\', \'emailsaja@gmail.com\', \'$2y$10$ivATRGGqyjYhSAroiHHNEO7dSwUhW2W/iTB.IhNQJXXsV8yTOvsdK\')')
 3 SYSTEMPATH\Database\BaseBuilder.php(2332): CodeIgniter\Database\BaseConnection->query('INSERT INTO `pencaker` (`nik`, `email`, `password`) VALUES (:nik:, :email:, :password:)', [...], false)
 4 SYSTEMPATH\Model.php(394): CodeIgniter\Database\BaseBuilder->insert()
 5 SYSTEMPATH\BaseModel.php(840): CodeIgniter\Model->doInsert([...])
 6 SYSTEMPATH\Model.php(802): CodeIgniter\BaseModel->insert([...], true)
 7 APPPATH\Models\PencakerModel.php(29): CodeIgniter\Model->insert([...])
 8 APPPATH\Controllers\Frontend.php(281): App\Models\PencakerModel->savePencaker([...])
 9 SYSTEMPATH\CodeIgniter.php(933): App\Controllers\Frontend->saveData()
10 SYSTEMPATH\CodeIgniter.php(509): CodeIgniter\CodeIgniter->runController(Object(App\Controllers\Frontend))
11 SYSTEMPATH\CodeIgniter.php(355): CodeIgniter\CodeIgniter->handleRequest(null, Object(Config\Cache), false)
12 SYSTEMPATH\Boot.php(325): CodeIgniter\CodeIgniter->run()
13 SYSTEMPATH\Boot.php(67): CodeIgniter\Boot::runCodeIgniter(Object(CodeIgniter\CodeIgniter))
14 FCPATH\index.php(56): CodeIgniter\Boot::bootWeb(Object(Config\Paths))
CRITICAL - 2024-07-06 22:02:46 --> [Caused by] mysqli_sql_exception: Unknown column 'email' in 'field list'
in SYSTEMPATH\Database\MySQLi\Connection.php on line 312.
 1 SYSTEMPATH\Database\MySQLi\Connection.php(312): mysqli->query('INSERT INTO `pencaker` (`nik`, `email`, `password`) VALUES (\'123e32\', \'emailsaja@gmail.com\', \'$2y$10$ivATRGGqyjYhSAroiHHNEO7dSwUhW2W/iTB.IhNQJXXsV8yTOvsdK\')', 0)
 2 SYSTEMPATH\Database\BaseConnection.php(734): CodeIgniter\Database\MySQLi\Connection->execute('INSERT INTO `pencaker` (`nik`, `email`, `password`) VALUES (\'123e32\', \'emailsaja@gmail.com\', \'$2y$10$ivATRGGqyjYhSAroiHHNEO7dSwUhW2W/iTB.IhNQJXXsV8yTOvsdK\')')
 3 SYSTEMPATH\Database\BaseConnection.php(648): CodeIgniter\Database\BaseConnection->simpleQuery('INSERT INTO `pencaker` (`nik`, `email`, `password`) VALUES (\'123e32\', \'emailsaja@gmail.com\', \'$2y$10$ivATRGGqyjYhSAroiHHNEO7dSwUhW2W/iTB.IhNQJXXsV8yTOvsdK\')')
 4 SYSTEMPATH\Database\BaseBuilder.php(2332): CodeIgniter\Database\BaseConnection->query('INSERT INTO `pencaker` (`nik`, `email`, `password`) VALUES (:nik:, :email:, :password:)', [...], false)
 5 SYSTEMPATH\Model.php(394): CodeIgniter\Database\BaseBuilder->insert()
 6 SYSTEMPATH\BaseModel.php(840): CodeIgniter\Model->doInsert([...])
 7 SYSTEMPATH\Model.php(802): CodeIgniter\BaseModel->insert([...], true)
 8 APPPATH\Models\PencakerModel.php(29): CodeIgniter\Model->insert([...])
 9 APPPATH\Controllers\Frontend.php(281): App\Models\PencakerModel->savePencaker([...])
10 SYSTEMPATH\CodeIgniter.php(933): App\Controllers\Frontend->saveData()
11 SYSTEMPATH\CodeIgniter.php(509): CodeIgniter\CodeIgniter->runController(Object(App\Controllers\Frontend))
12 SYSTEMPATH\CodeIgniter.php(355): CodeIgniter\CodeIgniter->handleRequest(null, Object(Config\Cache), false)
13 SYSTEMPATH\Boot.php(325): CodeIgniter\CodeIgniter->run()
14 SYSTEMPATH\Boot.php(67): CodeIgniter\Boot::runCodeIgniter(Object(CodeIgniter\CodeIgniter))
15 FCPATH\index.php(56): CodeIgniter\Boot::bootWeb(Object(Config\Paths))
ERROR - 2024-07-06 22:04:27 --> mysqli_sql_exception: Unknown column 'password' in 'field list' in G:\laragon\www\disnakerci4\vendor\codeigniter4\framework\system\Database\MySQLi\Connection.php:312
Stack trace:
#0 G:\laragon\www\disnakerci4\vendor\codeigniter4\framework\system\Database\MySQLi\Connection.php(312): mysqli->query('INSERT INTO `pe...', 0)
#1 G:\laragon\www\disnakerci4\vendor\codeigniter4\framework\system\Database\BaseConnection.php(734): CodeIgniter\Database\MySQLi\Connection->execute('INSERT INTO `pe...')
#2 G:\laragon\www\disnakerci4\vendor\codeigniter4\framework\system\Database\BaseConnection.php(648): CodeIgniter\Database\BaseConnection->simpleQuery('INSERT INTO `pe...')
#3 G:\laragon\www\disnakerci4\vendor\codeigniter4\framework\system\Database\BaseBuilder.php(2332): CodeIgniter\Database\BaseConnection->query('INSERT INTO `pe...', Array, false)
#4 G:\laragon\www\disnakerci4\vendor\codeigniter4\framework\system\Model.php(394): CodeIgniter\Database\BaseBuilder->insert()
#5 G:\laragon\www\disnakerci4\vendor\codeigniter4\framework\system\BaseModel.php(840): CodeIgniter\Model->doInsert(Array)
#6 G:\laragon\www\disnakerci4\vendor\codeigniter4\framework\system\Model.php(802): CodeIgniter\BaseModel->insert(Array, true)
#7 G:\laragon\www\disnakerci4\app\Models\PencakerModel.php(29): CodeIgniter\Model->insert(Array)
#8 G:\laragon\www\disnakerci4\app\Controllers\Frontend.php(281): App\Models\PencakerModel->savePencaker(Array)
#9 G:\laragon\www\disnakerci4\vendor\codeigniter4\framework\system\CodeIgniter.php(933): App\Controllers\Frontend->saveData()
#10 G:\laragon\www\disnakerci4\vendor\codeigniter4\framework\system\CodeIgniter.php(509): CodeIgniter\CodeIgniter->runController(Object(App\Controllers\Frontend))
#11 G:\laragon\www\disnakerci4\vendor\codeigniter4\framework\system\CodeIgniter.php(355): CodeIgniter\CodeIgniter->handleRequest(NULL, Object(Config\Cache), false)
#12 G:\laragon\www\disnakerci4\vendor\codeigniter4\framework\system\Boot.php(325): CodeIgniter\CodeIgniter->run()
#13 G:\laragon\www\disnakerci4\vendor\codeigniter4\framework\system\Boot.php(67): CodeIgniter\Boot::runCodeIgniter(Object(CodeIgniter\CodeIgniter))
#14 G:\laragon\www\disnakerci4\public\index.php(56): CodeIgniter\Boot::bootWeb(Object(Config\Paths))
#15 {main}
CRITICAL - 2024-07-06 22:04:27 --> CodeIgniter\Database\Exceptions\DatabaseException: Unknown column 'password' in 'field list'
[Method: POST, Route: frontend/saveData]
in SYSTEMPATH\Database\BaseConnection.php on line 688.
 1 SYSTEMPATH\Database\BaseBuilder.php(2332): CodeIgniter\Database\BaseConnection->query('INSERT INTO `pencaker` (`nik`, `password`) VALUES (:nik:, :password:)', [...], false)
 2 SYSTEMPATH\Model.php(394): CodeIgniter\Database\BaseBuilder->insert()
 3 SYSTEMPATH\BaseModel.php(840): CodeIgniter\Model->doInsert([...])
 4 SYSTEMPATH\Model.php(802): CodeIgniter\BaseModel->insert([...], true)
 5 APPPATH\Models\PencakerModel.php(29): CodeIgniter\Model->insert([...])
 6 APPPATH\Controllers\Frontend.php(281): App\Models\PencakerModel->savePencaker([...])
 7 SYSTEMPATH\CodeIgniter.php(933): App\Controllers\Frontend->saveData()
 8 SYSTEMPATH\CodeIgniter.php(509): CodeIgniter\CodeIgniter->runController(Object(App\Controllers\Frontend))
 9 SYSTEMPATH\CodeIgniter.php(355): CodeIgniter\CodeIgniter->handleRequest(null, Object(Config\Cache), false)
10 SYSTEMPATH\Boot.php(325): CodeIgniter\CodeIgniter->run()
11 SYSTEMPATH\Boot.php(67): CodeIgniter\Boot::runCodeIgniter(Object(CodeIgniter\CodeIgniter))
12 FCPATH\index.php(56): CodeIgniter\Boot::bootWeb(Object(Config\Paths))
CRITICAL - 2024-07-06 22:04:27 --> [Caused by] CodeIgniter\Database\Exceptions\DatabaseException: Unknown column 'password' in 'field list'
in SYSTEMPATH\Database\MySQLi\Connection.php on line 317.
 1 SYSTEMPATH\Database\BaseConnection.php(734): CodeIgniter\Database\MySQLi\Connection->execute('INSERT INTO `pencaker` (`nik`, `password`) VALUES (\'2143\', \'$2y$10$dDMURPacgVFJpyMDmElAJOUiM6DwoG19NCVJYhiQHun6mz5AWirZG\')')
 2 SYSTEMPATH\Database\BaseConnection.php(648): CodeIgniter\Database\BaseConnection->simpleQuery('INSERT INTO `pencaker` (`nik`, `password`) VALUES (\'2143\', \'$2y$10$dDMURPacgVFJpyMDmElAJOUiM6DwoG19NCVJYhiQHun6mz5AWirZG\')')
 3 SYSTEMPATH\Database\BaseBuilder.php(2332): CodeIgniter\Database\BaseConnection->query('INSERT INTO `pencaker` (`nik`, `password`) VALUES (:nik:, :password:)', [...], false)
 4 SYSTEMPATH\Model.php(394): CodeIgniter\Database\BaseBuilder->insert()
 5 SYSTEMPATH\BaseModel.php(840): CodeIgniter\Model->doInsert([...])
 6 SYSTEMPATH\Model.php(802): CodeIgniter\BaseModel->insert([...], true)
 7 APPPATH\Models\PencakerModel.php(29): CodeIgniter\Model->insert([...])
 8 APPPATH\Controllers\Frontend.php(281): App\Models\PencakerModel->savePencaker([...])
 9 SYSTEMPATH\CodeIgniter.php(933): App\Controllers\Frontend->saveData()
10 SYSTEMPATH\CodeIgniter.php(509): CodeIgniter\CodeIgniter->runController(Object(App\Controllers\Frontend))
11 SYSTEMPATH\CodeIgniter.php(355): CodeIgniter\CodeIgniter->handleRequest(null, Object(Config\Cache), false)
12 SYSTEMPATH\Boot.php(325): CodeIgniter\CodeIgniter->run()
13 SYSTEMPATH\Boot.php(67): CodeIgniter\Boot::runCodeIgniter(Object(CodeIgniter\CodeIgniter))
14 FCPATH\index.php(56): CodeIgniter\Boot::bootWeb(Object(Config\Paths))
CRITICAL - 2024-07-06 22:04:27 --> [Caused by] mysqli_sql_exception: Unknown column 'password' in 'field list'
in SYSTEMPATH\Database\MySQLi\Connection.php on line 312.
 1 SYSTEMPATH\Database\MySQLi\Connection.php(312): mysqli->query('INSERT INTO `pencaker` (`nik`, `password`) VALUES (\'2143\', \'$2y$10$dDMURPacgVFJpyMDmElAJOUiM6DwoG19NCVJYhiQHun6mz5AWirZG\')', 0)
 2 SYSTEMPATH\Database\BaseConnection.php(734): CodeIgniter\Database\MySQLi\Connection->execute('INSERT INTO `pencaker` (`nik`, `password`) VALUES (\'2143\', \'$2y$10$dDMURPacgVFJpyMDmElAJOUiM6DwoG19NCVJYhiQHun6mz5AWirZG\')')
 3 SYSTEMPATH\Database\BaseConnection.php(648): CodeIgniter\Database\BaseConnection->simpleQuery('INSERT INTO `pencaker` (`nik`, `password`) VALUES (\'2143\', \'$2y$10$dDMURPacgVFJpyMDmElAJOUiM6DwoG19NCVJYhiQHun6mz5AWirZG\')')
 4 SYSTEMPATH\Database\BaseBuilder.php(2332): CodeIgniter\Database\BaseConnection->query('INSERT INTO `pencaker` (`nik`, `password`) VALUES (:nik:, :password:)', [...], false)
 5 SYSTEMPATH\Model.php(394): CodeIgniter\Database\BaseBuilder->insert()
 6 SYSTEMPATH\BaseModel.php(840): CodeIgniter\Model->doInsert([...])
 7 SYSTEMPATH\Model.php(802): CodeIgniter\BaseModel->insert([...], true)
 8 APPPATH\Models\PencakerModel.php(29): CodeIgniter\Model->insert([...])
 9 APPPATH\Controllers\Frontend.php(281): App\Models\PencakerModel->savePencaker([...])
10 SYSTEMPATH\CodeIgniter.php(933): App\Controllers\Frontend->saveData()
11 SYSTEMPATH\CodeIgniter.php(509): CodeIgniter\CodeIgniter->runController(Object(App\Controllers\Frontend))
12 SYSTEMPATH\CodeIgniter.php(355): CodeIgniter\CodeIgniter->handleRequest(null, Object(Config\Cache), false)
13 SYSTEMPATH\Boot.php(325): CodeIgniter\CodeIgniter->run()
14 SYSTEMPATH\Boot.php(67): CodeIgniter\Boot::runCodeIgniter(Object(CodeIgniter\CodeIgniter))
15 FCPATH\index.php(56): CodeIgniter\Boot::bootWeb(Object(Config\Paths))
ERROR - 2024-07-06 22:05:40 --> mysqli_sql_exception: Cannot add or update a child row: a foreign key constraint fails (`db_disnakerci4`.`pencaker`, CONSTRAINT `fk_pencaker_users1` FOREIGN KEY (`users_id`) REFERENCES `users` (`id`)) in G:\laragon\www\disnakerci4\vendor\codeigniter4\framework\system\Database\MySQLi\Connection.php:312
Stack trace:
#0 G:\laragon\www\disnakerci4\vendor\codeigniter4\framework\system\Database\MySQLi\Connection.php(312): mysqli->query('INSERT INTO `pe...', 0)
#1 G:\laragon\www\disnakerci4\vendor\codeigniter4\framework\system\Database\BaseConnection.php(734): CodeIgniter\Database\MySQLi\Connection->execute('INSERT INTO `pe...')
#2 G:\laragon\www\disnakerci4\vendor\codeigniter4\framework\system\Database\BaseConnection.php(648): CodeIgniter\Database\BaseConnection->simpleQuery('INSERT INTO `pe...')
#3 G:\laragon\www\disnakerci4\vendor\codeigniter4\framework\system\Database\BaseBuilder.php(2332): CodeIgniter\Database\BaseConnection->query('INSERT INTO `pe...', Array, false)
#4 G:\laragon\www\disnakerci4\vendor\codeigniter4\framework\system\Model.php(394): CodeIgniter\Database\BaseBuilder->insert()
#5 G:\laragon\www\disnakerci4\vendor\codeigniter4\framework\system\BaseModel.php(840): CodeIgniter\Model->doInsert(Array)
#6 G:\laragon\www\disnakerci4\vendor\codeigniter4\framework\system\Model.php(802): CodeIgniter\BaseModel->insert(Array, true)
#7 G:\laragon\www\disnakerci4\app\Models\PencakerModel.php(29): CodeIgniter\Model->insert(Array)
#8 G:\laragon\www\disnakerci4\app\Controllers\Frontend.php(281): App\Models\PencakerModel->savePencaker(Array)
#9 G:\laragon\www\disnakerci4\vendor\codeigniter4\framework\system\CodeIgniter.php(933): App\Controllers\Frontend->saveData()
#10 G:\laragon\www\disnakerci4\vendor\codeigniter4\framework\system\CodeIgniter.php(509): CodeIgniter\CodeIgniter->runController(Object(App\Controllers\Frontend))
#11 G:\laragon\www\disnakerci4\vendor\codeigniter4\framework\system\CodeIgniter.php(355): CodeIgniter\CodeIgniter->handleRequest(NULL, Object(Config\Cache), false)
#12 G:\laragon\www\disnakerci4\vendor\codeigniter4\framework\system\Boot.php(325): CodeIgniter\CodeIgniter->run()
#13 G:\laragon\www\disnakerci4\vendor\codeigniter4\framework\system\Boot.php(67): CodeIgniter\Boot::runCodeIgniter(Object(CodeIgniter\CodeIgniter))
#14 G:\laragon\www\disnakerci4\public\index.php(56): CodeIgniter\Boot::bootWeb(Object(Config\Paths))
#15 {main}
CRITICAL - 2024-07-06 22:05:40 --> CodeIgniter\Database\Exceptions\DatabaseException: Cannot add or update a child row: a foreign key constraint fails (`db_disnakerci4`.`pencaker`, CONSTRAINT `fk_pencaker_users1` FOREIGN KEY (`users_id`) REFERENCES `users` (`id`))
[Method: POST, Route: frontend/saveData]
in SYSTEMPATH\Database\BaseConnection.php on line 688.
 1 SYSTEMPATH\Database\BaseBuilder.php(2332): CodeIgniter\Database\BaseConnection->query('INSERT INTO `pencaker` (`nik`) VALUES (:nik:)', [...], false)
 2 SYSTEMPATH\Model.php(394): CodeIgniter\Database\BaseBuilder->insert()
 3 SYSTEMPATH\BaseModel.php(840): CodeIgniter\Model->doInsert([...])
 4 SYSTEMPATH\Model.php(802): CodeIgniter\BaseModel->insert([...], true)
 5 APPPATH\Models\PencakerModel.php(29): CodeIgniter\Model->insert([...])
 6 APPPATH\Controllers\Frontend.php(281): App\Models\PencakerModel->savePencaker([...])
 7 SYSTEMPATH\CodeIgniter.php(933): App\Controllers\Frontend->saveData()
 8 SYSTEMPATH\CodeIgniter.php(509): CodeIgniter\CodeIgniter->runController(Object(App\Controllers\Frontend))
 9 SYSTEMPATH\CodeIgniter.php(355): CodeIgniter\CodeIgniter->handleRequest(null, Object(Config\Cache), false)
10 SYSTEMPATH\Boot.php(325): CodeIgniter\CodeIgniter->run()
11 SYSTEMPATH\Boot.php(67): CodeIgniter\Boot::runCodeIgniter(Object(CodeIgniter\CodeIgniter))
12 FCPATH\index.php(56): CodeIgniter\Boot::bootWeb(Object(Config\Paths))
CRITICAL - 2024-07-06 22:05:40 --> [Caused by] CodeIgniter\Database\Exceptions\DatabaseException: Cannot add or update a child row: a foreign key constraint fails (`db_disnakerci4`.`pencaker`, CONSTRAINT `fk_pencaker_users1` FOREIGN KEY (`users_id`) REFERENCES `users` (`id`))
in SYSTEMPATH\Database\MySQLi\Connection.php on line 317.
 1 SYSTEMPATH\Database\BaseConnection.php(734): CodeIgniter\Database\MySQLi\Connection->execute('INSERT INTO `pencaker` (`nik`) VALUES (\'6763445646\')')
 2 SYSTEMPATH\Database\BaseConnection.php(648): CodeIgniter\Database\BaseConnection->simpleQuery('INSERT INTO `pencaker` (`nik`) VALUES (\'6763445646\')')
 3 SYSTEMPATH\Database\BaseBuilder.php(2332): CodeIgniter\Database\BaseConnection->query('INSERT INTO `pencaker` (`nik`) VALUES (:nik:)', [...], false)
 4 SYSTEMPATH\Model.php(394): CodeIgniter\Database\BaseBuilder->insert()
 5 SYSTEMPATH\BaseModel.php(840): CodeIgniter\Model->doInsert([...])
 6 SYSTEMPATH\Model.php(802): CodeIgniter\BaseModel->insert([...], true)
 7 APPPATH\Models\PencakerModel.php(29): CodeIgniter\Model->insert([...])
 8 APPPATH\Controllers\Frontend.php(281): App\Models\PencakerModel->savePencaker([...])
 9 SYSTEMPATH\CodeIgniter.php(933): App\Controllers\Frontend->saveData()
10 SYSTEMPATH\CodeIgniter.php(509): CodeIgniter\CodeIgniter->runController(Object(App\Controllers\Frontend))
11 SYSTEMPATH\CodeIgniter.php(355): CodeIgniter\CodeIgniter->handleRequest(null, Object(Config\Cache), false)
12 SYSTEMPATH\Boot.php(325): CodeIgniter\CodeIgniter->run()
13 SYSTEMPATH\Boot.php(67): CodeIgniter\Boot::runCodeIgniter(Object(CodeIgniter\CodeIgniter))
14 FCPATH\index.php(56): CodeIgniter\Boot::bootWeb(Object(Config\Paths))
CRITICAL - 2024-07-06 22:05:40 --> [Caused by] mysqli_sql_exception: Cannot add or update a child row: a foreign key constraint fails (`db_disnakerci4`.`pencaker`, CONSTRAINT `fk_pencaker_users1` FOREIGN KEY (`users_id`) REFERENCES `users` (`id`))
in SYSTEMPATH\Database\MySQLi\Connection.php on line 312.
 1 SYSTEMPATH\Database\MySQLi\Connection.php(312): mysqli->query('INSERT INTO `pencaker` (`nik`) VALUES (\'6763445646\')', 0)
 2 SYSTEMPATH\Database\BaseConnection.php(734): CodeIgniter\Database\MySQLi\Connection->execute('INSERT INTO `pencaker` (`nik`) VALUES (\'6763445646\')')
 3 SYSTEMPATH\Database\BaseConnection.php(648): CodeIgniter\Database\BaseConnection->simpleQuery('INSERT INTO `pencaker` (`nik`) VALUES (\'6763445646\')')
 4 SYSTEMPATH\Database\BaseBuilder.php(2332): CodeIgniter\Database\BaseConnection->query('INSERT INTO `pencaker` (`nik`) VALUES (:nik:)', [...], false)
 5 SYSTEMPATH\Model.php(394): CodeIgniter\Database\BaseBuilder->insert()
 6 SYSTEMPATH\BaseModel.php(840): CodeIgniter\Model->doInsert([...])
 7 SYSTEMPATH\Model.php(802): CodeIgniter\BaseModel->insert([...], true)
 8 APPPATH\Models\PencakerModel.php(29): CodeIgniter\Model->insert([...])
 9 APPPATH\Controllers\Frontend.php(281): App\Models\PencakerModel->savePencaker([...])
10 SYSTEMPATH\CodeIgniter.php(933): App\Controllers\Frontend->saveData()
11 SYSTEMPATH\CodeIgniter.php(509): CodeIgniter\CodeIgniter->runController(Object(App\Controllers\Frontend))
12 SYSTEMPATH\CodeIgniter.php(355): CodeIgniter\CodeIgniter->handleRequest(null, Object(Config\Cache), false)
13 SYSTEMPATH\Boot.php(325): CodeIgniter\CodeIgniter->run()
14 SYSTEMPATH\Boot.php(67): CodeIgniter\Boot::runCodeIgniter(Object(CodeIgniter\CodeIgniter))
15 FCPATH\index.php(56): CodeIgniter\Boot::bootWeb(Object(Config\Paths))
ERROR - 2024-07-06 22:08:43 --> mysqli_sql_exception: Cannot add or update a child row: a foreign key constraint fails (`db_disnakerci4`.`pencaker`, CONSTRAINT `fk_pencaker_users1` FOREIGN KEY (`users_id`) REFERENCES `users` (`id`)) in G:\laragon\www\disnakerci4\vendor\codeigniter4\framework\system\Database\MySQLi\Connection.php:312
Stack trace:
#0 G:\laragon\www\disnakerci4\vendor\codeigniter4\framework\system\Database\MySQLi\Connection.php(312): mysqli->query('INSERT INTO `pe...', 0)
#1 G:\laragon\www\disnakerci4\vendor\codeigniter4\framework\system\Database\BaseConnection.php(734): CodeIgniter\Database\MySQLi\Connection->execute('INSERT INTO `pe...')
#2 G:\laragon\www\disnakerci4\vendor\codeigniter4\framework\system\Database\BaseConnection.php(648): CodeIgniter\Database\BaseConnection->simpleQuery('INSERT INTO `pe...')
#3 G:\laragon\www\disnakerci4\vendor\codeigniter4\framework\system\Database\BaseBuilder.php(2332): CodeIgniter\Database\BaseConnection->query('INSERT INTO `pe...', Array, false)
#4 G:\laragon\www\disnakerci4\vendor\codeigniter4\framework\system\Model.php(394): CodeIgniter\Database\BaseBuilder->insert()
#5 G:\laragon\www\disnakerci4\vendor\codeigniter4\framework\system\BaseModel.php(840): CodeIgniter\Model->doInsert(Array)
#6 G:\laragon\www\disnakerci4\vendor\codeigniter4\framework\system\Model.php(802): CodeIgniter\BaseModel->insert(Array, true)
#7 G:\laragon\www\disnakerci4\app\Models\PencakerModel.php(29): CodeIgniter\Model->insert(Array)
#8 G:\laragon\www\disnakerci4\app\Controllers\Frontend.php(288): App\Models\PencakerModel->savePencaker(Array)
#9 G:\laragon\www\disnakerci4\vendor\codeigniter4\framework\system\CodeIgniter.php(933): App\Controllers\Frontend->saveData()
#10 G:\laragon\www\disnakerci4\vendor\codeigniter4\framework\system\CodeIgniter.php(509): CodeIgniter\CodeIgniter->runController(Object(App\Controllers\Frontend))
#11 G:\laragon\www\disnakerci4\vendor\codeigniter4\framework\system\CodeIgniter.php(355): CodeIgniter\CodeIgniter->handleRequest(NULL, Object(Config\Cache), false)
#12 G:\laragon\www\disnakerci4\vendor\codeigniter4\framework\system\Boot.php(325): CodeIgniter\CodeIgniter->run()
#13 G:\laragon\www\disnakerci4\vendor\codeigniter4\framework\system\Boot.php(67): CodeIgniter\Boot::runCodeIgniter(Object(CodeIgniter\CodeIgniter))
#14 G:\laragon\www\disnakerci4\public\index.php(56): CodeIgniter\Boot::bootWeb(Object(Config\Paths))
#15 {main}
CRITICAL - 2024-07-06 22:08:43 --> CodeIgniter\Database\Exceptions\DatabaseException: Cannot add or update a child row: a foreign key constraint fails (`db_disnakerci4`.`pencaker`, CONSTRAINT `fk_pencaker_users1` FOREIGN KEY (`users_id`) REFERENCES `users` (`id`))
[Method: POST, Route: frontend/saveData]
in SYSTEMPATH\Database\BaseConnection.php on line 688.
 1 SYSTEMPATH\Database\BaseBuilder.php(2332): CodeIgniter\Database\BaseConnection->query('INSERT INTO `pencaker` (`nik`) VALUES (:nik:)', [...], false)
 2 SYSTEMPATH\Model.php(394): CodeIgniter\Database\BaseBuilder->insert()
 3 SYSTEMPATH\BaseModel.php(840): CodeIgniter\Model->doInsert([...])
 4 SYSTEMPATH\Model.php(802): CodeIgniter\BaseModel->insert([...], true)
 5 APPPATH\Models\PencakerModel.php(29): CodeIgniter\Model->insert([...])
 6 APPPATH\Controllers\Frontend.php(288): App\Models\PencakerModel->savePencaker([...])
 7 SYSTEMPATH\CodeIgniter.php(933): App\Controllers\Frontend->saveData()
 8 SYSTEMPATH\CodeIgniter.php(509): CodeIgniter\CodeIgniter->runController(Object(App\Controllers\Frontend))
 9 SYSTEMPATH\CodeIgniter.php(355): CodeIgniter\CodeIgniter->handleRequest(null, Object(Config\Cache), false)
10 SYSTEMPATH\Boot.php(325): CodeIgniter\CodeIgniter->run()
11 SYSTEMPATH\Boot.php(67): CodeIgniter\Boot::runCodeIgniter(Object(CodeIgniter\CodeIgniter))
12 FCPATH\index.php(56): CodeIgniter\Boot::bootWeb(Object(Config\Paths))
CRITICAL - 2024-07-06 22:08:43 --> [Caused by] CodeIgniter\Database\Exceptions\DatabaseException: Cannot add or update a child row: a foreign key constraint fails (`db_disnakerci4`.`pencaker`, CONSTRAINT `fk_pencaker_users1` FOREIGN KEY (`users_id`) REFERENCES `users` (`id`))
in SYSTEMPATH\Database\MySQLi\Connection.php on line 317.
 1 SYSTEMPATH\Database\BaseConnection.php(734): CodeIgniter\Database\MySQLi\Connection->execute('INSERT INTO `pencaker` (`nik`) VALUES (\'32543\')')
 2 SYSTEMPATH\Database\BaseConnection.php(648): CodeIgniter\Database\BaseConnection->simpleQuery('INSERT INTO `pencaker` (`nik`) VALUES (\'32543\')')
 3 SYSTEMPATH\Database\BaseBuilder.php(2332): CodeIgniter\Database\BaseConnection->query('INSERT INTO `pencaker` (`nik`) VALUES (:nik:)', [...], false)
 4 SYSTEMPATH\Model.php(394): CodeIgniter\Database\BaseBuilder->insert()
 5 SYSTEMPATH\BaseModel.php(840): CodeIgniter\Model->doInsert([...])
 6 SYSTEMPATH\Model.php(802): CodeIgniter\BaseModel->insert([...], true)
 7 APPPATH\Models\PencakerModel.php(29): CodeIgniter\Model->insert([...])
 8 APPPATH\Controllers\Frontend.php(288): App\Models\PencakerModel->savePencaker([...])
 9 SYSTEMPATH\CodeIgniter.php(933): App\Controllers\Frontend->saveData()
10 SYSTEMPATH\CodeIgniter.php(509): CodeIgniter\CodeIgniter->runController(Object(App\Controllers\Frontend))
11 SYSTEMPATH\CodeIgniter.php(355): CodeIgniter\CodeIgniter->handleRequest(null, Object(Config\Cache), false)
12 SYSTEMPATH\Boot.php(325): CodeIgniter\CodeIgniter->run()
13 SYSTEMPATH\Boot.php(67): CodeIgniter\Boot::runCodeIgniter(Object(CodeIgniter\CodeIgniter))
14 FCPATH\index.php(56): CodeIgniter\Boot::bootWeb(Object(Config\Paths))
CRITICAL - 2024-07-06 22:08:43 --> [Caused by] mysqli_sql_exception: Cannot add or update a child row: a foreign key constraint fails (`db_disnakerci4`.`pencaker`, CONSTRAINT `fk_pencaker_users1` FOREIGN KEY (`users_id`) REFERENCES `users` (`id`))
in SYSTEMPATH\Database\MySQLi\Connection.php on line 312.
 1 SYSTEMPATH\Database\MySQLi\Connection.php(312): mysqli->query('INSERT INTO `pencaker` (`nik`) VALUES (\'32543\')', 0)
 2 SYSTEMPATH\Database\BaseConnection.php(734): CodeIgniter\Database\MySQLi\Connection->execute('INSERT INTO `pencaker` (`nik`) VALUES (\'32543\')')
 3 SYSTEMPATH\Database\BaseConnection.php(648): CodeIgniter\Database\BaseConnection->simpleQuery('INSERT INTO `pencaker` (`nik`) VALUES (\'32543\')')
 4 SYSTEMPATH\Database\BaseBuilder.php(2332): CodeIgniter\Database\BaseConnection->query('INSERT INTO `pencaker` (`nik`) VALUES (:nik:)', [...], false)
 5 SYSTEMPATH\Model.php(394): CodeIgniter\Database\BaseBuilder->insert()
 6 SYSTEMPATH\BaseModel.php(840): CodeIgniter\Model->doInsert([...])
 7 SYSTEMPATH\Model.php(802): CodeIgniter\BaseModel->insert([...], true)
 8 APPPATH\Models\PencakerModel.php(29): CodeIgniter\Model->insert([...])
 9 APPPATH\Controllers\Frontend.php(288): App\Models\PencakerModel->savePencaker([...])
10 SYSTEMPATH\CodeIgniter.php(933): App\Controllers\Frontend->saveData()
11 SYSTEMPATH\CodeIgniter.php(509): CodeIgniter\CodeIgniter->runController(Object(App\Controllers\Frontend))
12 SYSTEMPATH\CodeIgniter.php(355): CodeIgniter\CodeIgniter->handleRequest(null, Object(Config\Cache), false)
13 SYSTEMPATH\Boot.php(325): CodeIgniter\CodeIgniter->run()
14 SYSTEMPATH\Boot.php(67): CodeIgniter\Boot::runCodeIgniter(Object(CodeIgniter\CodeIgniter))
15 FCPATH\index.php(56): CodeIgniter\Boot::bootWeb(Object(Config\Paths))
